test_io_baseline: (g=0): rw=randread, bs=(R) 4096B-4096B, (W) 4096B-4096B, (T) 4096B-4096B, ioengine=io_uring, iodepth=32
...
fio-3.28
Starting 4 processes

test_io_baseline: (groupid=0, jobs=4): err= 0: pid=16319: Wed Apr 16 21:01:26 2025
  read: IOPS=11.9k, BW=46.5MiB/s (48.8MB/s)(233MiB/5012msec)
    slat (usec): min=2, max=209, avg= 5.98, stdev= 5.22
    clat (msec): min=2, max=138, avg=10.73, stdev= 6.45
     lat (msec): min=2, max=138, avg=10.73, stdev= 6.45
    clat percentiles (msec):
     |  1.00th=[    3],  5.00th=[    4], 10.00th=[    5], 20.00th=[    6],
     | 30.00th=[    7], 40.00th=[    9], 50.00th=[   11], 60.00th=[   12],
     | 70.00th=[   13], 80.00th=[   15], 90.00th=[   18], 95.00th=[   22],
     | 99.00th=[   30], 99.50th=[   43], 99.90th=[   68], 99.95th=[   79],
     | 99.99th=[  112]
   bw (  KiB/s): min=33328, max=55392, per=99.39%, avg=47359.73, stdev=2057.88, samples=39
   iops        : min= 8332, max=13848, avg=11839.93, stdev=514.47, samples=39
  lat (msec)   : 4=9.42%, 10=40.71%, 20=43.33%, 50=6.22%, 100=0.31%
  lat (msec)   : 250=0.02%
  cpu          : usr=1.14%, sys=2.12%, ctx=51872, majf=0, minf=171
  IO depths    : 1=0.1%, 2=0.1%, 4=0.1%, 8=0.1%, 16=0.1%, 32=99.8%, >=64=0.0%
     submit    : 0=0.0%, 4=100.0%, 8=0.0%, 16=0.0%, 32=0.0%, 64=0.0%, >=64=0.0%
     complete  : 0=0.0%, 4=100.0%, 8=0.0%, 16=0.0%, 32=0.1%, 64=0.0%, >=64=0.0%
     issued rwts: total=59706,0,0,0 short=0,0,0,0 dropped=0,0,0,0
     latency   : target=0, window=0, percentile=100.00%, depth=32

Run status group 0 (all jobs):
   READ: bw=46.5MiB/s (48.8MB/s), 46.5MiB/s-46.5MiB/s (48.8MB/s-48.8MB/s), io=233MiB (245MB), run=5012-5012msec

Disk stats (read/write):
  sdb: ios=57447/0, merge=0/0, ticks=619053/0, in_queue=619053, util=92.98%
