test_io_baseline: (g=0): rw=randwrite, bs=(R) 4096B-4096B, (W) 4096B-4096B, (T) 4096B-4096B, ioengine=io_uring, iodepth=32
...
fio-3.28
Starting 4 processes

test_io_baseline: (groupid=0, jobs=4): err= 0: pid=16592: Wed Apr 16 21:01:42 2025
  write: IOPS=10.5k, BW=40.9MiB/s (42.9MB/s)(205MiB/5014msec); 0 zone resets
    slat (nsec): min=1960, max=950484, avg=5197.03, stdev=8569.03
    clat (msec): min=2, max=135, avg=12.21, stdev= 7.16
     lat (msec): min=2, max=135, avg=12.21, stdev= 7.16
    clat percentiles (msec):
     |  1.00th=[    4],  5.00th=[    4], 10.00th=[    5], 20.00th=[    7],
     | 30.00th=[    9], 40.00th=[   11], 50.00th=[   12], 60.00th=[   14],
     | 70.00th=[   16], 80.00th=[   17], 90.00th=[   19], 95.00th=[   21],
     | 99.00th=[   38], 99.50th=[   51], 99.90th=[   78], 99.95th=[   94],
     | 99.99th=[  109]
   bw (  KiB/s): min=31431, max=46472, per=100.00%, avg=41923.10, stdev=1014.53, samples=40
   iops        : min= 7857, max=11618, avg=10480.70, stdev=253.68, samples=40
  lat (msec)   : 4=5.77%, 10=34.24%, 20=53.56%, 50=5.90%, 100=0.48%
  lat (msec)   : 250=0.04%
  cpu          : usr=1.00%, sys=1.59%, ctx=34704, majf=0, minf=42
  IO depths    : 1=0.1%, 2=0.1%, 4=0.1%, 8=0.1%, 16=0.1%, 32=99.8%, >=64=0.0%
     submit    : 0=0.0%, 4=100.0%, 8=0.0%, 16=0.0%, 32=0.0%, 64=0.0%, >=64=0.0%
     complete  : 0=0.0%, 4=100.0%, 8=0.0%, 16=0.0%, 32=0.1%, 64=0.0%, >=64=0.0%
     issued rwts: total=0,52526,0,0 short=0,0,0,0 dropped=0,0,0,0
     latency   : target=0, window=0, percentile=100.00%, depth=32

Run status group 0 (all jobs):
  WRITE: bw=40.9MiB/s (42.9MB/s), 40.9MiB/s-40.9MiB/s (42.9MB/s-42.9MB/s), io=205MiB (215MB), run=5014-5014msec

Disk stats (read/write):
  sdb: ios=19/50858, merge=0/0, ticks=43/619557, in_queue=619601, util=93.75%
