test_io_baseline: (g=0): rw=randread, bs=(R) 4096B-4096B, (W) 4096B-4096B, (T) 4096B-4096B, ioengine=io_uring, iodepth=32
...
fio-3.28
Starting 4 processes

test_io_baseline: (groupid=0, jobs=4): err= 0: pid=15476: Wed Apr 16 21:00:38 2025
  read: IOPS=11.8k, BW=46.3MiB/s (48.5MB/s)(232MiB/5018msec)
    slat (nsec): min=1996, max=286990, avg=6009.33, stdev=5544.17
    clat (msec): min=2, max=120, avg=10.78, stdev= 6.24
     lat (msec): min=2, max=120, avg=10.79, stdev= 6.24
    clat percentiles (usec):
     |  1.00th=[ 2606],  5.00th=[ 3359], 10.00th=[ 4146], 20.00th=[ 5669],
     | 30.00th=[ 7177], 40.00th=[ 8586], 50.00th=[10159], 60.00th=[11600],
     | 70.00th=[13042], 80.00th=[14615], 90.00th=[17171], 95.00th=[21103],
     | 99.00th=[28967], 99.50th=[40633], 99.90th=[64750], 99.95th=[72877],
     | 99.99th=[98042]
   bw (  KiB/s): min=32968, max=56176, per=100.00%, avg=47472.00, stdev=2102.41, samples=40
   iops        : min= 8242, max=14044, avg=11868.00, stdev=525.60, samples=40
  lat (msec)   : 4=9.06%, 10=40.17%, 20=44.54%, 50=5.95%, 100=0.27%
  lat (msec)   : 250=0.01%
  cpu          : usr=0.61%, sys=2.61%, ctx=50179, majf=0, minf=165
  IO depths    : 1=0.1%, 2=0.1%, 4=0.1%, 8=0.1%, 16=0.1%, 32=99.8%, >=64=0.0%
     submit    : 0=0.0%, 4=100.0%, 8=0.0%, 16=0.0%, 32=0.0%, 64=0.0%, >=64=0.0%
     complete  : 0=0.0%, 4=100.0%, 8=0.0%, 16=0.0%, 32=0.1%, 64=0.0%, >=64=0.0%
     issued rwts: total=59464,0,0,0 short=0,0,0,0 dropped=0,0,0,0
     latency   : target=0, window=0, percentile=100.00%, depth=32

Run status group 0 (all jobs):
   READ: bw=46.3MiB/s (48.5MB/s), 46.3MiB/s-46.3MiB/s (48.5MB/s-48.5MB/s), io=232MiB (244MB), run=5018-5018msec

Disk stats (read/write):
  sdb: ios=57624/0, merge=0/0, ticks=618858/0, in_queue=618859, util=92.89%
