test_io_baseline: (g=0): rw=randwrite, bs=(R) 4096B-4096B, (W) 4096B-4096B, (T) 4096B-4096B, ioengine=io_uring, iodepth=32
...
fio-3.28
Starting 4 processes

test_io_baseline: (groupid=0, jobs=4): err= 0: pid=16930: Wed Apr 16 21:02:01 2025
  write: IOPS=11.1k, BW=43.5MiB/s (45.7MB/s)(218MiB/5016msec); 0 zone resets
    slat (usec): min=2, max=1157, avg= 6.20, stdev= 7.26
    clat (msec): min=2, max=126, avg=11.46, stdev= 6.15
     lat (msec): min=2, max=126, avg=11.47, stdev= 6.15
    clat percentiles (msec):
     |  1.00th=[    4],  5.00th=[    4], 10.00th=[    5], 20.00th=[    7],
     | 30.00th=[    8], 40.00th=[   10], 50.00th=[   12], 60.00th=[   13],
     | 70.00th=[   15], 80.00th=[   17], 90.00th=[   18], 95.00th=[   20],
     | 99.00th=[   29], 99.50th=[   42], 99.90th=[   67], 99.95th=[   78],
     | 99.99th=[  101]
   bw (  KiB/s): min=43128, max=45761, per=99.36%, avg=44305.01, stdev=195.40, samples=39
   iops        : min=10782, max=11440, avg=11076.18, stdev=48.84, samples=39
  lat (msec)   : 4=6.98%, 10=36.38%, 20=54.09%, 50=2.24%, 100=0.30%
  lat (msec)   : 250=0.01%
  cpu          : usr=0.97%, sys=2.26%, ctx=41206, majf=0, minf=39
  IO depths    : 1=0.1%, 2=0.1%, 4=0.1%, 8=0.1%, 16=0.1%, 32=99.8%, >=64=0.0%
     submit    : 0=0.0%, 4=100.0%, 8=0.0%, 16=0.0%, 32=0.0%, 64=0.0%, >=64=0.0%
     complete  : 0=0.0%, 4=100.0%, 8=0.0%, 16=0.0%, 32=0.1%, 64=0.0%, >=64=0.0%
     issued rwts: total=0,55915,0,0 short=0,0,0,0 dropped=0,0,0,0
     latency   : target=0, window=0, percentile=100.00%, depth=32

Run status group 0 (all jobs):
  WRITE: bw=43.5MiB/s (45.7MB/s), 43.5MiB/s-43.5MiB/s (45.7MB/s-45.7MB/s), io=218MiB (229MB), run=5016-5016msec

Disk stats (read/write):
  sdb: ios=401/53418, merge=0/0, ticks=1213/615197, in_queue=616409, util=97.95%
