test_io_baseline: (g=0): rw=randwrite, bs=(R) 4096B-4096B, (W) 4096B-4096B, (T) 4096B-4096B, ioengine=io_uring, iodepth=32
...
fio-3.28
Starting 4 processes

test_io_baseline: (groupid=0, jobs=4): err= 0: pid=17333: Wed Apr 16 21:02:23 2025
  write: IOPS=5574, BW=21.8MiB/s (22.8MB/s)(109MiB/5028msec); 0 zone resets
    slat (usec): min=2, max=265, avg= 6.59, stdev= 5.26
    clat (msec): min=2, max=201, avg=22.92, stdev=11.87
     lat (msec): min=2, max=201, avg=22.93, stdev=11.87
    clat percentiles (msec):
     |  1.00th=[    7],  5.00th=[    8], 10.00th=[    9], 20.00th=[   13],
     | 30.00th=[   16], 40.00th=[   20], 50.00th=[   23], 60.00th=[   26],
     | 70.00th=[   29], 80.00th=[   33], 90.00th=[   36], 95.00th=[   38],
     | 99.00th=[   59], 99.50th=[   82], 99.90th=[  116], 99.95th=[  142],
     | 99.99th=[  171]
   bw (  KiB/s): min=21720, max=22739, per=100.00%, avg=22323.50, stdev=77.58, samples=40
   iops        : min= 5430, max= 5684, avg=5580.80, stdev=19.37, samples=40
  lat (msec)   : 4=0.01%, 10=13.12%, 20=29.62%, 50=55.94%, 100=1.05%
  lat (msec)   : 250=0.26%
  cpu          : usr=0.51%, sys=1.30%, ctx=26940, majf=0, minf=46
  IO depths    : 1=0.1%, 2=0.1%, 4=0.1%, 8=0.1%, 16=0.2%, 32=99.6%, >=64=0.0%
     submit    : 0=0.0%, 4=100.0%, 8=0.0%, 16=0.0%, 32=0.0%, 64=0.0%, >=64=0.0%
     complete  : 0=0.0%, 4=100.0%, 8=0.0%, 16=0.0%, 32=0.1%, 64=0.0%, >=64=0.0%
     issued rwts: total=0,28027,0,0 short=0,0,0,0 dropped=0,0,0,0
     latency   : target=0, window=0, percentile=100.00%, depth=32

Run status group 0 (all jobs):
  WRITE: bw=21.8MiB/s (22.8MB/s), 21.8MiB/s-21.8MiB/s (22.8MB/s-22.8MB/s), io=109MiB (115MB), run=5028-5028msec

Disk stats (read/write):
  sdb: ios=399/27058, merge=0/0, ticks=2005/618054, in_queue=620060, util=98.97%
