test_io_baseline: (g=0): rw=randread, bs=(R) 4096B-4096B, (W) 4096B-4096B, (T) 4096B-4096B, ioengine=io_uring, iodepth=32
...
fio-3.28
Starting 4 processes

test_io_baseline: (groupid=0, jobs=4): err= 0: pid=16050: Wed Apr 16 21:01:11 2025
  read: IOPS=12.2k, BW=47.6MiB/s (49.9MB/s)(239MiB/5011msec)
    slat (usec): min=2, max=1209, avg= 6.28, stdev= 9.02
    clat (usec): min=1972, max=114279, avg=10487.00, stdev=6084.81
     lat (msec): min=2, max=114, avg=10.49, stdev= 6.08
    clat percentiles (usec):
     |  1.00th=[ 2573],  5.00th=[ 3228], 10.00th=[ 3949], 20.00th=[ 5473],
     | 30.00th=[ 6980], 40.00th=[ 8455], 50.00th=[ 9896], 60.00th=[11338],
     | 70.00th=[12780], 80.00th=[14222], 90.00th=[16450], 95.00th=[20317],
     | 99.00th=[26870], 99.50th=[38536], 99.90th=[66847], 99.95th=[73925],
     | 99.99th=[87557]
   bw (  KiB/s): min=34016, max=55104, per=99.68%, avg=48591.56, stdev=1744.95, samples=39
   iops        : min= 8504, max=13776, avg=12147.89, stdev=436.24, samples=39
  lat (msec)   : 2=0.01%, 4=10.25%, 10=40.52%, 20=43.84%, 50=5.12%
  lat (msec)   : 100=0.27%, 250=0.01%
  cpu          : usr=1.06%, sys=2.42%, ctx=52329, majf=0, minf=173
  IO depths    : 1=0.1%, 2=0.1%, 4=0.1%, 8=0.1%, 16=0.1%, 32=99.8%, >=64=0.0%
     submit    : 0=0.0%, 4=100.0%, 8=0.0%, 16=0.0%, 32=0.0%, 64=0.0%, >=64=0.0%
     complete  : 0=0.0%, 4=100.0%, 8=0.0%, 16=0.0%, 32=0.1%, 64=0.0%, >=64=0.0%
     issued rwts: total=61066,0,0,0 short=0,0,0,0 dropped=0,0,0,0
     latency   : target=0, window=0, percentile=100.00%, depth=32

Run status group 0 (all jobs):
   READ: bw=47.6MiB/s (49.9MB/s), 47.6MiB/s-47.6MiB/s (49.9MB/s-49.9MB/s), io=239MiB (250MB), run=5011-5011msec

Disk stats (read/write):
  sdb: ios=58855/0, merge=0/0, ticks=618369/0, in_queue=618369, util=93.75%
