test_io_baseline: (g=0): rw=randread, bs=(R) 4096B-4096B, (W) 4096B-4096B, (T) 4096B-4096B, ioengine=io_uring, iodepth=32
...
fio-3.28
Starting 4 processes

test_io_baseline: (groupid=0, jobs=4): err= 0: pid=15783: Wed Apr 16 21:00:55 2025
  read: IOPS=11.9k, BW=46.6MiB/s (48.8MB/s)(234MiB/5017msec)
    slat (usec): min=2, max=650, avg= 5.91, stdev= 6.27
    clat (msec): min=2, max=107, avg=10.72, stdev= 6.23
     lat (msec): min=2, max=107, avg=10.73, stdev= 6.23
    clat percentiles (usec):
     |  1.00th=[ 2573],  5.00th=[ 3261], 10.00th=[ 4080], 20.00th=[ 5604],
     | 30.00th=[ 7046], 40.00th=[ 8455], 50.00th=[10028], 60.00th=[11469],
     | 70.00th=[12911], 80.00th=[14353], 90.00th=[17433], 95.00th=[21365],
     | 99.00th=[29754], 99.50th=[38011], 99.90th=[61080], 99.95th=[71828],
     | 99.99th=[92799]
   bw (  KiB/s): min=32520, max=57048, per=100.00%, avg=47747.20, stdev=2075.31, samples=40
   iops        : min= 8130, max=14262, avg=11936.80, stdev=518.83, samples=40
  lat (msec)   : 4=9.60%, 10=40.50%, 20=43.16%, 50=6.53%, 100=0.20%
  lat (msec)   : 250=0.01%
  cpu          : usr=0.96%, sys=2.29%, ctx=52209, majf=0, minf=170
  IO depths    : 1=0.1%, 2=0.1%, 4=0.1%, 8=0.1%, 16=0.1%, 32=99.8%, >=64=0.0%
     submit    : 0=0.0%, 4=100.0%, 8=0.0%, 16=0.0%, 32=0.0%, 64=0.0%, >=64=0.0%
     complete  : 0=0.0%, 4=100.0%, 8=0.0%, 16=0.0%, 32=0.1%, 64=0.0%, >=64=0.0%
     issued rwts: total=59806,0,0,0 short=0,0,0,0 dropped=0,0,0,0
     latency   : target=0, window=0, percentile=100.00%, depth=32

Run status group 0 (all jobs):
   READ: bw=46.6MiB/s (48.8MB/s), 46.6MiB/s-46.6MiB/s (48.8MB/s-48.8MB/s), io=234MiB (245MB), run=5017-5017msec

Disk stats (read/write):
  sdb: ios=58370/0, merge=0/0, ticks=619436/0, in_queue=619436, util=93.04%
