test_io: (g=0): rw=randread, bs=(R) 4096B-4096B, (W) 4096B-4096B, (T) 4096B-4096B, ioengine=psync, iodepth=32
...
fio-3.28
Starting 4 processes

test_io: (groupid=0, jobs=4): err= 0: pid=30906: Wed Apr 16 17:17:31 2025
  read: IOPS=497, BW=1990KiB/s (2038kB/s)(9968KiB/5008msec)
    clat (usec): min=134, max=21232, avg=8025.69, stdev=3201.48
     lat (usec): min=134, max=21233, avg=8025.91, stdev=3201.49
    clat percentiles (usec):
     |  1.00th=[ 1188],  5.00th=[ 2966], 10.00th=[ 3982], 20.00th=[ 4948],
     | 30.00th=[ 6521], 40.00th=[ 7046], 50.00th=[ 7701], 60.00th=[ 8979],
     | 70.00th=[ 9765], 80.00th=[10683], 90.00th=[12387], 95.00th=[13304],
     | 99.00th=[15139], 99.50th=[16188], 99.90th=[20317], 99.95th=[20317],
     | 99.99th=[21103]
   bw (  KiB/s): min= 1520, max= 2312, per=96.96%, avg=1930.13, stdev=63.65, samples=37
   iops        : min=  380, max=  578, avg=482.53, stdev=15.91, samples=37
  lat (usec)   : 250=0.20%, 500=0.28%, 750=0.24%, 1000=0.08%
  lat (msec)   : 2=1.93%, 4=7.83%, 10=62.52%, 20=26.81%, 50=0.12%
  cpu          : usr=0.10%, sys=0.16%, ctx=2647, majf=0, minf=44
  IO depths    : 1=100.0%, 2=0.0%, 4=0.0%, 8=0.0%, 16=0.0%, 32=0.0%, >=64=0.0%
     submit    : 0=0.0%, 4=100.0%, 8=0.0%, 16=0.0%, 32=0.0%, 64=0.0%, >=64=0.0%
     complete  : 0=0.0%, 4=100.0%, 8=0.0%, 16=0.0%, 32=0.0%, 64=0.0%, >=64=0.0%
     issued rwts: total=2492,0,0,0 short=0,0,0,0 dropped=0,0,0,0
     latency   : target=0, window=0, percentile=100.00%, depth=32

Run status group 0 (all jobs):
   READ: bw=1990KiB/s (2038kB/s), 1990KiB/s-1990KiB/s (2038kB/s-2038kB/s), io=9968KiB (10.2MB), run=5008-5008msec

Disk stats (read/write):
  nbd0: ios=2446/0, merge=0/0, ticks=19792/0, in_queue=19792, util=92.62%
