test_io: (g=0): rw=randread, bs=(R) 4096B-4096B, (W) 4096B-4096B, (T) 4096B-4096B, ioengine=psync, iodepth=32
...
fio-3.28
Starting 4 processes

test_io: (groupid=0, jobs=4): err= 0: pid=33959: Wed Apr 16 18:47:23 2025
  read: IOPS=557, BW=2229KiB/s (2282kB/s)(10.9MiB/5005msec)
    clat (usec): min=665, max=19999, avg=7170.60, stdev=2948.38
     lat (usec): min=665, max=19999, avg=7170.81, stdev=2948.38
    clat percentiles (usec):
     |  1.00th=[  922],  5.00th=[ 2999], 10.00th=[ 3589], 20.00th=[ 4080],
     | 30.00th=[ 5997], 40.00th=[ 6325], 50.00th=[ 6652], 60.00th=[ 8455],
     | 70.00th=[ 8979], 80.00th=[ 9372], 90.00th=[11338], 95.00th=[11863],
     | 99.00th=[13960], 99.50th=[14877], 99.90th=[17433], 99.95th=[17695],
     | 99.99th=[20055]
   bw (  KiB/s): min= 1728, max= 2712, per=99.24%, avg=2212.44, stdev=75.52, samples=38
   iops        : min=  432, max=  678, avg=553.11, stdev=18.88, samples=38
  lat (usec)   : 750=0.32%, 1000=0.93%
  lat (msec)   : 2=3.44%, 4=13.91%, 10=66.55%, 20=14.84%
  cpu          : usr=0.17%, sys=0.11%, ctx=3142, majf=0, minf=44
  IO depths    : 1=100.0%, 2=0.0%, 4=0.0%, 8=0.0%, 16=0.0%, 32=0.0%, >=64=0.0%
     submit    : 0=0.0%, 4=100.0%, 8=0.0%, 16=0.0%, 32=0.0%, 64=0.0%, >=64=0.0%
     complete  : 0=0.0%, 4=100.0%, 8=0.0%, 16=0.0%, 32=0.0%, 64=0.0%, >=64=0.0%
     issued rwts: total=2789,0,0,0 short=0,0,0,0 dropped=0,0,0,0
     latency   : target=0, window=0, percentile=100.00%, depth=32

Run status group 0 (all jobs):
   READ: bw=2229KiB/s (2282kB/s), 2229KiB/s-2229KiB/s (2282kB/s-2282kB/s), io=10.9MiB (11.4MB), run=5005-5005msec

Disk stats (read/write):
  nbd0: ios=2729/0, merge=0/0, ticks=19707/0, in_queue=19706, util=92.73%
