test_io: (g=0): rw=randread, bs=(R) 4096B-4096B, (W) 4096B-4096B, (T) 4096B-4096B, ioengine=psync, iodepth=32
...
fio-3.28
Starting 4 processes

test_io: (groupid=0, jobs=4): err= 0: pid=30708: Wed Apr 16 17:07:22 2025
  read: IOPS=546, BW=2187KiB/s (2239kB/s)(10.7MiB/5007msec)
    clat (usec): min=175, max=17167, avg=7308.88, stdev=2897.39
     lat (usec): min=175, max=17168, avg=7309.15, stdev=2897.42
    clat percentiles (usec):
     |  1.00th=[ 1037],  5.00th=[ 2966], 10.00th=[ 3720], 20.00th=[ 4228],
     | 30.00th=[ 5997], 40.00th=[ 6456], 50.00th=[ 6980], 60.00th=[ 8356],
     | 70.00th=[ 8979], 80.00th=[ 9634], 90.00th=[11076], 95.00th=[11994],
     | 99.00th=[13829], 99.50th=[14615], 99.90th=[16319], 99.95th=[16909],
     | 99.99th=[17171]
   bw (  KiB/s): min= 1824, max= 2584, per=98.24%, avg=2148.46, stdev=58.24, samples=37
   iops        : min=  456, max=  646, avg=536.93, stdev=14.55, samples=37
  lat (usec)   : 250=0.04%, 500=0.26%, 750=0.55%, 1000=0.15%
  lat (msec)   : 2=3.00%, 4=11.84%, 10=67.12%, 20=17.06%
  cpu          : usr=0.13%, sys=0.16%, ctx=2940, majf=0, minf=41
  IO depths    : 1=100.0%, 2=0.0%, 4=0.0%, 8=0.0%, 16=0.0%, 32=0.0%, >=64=0.0%
     submit    : 0=0.0%, 4=100.0%, 8=0.0%, 16=0.0%, 32=0.0%, 64=0.0%, >=64=0.0%
     complete  : 0=0.0%, 4=100.0%, 8=0.0%, 16=0.0%, 32=0.0%, 64=0.0%, >=64=0.0%
     issued rwts: total=2737,0,0,0 short=0,0,0,0 dropped=0,0,0,0
     latency   : target=0, window=0, percentile=100.00%, depth=32

Run status group 0 (all jobs):
   READ: bw=2187KiB/s (2239kB/s), 2187KiB/s-2187KiB/s (2239kB/s-2239kB/s), io=10.7MiB (11.2MB), run=5007-5007msec

Disk stats (read/write):
  nbd0: ios=2689/0, merge=0/0, ticks=19676/0, in_queue=19676, util=92.53%
