test_io: (g=0): rw=randwrite, bs=(R) 4096B-4096B, (W) 4096B-4096B, (T) 4096B-4096B, ioengine=io_uring, iodepth=32
...
fio-3.28
Starting 4 processes

test_io: (groupid=0, jobs=4): err= 0: pid=17869: Wed Apr 16 21:02:57 2025
  write: IOPS=4983, BW=19.5MiB/s (20.4MB/s)(98.1MiB/5037msec); 0 zone resets
    slat (usec): min=2, max=2133, avg=10.91, stdev=24.85
    clat (usec): min=2861, max=85022, avg=25609.69, stdev=10532.52
     lat (usec): min=2872, max=85037, avg=25620.79, stdev=10532.68
    clat percentiles (usec):
     |  1.00th=[ 8094],  5.00th=[11469], 10.00th=[13960], 20.00th=[17433],
     | 30.00th=[20055], 40.00th=[22152], 50.00th=[24249], 60.00th=[26346],
     | 70.00th=[28967], 80.00th=[32113], 90.00th=[38011], 95.00th=[46400],
     | 99.00th=[61604], 99.50th=[66323], 99.90th=[73925], 99.95th=[77071],
     | 99.99th=[84411]
   bw (  KiB/s): min=12016, max=25647, per=100.00%, avg=19968.60, stdev=914.74, samples=40
   iops        : min= 3004, max= 6411, avg=4991.90, stdev=228.62, samples=40
  lat (msec)   : 4=0.26%, 10=2.57%, 20=27.42%, 50=66.22%, 100=3.53%
  cpu          : usr=0.37%, sys=1.91%, ctx=32284, majf=0, minf=35
  IO depths    : 1=0.1%, 2=0.1%, 4=0.1%, 8=0.1%, 16=0.3%, 32=99.5%, >=64=0.0%
     submit    : 0=0.0%, 4=100.0%, 8=0.0%, 16=0.0%, 32=0.0%, 64=0.0%, >=64=0.0%
     complete  : 0=0.0%, 4=100.0%, 8=0.0%, 16=0.0%, 32=0.1%, 64=0.0%, >=64=0.0%
     issued rwts: total=0,25104,0,0 short=0,0,0,0 dropped=0,0,0,0
     latency   : target=0, window=0, percentile=100.00%, depth=32

Run status group 0 (all jobs):
  WRITE: bw=19.5MiB/s (20.4MB/s), 19.5MiB/s-19.5MiB/s (20.4MB/s-20.4MB/s), io=98.1MiB (103MB), run=5037-5037msec

Disk stats (read/write):
  nbd0: ios=12/24951, merge=0/0, ticks=205/635695, in_queue=635901, util=92.86%
