test_io: (g=0): rw=randwrite, bs=(R) 4096B-4096B, (W) 4096B-4096B, (T) 4096B-4096B, ioengine=io_uring, iodepth=32
...
fio-3.28
Starting 4 processes

test_io: (groupid=0, jobs=4): err= 0: pid=42710: Wed Apr 16 19:07:07 2025
  write: IOPS=3966, BW=15.5MiB/s (16.2MB/s)(78.1MiB/5038msec); 0 zone resets
    slat (usec): min=2, max=2035, avg=12.49, stdev=19.57
    clat (msec): min=3, max=114, avg=32.13, stdev=13.80
     lat (msec): min=3, max=114, avg=32.15, stdev=13.80
    clat percentiles (msec):
     |  1.00th=[   11],  5.00th=[   15], 10.00th=[   17], 20.00th=[   21],
     | 30.00th=[   24], 40.00th=[   28], 50.00th=[   31], 60.00th=[   34],
     | 70.00th=[   37], 80.00th=[   42], 90.00th=[   50], 95.00th=[   58],
     | 99.00th=[   80], 99.50th=[   86], 99.90th=[  100], 99.95th=[  106],
     | 99.99th=[  114]
   bw (  KiB/s): min=13376, max=21624, per=100.00%, avg=15888.00, stdev=649.57, samples=40
   iops        : min= 3344, max= 5406, avg=3972.00, stdev=162.39, samples=40
  lat (msec)   : 4=0.01%, 10=0.76%, 20=16.98%, 50=72.80%, 100=9.37%
  lat (msec)   : 250=0.09%
  cpu          : usr=0.59%, sys=1.36%, ctx=25639, majf=0, minf=32
  IO depths    : 1=0.1%, 2=0.1%, 4=0.1%, 8=0.2%, 16=0.3%, 32=99.4%, >=64=0.0%
     submit    : 0=0.0%, 4=100.0%, 8=0.0%, 16=0.0%, 32=0.0%, 64=0.0%, >=64=0.0%
     complete  : 0=0.0%, 4=100.0%, 8=0.0%, 16=0.0%, 32=0.1%, 64=0.0%, >=64=0.0%
     issued rwts: total=0,19984,0,0 short=0,0,0,0 dropped=0,0,0,0
     latency   : target=0, window=0, percentile=100.00%, depth=32

Run status group 0 (all jobs):
  WRITE: bw=15.5MiB/s (16.2MB/s), 15.5MiB/s-15.5MiB/s (16.2MB/s-16.2MB/s), io=78.1MiB (81.9MB), run=5038-5038msec

Disk stats (read/write):
  nbd0: ios=98/19439, merge=0/0, ticks=23/630932, in_queue=630956, util=93.03%
