test_io: (g=0): rw=randwrite, bs=(R) 4096B-4096B, (W) 4096B-4096B, (T) 4096B-4096B, ioengine=io_uring, iodepth=32
...
fio-3.28
Starting 4 processes

test_io: (groupid=0, jobs=4): err= 0: pid=47821: Wed Apr 16 19:16:32 2025
  write: IOPS=3634, BW=14.2MiB/s (14.9MB/s)(71.7MiB/5048msec); 0 zone resets
    slat (usec): min=2, max=827, avg=11.31, stdev=12.96
    clat (msec): min=6, max=118, avg=35.05, stdev=14.05
     lat (msec): min=6, max=118, avg=35.06, stdev=14.05
    clat percentiles (msec):
     |  1.00th=[   12],  5.00th=[   17], 10.00th=[   20], 20.00th=[   24],
     | 30.00th=[   27], 40.00th=[   30], 50.00th=[   33], 60.00th=[   37],
     | 70.00th=[   41], 80.00th=[   46], 90.00th=[   54], 95.00th=[   62],
     | 99.00th=[   78], 99.50th=[   86], 99.90th=[  103], 99.95th=[  109],
     | 99.99th=[  120]
   bw (  KiB/s): min=10520, max=17088, per=99.56%, avg=14476.71, stdev=505.85, samples=39
   iops        : min= 2630, max= 4272, avg=3619.18, stdev=126.46, samples=39
  lat (msec)   : 10=0.27%, 20=11.62%, 50=74.49%, 100=13.48%, 250=0.14%
  cpu          : usr=0.47%, sys=1.33%, ctx=22003, majf=0, minf=38
  IO depths    : 1=0.1%, 2=0.1%, 4=0.1%, 8=0.2%, 16=0.3%, 32=99.3%, >=64=0.0%
     submit    : 0=0.0%, 4=100.0%, 8=0.0%, 16=0.0%, 32=0.0%, 64=0.0%, >=64=0.0%
     complete  : 0=0.0%, 4=100.0%, 8=0.0%, 16=0.0%, 32=0.1%, 64=0.0%, >=64=0.0%
     issued rwts: total=0,18349,0,0 short=0,0,0,0 dropped=0,0,0,0
     latency   : target=0, window=0, percentile=100.00%, depth=32

Run status group 0 (all jobs):
  WRITE: bw=14.2MiB/s (14.9MB/s), 14.2MiB/s-14.2MiB/s (14.9MB/s-14.9MB/s), io=71.7MiB (75.2MB), run=5048-5048msec

Disk stats (read/write):
  nbd0: ios=145/17966, merge=0/0, ticks=33/630973, in_queue=631007, util=92.91%
