test_io: (g=0): rw=randwrite, bs=(R) 4096B-4096B, (W) 4096B-4096B, (T) 4096B-4096B, ioengine=io_uring, iodepth=32
...
fio-3.28
Starting 4 processes

test_io: (groupid=0, jobs=4): err= 0: pid=48379: Wed Apr 16 19:17:23 2025
  write: IOPS=3782, BW=14.8MiB/s (15.5MB/s)(74.5MiB/5041msec); 0 zone resets
    slat (usec): min=2, max=371, avg=12.26, stdev=14.91
    clat (msec): min=3, max=109, avg=33.71, stdev=14.65
     lat (msec): min=3, max=109, avg=33.72, stdev=14.65
    clat percentiles (msec):
     |  1.00th=[   12],  5.00th=[   16], 10.00th=[   19], 20.00th=[   22],
     | 30.00th=[   25], 40.00th=[   28], 50.00th=[   31], 60.00th=[   34],
     | 70.00th=[   39], 80.00th=[   45], 90.00th=[   54], 95.00th=[   63],
     | 99.00th=[   81], 99.50th=[   91], 99.90th=[  104], 99.95th=[  106],
     | 99.99th=[  110]
   bw (  KiB/s): min=10466, max=20576, per=99.44%, avg=15045.12, stdev=837.49, samples=39
   iops        : min= 2616, max= 5144, avg=3761.20, stdev=209.39, samples=39
  lat (msec)   : 4=0.01%, 10=0.42%, 20=14.11%, 50=72.11%, 100=13.18%
  lat (msec)   : 250=0.17%
  cpu          : usr=0.60%, sys=1.23%, ctx=24468, majf=0, minf=36
  IO depths    : 1=0.1%, 2=0.1%, 4=0.1%, 8=0.2%, 16=0.3%, 32=99.3%, >=64=0.0%
     submit    : 0=0.0%, 4=100.0%, 8=0.0%, 16=0.0%, 32=0.0%, 64=0.0%, >=64=0.0%
     complete  : 0=0.0%, 4=100.0%, 8=0.0%, 16=0.0%, 32=0.1%, 64=0.0%, >=64=0.0%
     issued rwts: total=0,19068,0,0 short=0,0,0,0 dropped=0,0,0,0
     latency   : target=0, window=0, percentile=100.00%, depth=32

Run status group 0 (all jobs):
  WRITE: bw=14.8MiB/s (15.5MB/s), 14.8MiB/s-14.8MiB/s (15.5MB/s-15.5MB/s), io=74.5MiB (78.1MB), run=5041-5041msec

Disk stats (read/write):
  nbd0: ios=0/18329, merge=0/0, ticks=0/623909, in_queue=623909, util=92.02%
