test_io: (g=0): rw=randwrite, bs=(R) 4096B-4096B, (W) 4096B-4096B, (T) 4096B-4096B, ioengine=io_uring, iodepth=32
...
fio-3.28
Starting 4 processes

test_io: (groupid=0, jobs=4): err= 0: pid=16750: Wed Apr 16 21:01:51 2025
  write: IOPS=4670, BW=18.2MiB/s (19.1MB/s)(91.9MiB/5037msec); 0 zone resets
    slat (usec): min=2, max=720, avg= 9.64, stdev=11.69
    clat (usec): min=4164, max=91395, avg=27358.74, stdev=10438.57
     lat (usec): min=4171, max=91404, avg=27368.57, stdev=10438.89
    clat percentiles (usec):
     |  1.00th=[ 9765],  5.00th=[13042], 10.00th=[15401], 20.00th=[18744],
     | 30.00th=[21365], 40.00th=[23725], 50.00th=[26084], 60.00th=[28443],
     | 70.00th=[31327], 80.00th=[34866], 90.00th=[40109], 95.00th=[45876],
     | 99.00th=[61080], 99.50th=[68682], 99.90th=[83362], 99.95th=[86508],
     | 99.99th=[88605]
   bw (  KiB/s): min=14248, max=21296, per=99.80%, avg=18642.49, stdev=532.68, samples=39
   iops        : min= 3562, max= 5324, avg=4660.62, stdev=133.17, samples=39
  lat (msec)   : 10=1.12%, 20=23.18%, 50=72.55%, 100=3.15%
  cpu          : usr=0.49%, sys=1.51%, ctx=26901, majf=0, minf=39
  IO depths    : 1=0.1%, 2=0.1%, 4=0.1%, 8=0.1%, 16=0.3%, 32=99.5%, >=64=0.0%
     submit    : 0=0.0%, 4=100.0%, 8=0.0%, 16=0.0%, 32=0.0%, 64=0.0%, >=64=0.0%
     complete  : 0=0.0%, 4=100.0%, 8=0.0%, 16=0.0%, 32=0.1%, 64=0.0%, >=64=0.0%
     issued rwts: total=0,23523,0,0 short=0,0,0,0 dropped=0,0,0,0
     latency   : target=0, window=0, percentile=100.00%, depth=32

Run status group 0 (all jobs):
  WRITE: bw=18.2MiB/s (19.1MB/s), 18.2MiB/s-18.2MiB/s (19.1MB/s-19.1MB/s), io=91.9MiB (96.3MB), run=5037-5037msec

Disk stats (read/write):
  nbd0: ios=0/23033, merge=0/0, ticks=0/630676, in_queue=630676, util=92.64%
