test_io_baseline: (g=0): rw=randwrite, bs=(R) 4096B-4096B, (W) 4096B-4096B, (T) 4096B-4096B, ioengine=io_uring, iodepth=32
...
fio-3.28
Starting 4 processes

test_io_baseline: (groupid=0, jobs=4): err= 0: pid=90902: Thu Apr 17 00:40:16 2025
  write: IOPS=2782, BW=10.9MiB/s (11.4MB/s)(653MiB/60066msec); 0 zone resets
    slat (usec): min=2, max=2304, avg= 7.54, stdev=12.05
    clat (usec): min=1928, max=460908, avg=45966.16, stdev=24407.71
     lat (msec): min=2, max=460, avg=45.97, stdev=24.41
    clat percentiles (msec):
     |  1.00th=[   13],  5.00th=[   16], 10.00th=[   19], 20.00th=[   25],
     | 30.00th=[   32], 40.00th=[   39], 50.00th=[   45], 60.00th=[   52],
     | 70.00th=[   58], 80.00th=[   65], 90.00th=[   71], 95.00th=[   77],
     | 99.00th=[  121], 99.50th=[  169], 99.90th=[  264], 99.95th=[  296],
     | 99.99th=[  359]
   bw (  KiB/s): min= 9792, max=12895, per=100.00%, avg=11134.15, stdev=95.97, samples=478
   iops        : min= 2448, max= 3223, avg=2783.46, stdev=23.98, samples=478
  lat (msec)   : 2=0.01%, 4=0.01%, 10=0.03%, 20=12.95%, 50=45.02%
  lat (msec)   : 100=40.66%, 250=1.21%, 500=0.13%
  cpu          : usr=0.40%, sys=0.67%, ctx=161626, majf=0, minf=47
  IO depths    : 1=0.1%, 2=0.1%, 4=0.1%, 8=0.1%, 16=0.1%, 32=99.9%, >=64=0.0%
     submit    : 0=0.0%, 4=100.0%, 8=0.0%, 16=0.0%, 32=0.0%, 64=0.0%, >=64=0.0%
     complete  : 0=0.0%, 4=100.0%, 8=0.0%, 16=0.0%, 32=0.1%, 64=0.0%, >=64=0.0%
     issued rwts: total=0,167144,0,0 short=0,0,0,0 dropped=0,0,0,0
     latency   : target=0, window=0, percentile=100.00%, depth=32

Run status group 0 (all jobs):
  WRITE: bw=10.9MiB/s (11.4MB/s), 10.9MiB/s-10.9MiB/s (11.4MB/s-11.4MB/s), io=653MiB (685MB), run=60066-60066msec

Disk stats (read/write):
  sdb: ios=431/166852, merge=0/0, ticks=3802/7669045, in_queue=7672847, util=100.00%
