test_io_baseline: (g=0): rw=randread, bs=(R) 4096B-4096B, (W) 4096B-4096B, (T) 4096B-4096B, ioengine=io_uring, iodepth=32
...
fio-3.28
Starting 4 processes

test_io_baseline: (groupid=0, jobs=4): err= 0: pid=81723: Thu Apr 17 00:16:59 2025
  read: IOPS=549, BW=2200KiB/s (2253kB/s)(129MiB/60234msec)
    slat (usec): min=2, max=284, avg=12.72, stdev= 7.10
    clat (msec): min=2, max=703, avg=232.65, stdev=123.22
     lat (msec): min=2, max=703, avg=232.66, stdev=123.22
    clat percentiles (msec):
     |  1.00th=[   63],  5.00th=[   73], 10.00th=[   86], 20.00th=[  115],
     | 30.00th=[  146], 40.00th=[  180], 50.00th=[  215], 60.00th=[  253],
     | 70.00th=[  292], 80.00th=[  334], 90.00th=[  397], 95.00th=[  472],
     | 99.00th=[  575], 99.50th=[  584], 99.90th=[  617], 99.95th=[  634],
     | 99.99th=[  667]
   bw (  KiB/s): min= 1664, max= 2784, per=100.00%, avg=2200.28, stdev=46.04, samples=480
   iops        : min=  416, max=  696, avg=550.07, stdev=11.51, samples=480
  lat (msec)   : 4=0.01%, 10=0.01%, 20=0.02%, 50=0.05%, 100=15.12%
  lat (msec)   : 250=44.01%, 500=37.20%, 750=3.58%
  cpu          : usr=0.14%, sys=0.22%, ctx=32483, majf=0, minf=169
  IO depths    : 1=0.1%, 2=0.1%, 4=0.1%, 8=0.1%, 16=0.2%, 32=99.6%, >=64=0.0%
     submit    : 0=0.0%, 4=100.0%, 8=0.0%, 16=0.0%, 32=0.0%, 64=0.0%, >=64=0.0%
     complete  : 0=0.0%, 4=100.0%, 8=0.0%, 16=0.0%, 32=0.1%, 64=0.0%, >=64=0.0%
     issued rwts: total=33128,0,0,0 short=0,0,0,0 dropped=0,0,0,0
     latency   : target=0, window=0, percentile=100.00%, depth=32

Run status group 0 (all jobs):
   READ: bw=2200KiB/s (2253kB/s), 2200KiB/s-2200KiB/s (2253kB/s-2253kB/s), io=129MiB (136MB), run=60234-60234msec

Disk stats (read/write):
  sdb: ios=33058/0, merge=0/0, ticks=7670554/0, in_queue=7670554, util=99.46%
