test_io_baseline: (g=0): rw=randread, bs=(R) 4096B-4096B, (W) 4096B-4096B, (T) 4096B-4096B, ioengine=io_uring, iodepth=32
...
fio-3.28
Starting 4 processes

test_io_baseline: (groupid=0, jobs=4): err= 0: pid=85203: Thu Apr 17 00:25:55 2025
  read: IOPS=165, BW=662KiB/s (678kB/s)(39.3MiB/60822msec)
    slat (usec): min=2, max=404, avg=15.31, stdev= 9.79
    clat (msec): min=2, max=2374, avg=772.18, stdev=477.89
     lat (msec): min=2, max=2374, avg=772.20, stdev=477.89
    clat percentiles (msec):
     |  1.00th=[  138],  5.00th=[  203], 10.00th=[  243], 20.00th=[  317],
     | 30.00th=[  409], 40.00th=[  518], 50.00th=[  659], 60.00th=[  827],
     | 70.00th=[ 1020], 80.00th=[ 1250], 90.00th=[ 1485], 95.00th=[ 1636],
     | 99.00th=[ 1938], 99.50th=[ 2056], 99.90th=[ 2265], 99.95th=[ 2299],
     | 99.99th=[ 2333]
   bw (  KiB/s): min=  135, max= 1328, per=99.65%, avg=660.25, stdev=50.64, samples=482
   iops        : min=   33, max=  332, avg=165.02, stdev=12.67, samples=482
  lat (msec)   : 4=0.02%, 10=0.01%, 20=0.03%, 50=0.08%, 100=0.14%
  lat (msec)   : 250=10.89%, 500=27.51%, 750=16.99%, 1000=13.26%, 2000=30.40%
  lat (msec)   : >=2000=0.67%
  cpu          : usr=0.05%, sys=0.10%, ctx=10509, majf=0, minf=173
  IO depths    : 1=0.1%, 2=0.1%, 4=0.2%, 8=0.3%, 16=0.6%, 32=98.8%, >=64=0.0%
     submit    : 0=0.0%, 4=100.0%, 8=0.0%, 16=0.0%, 32=0.0%, 64=0.0%, >=64=0.0%
     complete  : 0=0.0%, 4=100.0%, 8=0.0%, 16=0.0%, 32=0.1%, 64=0.0%, >=64=0.0%
     issued rwts: total=10071,0,0,0 short=0,0,0,0 dropped=0,0,0,0
     latency   : target=0, window=0, percentile=100.00%, depth=32

Run status group 0 (all jobs):
   READ: bw=662KiB/s (678kB/s), 662KiB/s-662KiB/s (678kB/s-678kB/s), io=39.3MiB (41.2MB), run=60822-60822msec

Disk stats (read/write):
  sdb: ios=10121/0, merge=0/0, ticks=7715303/0, in_queue=7715302, util=99.87%
