test_io_baseline: (g=0): rw=randwrite, bs=(R) 4096B-4096B, (W) 4096B-4096B, (T) 4096B-4096B, ioengine=io_uring, iodepth=32
...
fio-3.28
Starting 4 processes

test_io_baseline: (groupid=0, jobs=4): err= 0: pid=87101: Thu Apr 17 00:30:19 2025
  write: IOPS=5555, BW=21.7MiB/s (22.8MB/s)(1303MiB/60025msec); 0 zone resets
    slat (usec): min=2, max=745, avg= 6.64, stdev= 5.52
    clat (msec): min=2, max=229, avg=23.03, stdev=12.14
     lat (msec): min=2, max=229, avg=23.04, stdev=12.14
    clat percentiles (msec):
     |  1.00th=[    7],  5.00th=[    8], 10.00th=[   10], 20.00th=[   13],
     | 30.00th=[   16], 40.00th=[   20], 50.00th=[   23], 60.00th=[   26],
     | 70.00th=[   29], 80.00th=[   33], 90.00th=[   36], 95.00th=[   39],
     | 99.00th=[   63], 99.50th=[   81], 99.90th=[  128], 99.95th=[  146],
     | 99.99th=[  180]
   bw (  KiB/s): min=20240, max=23384, per=100.00%, avg=22253.01, stdev=140.56, samples=476
   iops        : min= 5060, max= 5846, avg=5563.27, stdev=35.14, samples=476
  lat (msec)   : 4=0.01%, 10=13.02%, 20=29.76%, 50=55.66%, 100=1.29%
  lat (msec)   : 250=0.26%
  cpu          : usr=0.56%, sys=1.27%, ctx=323085, majf=0, minf=44
  IO depths    : 1=0.1%, 2=0.1%, 4=0.1%, 8=0.1%, 16=0.1%, 32=100.0%, >=64=0.0%
     submit    : 0=0.0%, 4=100.0%, 8=0.0%, 16=0.0%, 32=0.0%, 64=0.0%, >=64=0.0%
     complete  : 0=0.0%, 4=100.0%, 8=0.0%, 16=0.0%, 32=0.1%, 64=0.0%, >=64=0.0%
     issued rwts: total=0,333458,0,0 short=0,0,0,0 dropped=0,0,0,0
     latency   : target=0, window=0, percentile=100.00%, depth=32

Run status group 0 (all jobs):
  WRITE: bw=21.7MiB/s (22.8MB/s), 21.7MiB/s-21.7MiB/s (22.8MB/s-22.8MB/s), io=1303MiB (1366MB), run=60025-60025msec

Disk stats (read/write):
  sdb: ios=395/332495, merge=0/0, ticks=2058/7652205, in_queue=7654263, util=99.97%
