test_io_baseline: (g=0): rw=randwrite, bs=(R) 4096B-4096B, (W) 4096B-4096B, (T) 4096B-4096B, ioengine=io_uring, iodepth=32
...
fio-3.28
Starting 4 processes

test_io_baseline: (groupid=0, jobs=4): err= 0: pid=89949: Thu Apr 17 00:37:46 2025
  write: IOPS=2795, BW=10.9MiB/s (11.5MB/s)(656MiB/60055msec); 0 zone resets
    slat (usec): min=2, max=492, avg= 8.01, stdev= 4.91
    clat (msec): min=2, max=405, avg=45.77, stdev=24.09
     lat (msec): min=2, max=405, avg=45.78, stdev=24.09
    clat percentiles (msec):
     |  1.00th=[   13],  5.00th=[   16], 10.00th=[   18], 20.00th=[   25],
     | 30.00th=[   32], 40.00th=[   39], 50.00th=[   45], 60.00th=[   52],
     | 70.00th=[   58], 80.00th=[   65], 90.00th=[   71], 95.00th=[   75],
     | 99.00th=[  121], 99.50th=[  167], 99.90th=[  253], 99.95th=[  288],
     | 99.99th=[  351]
   bw (  KiB/s): min=10408, max=12136, per=100.00%, avg=11195.09, stdev=82.56, samples=476
   iops        : min= 2602, max= 3034, avg=2798.79, stdev=20.64, samples=476
  lat (msec)   : 4=0.01%, 10=0.03%, 20=13.23%, 50=45.01%, 100=40.40%
  lat (msec)   : 250=1.22%, 500=0.10%
  cpu          : usr=0.51%, sys=0.59%, ctx=167036, majf=0, minf=48
  IO depths    : 1=0.1%, 2=0.1%, 4=0.1%, 8=0.1%, 16=0.1%, 32=99.9%, >=64=0.0%
     submit    : 0=0.0%, 4=100.0%, 8=0.0%, 16=0.0%, 32=0.0%, 64=0.0%, >=64=0.0%
     complete  : 0=0.0%, 4=100.0%, 8=0.0%, 16=0.0%, 32=0.1%, 64=0.0%, >=64=0.0%
     issued rwts: total=0,167881,0,0 short=0,0,0,0 dropped=0,0,0,0
     latency   : target=0, window=0, percentile=100.00%, depth=32

Run status group 0 (all jobs):
  WRITE: bw=10.9MiB/s (11.5MB/s), 10.9MiB/s-10.9MiB/s (11.5MB/s-11.5MB/s), io=656MiB (688MB), run=60055-60055msec

Disk stats (read/write):
  sdb: ios=370/167317, merge=0/0, ticks=3503/7652336, in_queue=7655839, util=99.89%
