test_io_baseline: (g=0): rw=randread, bs=(R) 4096B-4096B, (W) 4096B-4096B, (T) 4096B-4096B, ioengine=io_uring, iodepth=32
...
fio-3.28
Starting 4 processes

test_io_baseline: (groupid=0, jobs=4): err= 0: pid=83397: Thu Apr 17 00:21:29 2025
  read: IOPS=160, BW=641KiB/s (656kB/s)(38.2MiB/61106msec)
    slat (usec): min=2, max=216, avg=15.40, stdev=10.45
    clat (msec): min=2, max=2675, avg=795.23, stdev=490.42
     lat (msec): min=2, max=2675, avg=795.24, stdev=490.42
    clat percentiles (msec):
     |  1.00th=[  153],  5.00th=[  211], 10.00th=[  255], 20.00th=[  330],
     | 30.00th=[  422], 40.00th=[  535], 50.00th=[  676], 60.00th=[  852],
     | 70.00th=[ 1045], 80.00th=[ 1267], 90.00th=[ 1536], 95.00th=[ 1720],
     | 99.00th=[ 1989], 99.50th=[ 2072], 99.90th=[ 2232], 99.95th=[ 2433],
     | 99.99th=[ 2668]
   bw (  KiB/s): min=  216, max= 1344, per=100.00%, avg=644.45, stdev=48.52, samples=480
   iops        : min=   54, max=  336, avg=161.10, stdev=12.13, samples=480
  lat (msec)   : 4=0.02%, 10=0.01%, 20=0.03%, 50=0.06%, 100=0.04%
  lat (msec)   : 250=9.24%, 500=27.62%, 750=17.34%, 1000=13.45%, 2000=31.22%
  lat (msec)   : >=2000=0.96%
  cpu          : usr=0.04%, sys=0.10%, ctx=10235, majf=0, minf=171
  IO depths    : 1=0.1%, 2=0.1%, 4=0.2%, 8=0.3%, 16=0.7%, 32=98.7%, >=64=0.0%
     submit    : 0=0.0%, 4=100.0%, 8=0.0%, 16=0.0%, 32=0.0%, 64=0.0%, >=64=0.0%
     complete  : 0=0.0%, 4=100.0%, 8=0.0%, 16=0.0%, 32=0.1%, 64=0.0%, >=64=0.0%
     issued rwts: total=9791,0,0,0 short=0,0,0,0 dropped=0,0,0,0
     latency   : target=0, window=0, percentile=100.00%, depth=32

Run status group 0 (all jobs):
   READ: bw=641KiB/s (656kB/s), 641KiB/s-641KiB/s (656kB/s-656kB/s), io=38.2MiB (40.1MB), run=61106-61106msec

Disk stats (read/write):
  sdb: ios=9790/0, merge=0/0, ticks=7733669/0, in_queue=7733668, util=99.15%
