test_io_baseline: (g=0): rw=randwrite, bs=(R) 4096B-4096B, (W) 4096B-4096B, (T) 4096B-4096B, ioengine=io_uring, iodepth=32
...
fio-3.28
Starting 4 processes

test_io_baseline: (groupid=0, jobs=4): err= 0: pid=97622: Thu Apr 17 00:57:49 2025
  write: IOPS=561, BW=2244KiB/s (2298kB/s)(132MiB/60270msec); 0 zone resets
    slat (usec): min=2, max=1422, avg=10.13, stdev= 9.16
    clat (msec): min=2, max=1871, avg=227.91, stdev=119.42
     lat (msec): min=2, max=1871, avg=227.92, stdev=119.42
    clat percentiles (msec):
     |  1.00th=[   63],  5.00th=[   74], 10.00th=[   89], 20.00th=[  123],
     | 30.00th=[  157], 40.00th=[  188], 50.00th=[  222], 60.00th=[  255],
     | 70.00th=[  288], 80.00th=[  321], 90.00th=[  351], 95.00th=[  376],
     | 99.00th=[  584], 99.50th=[  810], 99.90th=[ 1284], 99.95th=[ 1502],
     | 99.99th=[ 1770]
   bw (  KiB/s): min= 1808, max= 2984, per=100.00%, avg=2246.43, stdev=46.53, samples=480
   iops        : min=  452, max=  746, avg=561.56, stdev=11.63, samples=480
  lat (msec)   : 4=0.01%, 10=0.01%, 20=0.01%, 50=0.06%, 100=13.38%
  lat (msec)   : 250=45.05%, 500=40.18%, 750=0.72%, 1000=0.32%, 2000=0.25%
  cpu          : usr=0.14%, sys=0.18%, ctx=33955, majf=0, minf=49
  IO depths    : 1=0.1%, 2=0.1%, 4=0.1%, 8=0.1%, 16=0.2%, 32=99.6%, >=64=0.0%
     submit    : 0=0.0%, 4=100.0%, 8=0.0%, 16=0.0%, 32=0.0%, 64=0.0%, >=64=0.0%
     complete  : 0=0.0%, 4=100.0%, 8=0.0%, 16=0.0%, 32=0.1%, 64=0.0%, >=64=0.0%
     issued rwts: total=0,33818,0,0 short=0,0,0,0 dropped=0,0,0,0
     latency   : target=0, window=0, percentile=100.00%, depth=32

Run status group 0 (all jobs):
  WRITE: bw=2244KiB/s (2298kB/s), 2244KiB/s-2244KiB/s (2298kB/s-2298kB/s), io=132MiB (139MB), run=60270-60270msec

Disk stats (read/write):
  sdb: ios=417/33690, merge=0/0, ticks=15956/7661272, in_queue=7677228, util=100.00%
