test_io_baseline: (g=0): rw=randwrite, bs=(R) 4096B-4096B, (W) 4096B-4096B, (T) 4096B-4096B, ioengine=io_uring, iodepth=32
...
fio-3.28
Starting 4 processes

test_io_baseline: (groupid=0, jobs=4): err= 0: pid=102356: Thu Apr 17 01:11:24 2025
  write: IOPS=280, BW=1122KiB/s (1149kB/s)(66.3MiB/60488msec); 0 zone resets
    slat (usec): min=2, max=216, avg=13.82, stdev= 5.42
    clat (msec): min=3, max=4076, avg=455.57, stdev=242.96
     lat (msec): min=3, max=4076, avg=455.58, stdev=242.96
    clat percentiles (msec):
     |  1.00th=[  123],  5.00th=[  146], 10.00th=[  176], 20.00th=[  245],
     | 30.00th=[  313], 40.00th=[  380], 50.00th=[  447], 60.00th=[  506],
     | 70.00th=[  575], 80.00th=[  634], 90.00th=[  701], 95.00th=[  751],
     | 99.00th=[ 1200], 99.50th=[ 1670], 99.90th=[ 2601], 99.95th=[ 2836],
     | 99.99th=[ 4010]
   bw (  KiB/s): min=  824, max= 1544, per=100.00%, avg=1123.07, stdev=33.13, samples=480
   iops        : min=  206, max=  386, avg=280.77, stdev= 8.28, samples=480
  lat (msec)   : 4=0.01%, 20=0.02%, 50=0.05%, 100=0.08%, 250=20.60%
  lat (msec)   : 500=38.02%, 750=36.10%, 1000=3.67%, 2000=1.17%, >=2000=0.29%
  cpu          : usr=0.08%, sys=0.15%, ctx=17035, majf=0, minf=47
  IO depths    : 1=0.1%, 2=0.1%, 4=0.1%, 8=0.2%, 16=0.4%, 32=99.3%, >=64=0.0%
     submit    : 0=0.0%, 4=100.0%, 8=0.0%, 16=0.0%, 32=0.0%, 64=0.0%, >=64=0.0%
     complete  : 0=0.0%, 4=100.0%, 8=0.0%, 16=0.0%, 32=0.1%, 64=0.0%, >=64=0.0%
     issued rwts: total=0,16970,0,0 short=0,0,0,0 dropped=0,0,0,0
     latency   : target=0, window=0, percentile=100.00%, depth=32

Run status group 0 (all jobs):
  WRITE: bw=1122KiB/s (1149kB/s), 1122KiB/s-1122KiB/s (1149kB/s-1149kB/s), io=66.3MiB (69.5MB), run=60488-60488msec

Disk stats (read/write):
  sdb: ios=333/16929, merge=0/0, ticks=31591/7680568, in_queue=7712158, util=100.00%
