test_io_baseline: (g=0): rw=randwrite, bs=(R) 4096B-4096B, (W) 4096B-4096B, (T) 4096B-4096B, ioengine=io_uring, iodepth=32
...
fio-3.28
Starting 4 processes

test_io_baseline: (groupid=0, jobs=4): err= 0: pid=99032: Thu Apr 17 01:01:12 2025
  write: IOPS=280, BW=1122KiB/s (1149kB/s)(66.3MiB/60495msec); 0 zone resets
    slat (nsec): min=2315, max=66087, avg=12636.91, stdev=4713.24
    clat (msec): min=14, max=4677, avg=455.81, stdev=244.70
     lat (msec): min=14, max=4677, avg=455.83, stdev=244.70
    clat percentiles (msec):
     |  1.00th=[  125],  5.00th=[  146], 10.00th=[  180], 20.00th=[  243],
     | 30.00th=[  309], 40.00th=[  376], 50.00th=[  447], 60.00th=[  510],
     | 70.00th=[  575], 80.00th=[  642], 90.00th=[  709], 95.00th=[  751],
     | 99.00th=[ 1183], 99.50th=[ 1469], 99.90th=[ 2567], 99.95th=[ 3540],
     | 99.99th=[ 4597]
   bw (  KiB/s): min=  752, max= 1528, per=100.00%, avg=1122.78, stdev=33.61, samples=480
   iops        : min=  188, max=  382, avg=280.68, stdev= 8.40, samples=480
  lat (msec)   : 20=0.03%, 50=0.05%, 100=0.08%, 250=20.88%, 500=37.61%
  lat (msec)   : 750=36.09%, 1000=3.94%, 2000=1.09%, >=2000=0.23%
  cpu          : usr=0.08%, sys=0.12%, ctx=17519, majf=0, minf=38
  IO depths    : 1=0.1%, 2=0.1%, 4=0.1%, 8=0.2%, 16=0.4%, 32=99.3%, >=64=0.0%
     submit    : 0=0.0%, 4=100.0%, 8=0.0%, 16=0.0%, 32=0.0%, 64=0.0%, >=64=0.0%
     complete  : 0=0.0%, 4=100.0%, 8=0.0%, 16=0.0%, 32=0.1%, 64=0.0%, >=64=0.0%
     issued rwts: total=0,16967,0,0 short=0,0,0,0 dropped=0,0,0,0
     latency   : target=0, window=0, percentile=100.00%, depth=32

Run status group 0 (all jobs):
  WRITE: bw=1122KiB/s (1149kB/s), 1122KiB/s-1122KiB/s (1149kB/s-1149kB/s), io=66.3MiB (69.5MB), run=60495-60495msec

Disk stats (read/write):
  sdb: ios=333/16919, merge=0/0, ticks=31686/7678826, in_queue=7710513, util=99.97%
