test_io_baseline: (g=0): rw=randwrite, bs=(R) 4096B-4096B, (W) 4096B-4096B, (T) 4096B-4096B, ioengine=io_uring, iodepth=32
...
fio-3.28
Starting 4 processes

test_io_baseline: (groupid=0, jobs=4): err= 0: pid=92928: Thu Apr 17 00:45:32 2025
  write: IOPS=1403, BW=5613KiB/s (5748kB/s)(329MiB/60095msec); 0 zone resets
    slat (usec): min=2, max=1103, avg= 8.44, stdev= 7.69
    clat (msec): min=2, max=1011, avg=91.18, stdev=47.78
     lat (msec): min=2, max=1011, avg=91.19, stdev=47.78
    clat percentiles (msec):
     |  1.00th=[   26],  5.00th=[   31], 10.00th=[   36], 20.00th=[   50],
     | 30.00th=[   63], 40.00th=[   77], 50.00th=[   90], 60.00th=[  103],
     | 70.00th=[  115], 80.00th=[  129], 90.00th=[  142], 95.00th=[  150],
     | 99.00th=[  228], 99.50th=[  330], 99.90th=[  510], 99.95th=[  584],
     | 99.99th=[  701]
   bw (  KiB/s): min= 4792, max= 6224, per=100.00%, avg=5614.00, stdev=59.67, samples=480
   iops        : min= 1198, max= 1556, avg=1403.50, stdev=14.92, samples=480
  lat (msec)   : 4=0.01%, 10=0.01%, 20=0.02%, 50=20.66%, 100=37.84%
  lat (msec)   : 250=40.63%, 500=0.72%, 750=0.10%, 1000=0.01%, 2000=0.01%
  cpu          : usr=0.37%, sys=0.24%, ctx=85937, majf=0, minf=43
  IO depths    : 1=0.1%, 2=0.1%, 4=0.1%, 8=0.1%, 16=0.1%, 32=99.9%, >=64=0.0%
     submit    : 0=0.0%, 4=100.0%, 8=0.0%, 16=0.0%, 32=0.0%, 64=0.0%, >=64=0.0%
     complete  : 0=0.0%, 4=100.0%, 8=0.0%, 16=0.0%, 32=0.1%, 64=0.0%, >=64=0.0%
     issued rwts: total=0,84334,0,0 short=0,0,0,0 dropped=0,0,0,0
     latency   : target=0, window=0, percentile=100.00%, depth=32

Run status group 0 (all jobs):
  WRITE: bw=5613KiB/s (5748kB/s), 5613KiB/s-5613KiB/s (5748kB/s-5748kB/s), io=329MiB (345MB), run=60095-60095msec

Disk stats (read/write):
  sdb: ios=405/84323, merge=0/0, ticks=6574/7681549, in_queue=7688123, util=99.99%
