test_io_baseline: (g=0): rw=randread, bs=(R) 4096B-4096B, (W) 4096B-4096B, (T) 4096B-4096B, ioengine=io_uring, iodepth=32
...
fio-3.28
Starting 4 processes

test_io_baseline: (groupid=0, jobs=4): err= 0: pid=114837: Thu Apr 17 04:21:13 2025
  read: IOPS=546, BW=2185KiB/s (2237kB/s)(400MiB/187487msec)
    slat (usec): min=2, max=1257, avg=12.57, stdev= 8.07
    clat (msec): min=2, max=758, avg=232.17, stdev=120.93
     lat (msec): min=2, max=758, avg=232.18, stdev=120.93
    clat percentiles (msec):
     |  1.00th=[   63],  5.00th=[   74], 10.00th=[   88], 20.00th=[  117],
     | 30.00th=[  148], 40.00th=[  182], 50.00th=[  218], 60.00th=[  253],
     | 70.00th=[  292], 80.00th=[  334], 90.00th=[  388], 95.00th=[  464],
     | 99.00th=[  575], 99.50th=[  584], 99.90th=[  617], 99.95th=[  634],
     | 99.99th=[  659]
   bw (  KiB/s): min= 1552, max= 3776, per=100.00%, avg=2202.87, stdev=63.09, samples=1482
   iops        : min=  388, max=  944, avg=550.67, stdev=15.76, samples=1482
  lat (msec)   : 4=0.01%, 10=0.01%, 20=0.01%, 50=0.02%, 100=14.34%
  lat (msec)   : 250=44.91%, 500=37.13%, 750=3.59%, 1000=0.01%
  cpu          : usr=0.10%, sys=0.26%, ctx=101205, majf=0, minf=177
  IO depths    : 1=0.1%, 2=0.1%, 4=0.1%, 8=0.1%, 16=0.1%, 32=99.9%, >=64=0.0%
     submit    : 0=0.0%, 4=100.0%, 8=0.0%, 16=0.0%, 32=0.0%, 64=0.0%, >=64=0.0%
     complete  : 0=0.0%, 4=100.0%, 8=0.0%, 16=0.0%, 32=0.1%, 64=0.0%, >=64=0.0%
     issued rwts: total=102400,0,0,0 short=0,0,0,0 dropped=0,0,0,0
     latency   : target=0, window=0, percentile=100.00%, depth=32

Run status group 0 (all jobs):
   READ: bw=2185KiB/s (2237kB/s), 2185KiB/s-2185KiB/s (2237kB/s-2237kB/s), io=400MiB (419MB), run=187487-187487msec

Disk stats (read/write):
  sdb: ios=102042/0, merge=298/0, ticks=23696044/0, in_queue=23696045, util=100.00%
