test_io_baseline: (g=0): rw=randread, bs=(R) 4096B-4096B, (W) 4096B-4096B, (T) 4096B-4096B, ioengine=io_uring, iodepth=32
...
fio-3.28
Starting 4 processes

test_io_baseline: (groupid=0, jobs=4): err= 0: pid=79281: Thu Apr 17 00:10:19 2025
  read: IOPS=1272, BW=5089KiB/s (5211kB/s)(299MiB/60102msec)
    slat (usec): min=2, max=4119, avg= 8.72, stdev=16.21
    clat (msec): min=2, max=544, avg=100.58, stdev=53.04
     lat (msec): min=2, max=544, avg=100.59, stdev=53.04
    clat percentiles (msec):
     |  1.00th=[   28],  5.00th=[   33], 10.00th=[   40], 20.00th=[   54],
     | 30.00th=[   69], 40.00th=[   83], 50.00th=[   97], 60.00th=[  111],
     | 70.00th=[  126], 80.00th=[  142], 90.00th=[  157], 95.00th=[  169],
     | 99.00th=[  284], 99.50th=[  368], 99.90th=[  514], 99.95th=[  527],
     | 99.99th=[  535]
   bw (  KiB/s): min= 4384, max= 5616, per=100.00%, avg=5089.42, stdev=61.36, samples=480
   iops        : min= 1096, max= 1404, avg=1272.35, stdev=15.34, samples=480
  lat (msec)   : 4=0.01%, 10=0.01%, 20=0.02%, 50=17.41%, 100=34.77%
  lat (msec)   : 250=46.38%, 500=1.31%, 750=0.12%
  cpu          : usr=0.21%, sys=0.41%, ctx=73831, majf=0, minf=173
  IO depths    : 1=0.1%, 2=0.1%, 4=0.1%, 8=0.1%, 16=0.1%, 32=99.8%, >=64=0.0%
     submit    : 0=0.0%, 4=100.0%, 8=0.0%, 16=0.0%, 32=0.0%, 64=0.0%, >=64=0.0%
     complete  : 0=0.0%, 4=100.0%, 8=0.0%, 16=0.0%, 32=0.1%, 64=0.0%, >=64=0.0%
     issued rwts: total=76465,0,0,0 short=0,0,0,0 dropped=0,0,0,0
     latency   : target=0, window=0, percentile=100.00%, depth=32

Run status group 0 (all jobs):
   READ: bw=5089KiB/s (5211kB/s), 5089KiB/s-5089KiB/s (5211kB/s-5211kB/s), io=299MiB (313MB), run=60102-60102msec

Disk stats (read/write):
  sdb: ios=76151/0, merge=0/0, ticks=7649856/0, in_queue=7649855, util=99.46%
