test_io_baseline: (g=0): rw=randwrite, bs=(R) 4096B-4096B, (W) 4096B-4096B, (T) 4096B-4096B, ioengine=io_uring, iodepth=32
...
fio-3.28
Starting 4 processes

test_io_baseline: (groupid=0, jobs=4): err= 0: pid=88064: Thu Apr 17 00:32:54 2025
  write: IOPS=5522, BW=21.6MiB/s (22.6MB/s)(1295MiB/60041msec); 0 zone resets
    slat (usec): min=2, max=1452, avg= 6.07, stdev= 5.67
    clat (msec): min=2, max=245, avg=23.16, stdev=12.31
     lat (msec): min=2, max=245, avg=23.17, stdev=12.31
    clat percentiles (msec):
     |  1.00th=[    7],  5.00th=[    8], 10.00th=[   10], 20.00th=[   13],
     | 30.00th=[   16], 40.00th=[   20], 50.00th=[   23], 60.00th=[   26],
     | 70.00th=[   29], 80.00th=[   33], 90.00th=[   36], 95.00th=[   39],
     | 99.00th=[   64], 99.50th=[   85], 99.90th=[  130], 99.95th=[  146],
     | 99.99th=[  182]
   bw (  KiB/s): min=19993, max=24816, per=100.00%, avg=22112.40, stdev=173.21, samples=477
   iops        : min= 4998, max= 6204, avg=5527.85, stdev=43.31, samples=477
  lat (msec)   : 4=0.01%, 10=12.73%, 20=29.79%, 50=55.87%, 100=1.31%
  lat (msec)   : 250=0.30%
  cpu          : usr=0.54%, sys=1.13%, ctx=279829, majf=0, minf=32
  IO depths    : 1=0.1%, 2=0.1%, 4=0.1%, 8=0.1%, 16=0.1%, 32=100.0%, >=64=0.0%
     submit    : 0=0.0%, 4=100.0%, 8=0.0%, 16=0.0%, 32=0.0%, 64=0.0%, >=64=0.0%
     complete  : 0=0.0%, 4=100.0%, 8=0.0%, 16=0.0%, 32=0.1%, 64=0.0%, >=64=0.0%
     issued rwts: total=0,331602,0,0 short=0,0,0,0 dropped=0,0,0,0
     latency   : target=0, window=0, percentile=100.00%, depth=32

Run status group 0 (all jobs):
  WRITE: bw=21.6MiB/s (22.6MB/s), 21.6MiB/s-21.6MiB/s (22.6MB/s-22.6MB/s), io=1295MiB (1358MB), run=60041-60041msec

Disk stats (read/write):
  sdb: ios=452/331181, merge=0/0, ticks=2123/7664348, in_queue=7666471, util=100.00%
