test_io_baseline: (g=0): rw=randread, bs=(R) 4096B-4096B, (W) 4096B-4096B, (T) 4096B-4096B, ioengine=io_uring, iodepth=32
...
fio-3.28
Starting 4 processes

test_io_baseline: (groupid=0, jobs=4): err= 0: pid=77616: Thu Apr 17 00:05:52 2025
  read: IOPS=1714, BW=6860KiB/s (7024kB/s)(403MiB/60159msec)
    slat (usec): min=2, max=11624, avg= 8.59, stdev=36.86
    clat (msec): min=2, max=539, avg=74.54, stdev=39.89
     lat (msec): min=2, max=539, avg=74.55, stdev=39.89
    clat percentiles (msec):
     |  1.00th=[   19],  5.00th=[   24], 10.00th=[   29], 20.00th=[   40],
     | 30.00th=[   51], 40.00th=[   62], 50.00th=[   72], 60.00th=[   83],
     | 70.00th=[   94], 80.00th=[  105], 90.00th=[  117], 95.00th=[  128],
     | 99.00th=[  188], 99.50th=[  262], 99.90th=[  422], 99.95th=[  481],
     | 99.99th=[  523]
   bw (  KiB/s): min= 5850, max= 9096, per=100.00%, avg=6875.14, stdev=121.65, samples=478
   iops        : min= 1462, max= 2274, avg=1718.57, stdev=30.42, samples=478
  lat (msec)   : 4=0.01%, 10=0.01%, 20=1.97%, 50=27.58%, 100=46.50%
  lat (msec)   : 250=23.40%, 500=0.51%, 750=0.03%
  cpu          : usr=0.32%, sys=0.47%, ctx=94743, majf=0, minf=172
  IO depths    : 1=0.1%, 2=0.1%, 4=0.1%, 8=0.1%, 16=0.1%, 32=99.9%, >=64=0.0%
     submit    : 0=0.0%, 4=100.0%, 8=0.0%, 16=0.0%, 32=0.0%, 64=0.0%, >=64=0.0%
     complete  : 0=0.0%, 4=100.0%, 8=0.0%, 16=0.0%, 32=0.1%, 64=0.0%, >=64=0.0%
     issued rwts: total=103167,0,0,0 short=0,0,0,0 dropped=0,0,0,0
     latency   : target=0, window=0, percentile=100.00%, depth=32

Run status group 0 (all jobs):
   READ: bw=6860KiB/s (7024kB/s), 6860KiB/s-6860KiB/s (7024kB/s-7024kB/s), io=403MiB (423MB), run=60159-60159msec

Disk stats (read/write):
  sdb: ios=103045/0, merge=0/0, ticks=7671143/0, in_queue=7671142, util=99.43%
