test_io_baseline: (g=0): rw=randread, bs=(R) 4096B-4096B, (W) 4096B-4096B, (T) 4096B-4096B, ioengine=io_uring, iodepth=32
...
fio-3.28
Starting 4 processes

test_io_baseline: (groupid=0, jobs=4): err= 0: pid=78450: Thu Apr 17 00:08:06 2025
  read: IOPS=1264, BW=5057KiB/s (5179kB/s)(297MiB/60143msec)
    slat (usec): min=2, max=8611, avg= 8.94, stdev=42.75
    clat (msec): min=2, max=541, avg=101.16, stdev=52.95
     lat (msec): min=2, max=541, avg=101.17, stdev=52.95
    clat percentiles (msec):
     |  1.00th=[   27],  5.00th=[   33], 10.00th=[   40], 20.00th=[   55],
     | 30.00th=[   69], 40.00th=[   83], 50.00th=[   99], 60.00th=[  112],
     | 70.00th=[  128], 80.00th=[  142], 90.00th=[  159], 95.00th=[  171],
     | 99.00th=[  271], 99.50th=[  363], 99.90th=[  518], 99.95th=[  531],
     | 99.99th=[  535]
   bw (  KiB/s): min= 4440, max= 5944, per=100.00%, avg=5061.37, stdev=65.13, samples=480
   iops        : min= 1110, max= 1486, avg=1265.27, stdev=16.29, samples=480
  lat (msec)   : 4=0.01%, 10=0.01%, 20=0.02%, 50=17.22%, 100=34.41%
  lat (msec)   : 250=47.12%, 500=1.08%, 750=0.13%
  cpu          : usr=0.24%, sys=0.45%, ctx=73645, majf=0, minf=170
  IO depths    : 1=0.1%, 2=0.1%, 4=0.1%, 8=0.1%, 16=0.1%, 32=99.8%, >=64=0.0%
     submit    : 0=0.0%, 4=100.0%, 8=0.0%, 16=0.0%, 32=0.0%, 64=0.0%, >=64=0.0%
     complete  : 0=0.0%, 4=100.0%, 8=0.0%, 16=0.0%, 32=0.1%, 64=0.0%, >=64=0.0%
     issued rwts: total=76040,0,0,0 short=0,0,0,0 dropped=0,0,0,0
     latency   : target=0, window=0, percentile=100.00%, depth=32

Run status group 0 (all jobs):
   READ: bw=5057KiB/s (5179kB/s), 5057KiB/s-5057KiB/s (5179kB/s-5179kB/s), io=297MiB (311MB), run=60143-60143msec

Disk stats (read/write):
  sdb: ios=75934/0, merge=0/0, ticks=7672727/0, in_queue=7672728, util=99.42%
