test_io_baseline: (g=0): rw=randwrite, bs=(R) 4096B-4096B, (W) 4096B-4096B, (T) 4096B-4096B, ioengine=io_uring, iodepth=32
...
fio-3.28
Starting 4 processes

test_io_baseline: (groupid=0, jobs=4): err= 0: pid=86104: Thu Apr 17 00:28:05 2025
  write: IOPS=5554, BW=21.7MiB/s (22.8MB/s)(1303MiB/60034msec); 0 zone resets
    slat (usec): min=2, max=1420, avg= 6.59, stdev= 6.20
    clat (msec): min=2, max=251, avg=23.03, stdev=12.22
     lat (msec): min=2, max=251, avg=23.04, stdev=12.22
    clat percentiles (msec):
     |  1.00th=[    7],  5.00th=[    8], 10.00th=[    9], 20.00th=[   13],
     | 30.00th=[   16], 40.00th=[   20], 50.00th=[   23], 60.00th=[   26],
     | 70.00th=[   29], 80.00th=[   33], 90.00th=[   36], 95.00th=[   39],
     | 99.00th=[   63], 99.50th=[   83], 99.90th=[  130], 99.95th=[  146],
     | 99.99th=[  184]
   bw (  KiB/s): min=20104, max=23379, per=99.98%, avg=22214.60, stdev=151.15, samples=476
   iops        : min= 5026, max= 5844, avg=5553.34, stdev=37.76, samples=476
  lat (msec)   : 4=0.01%, 10=13.08%, 20=29.81%, 50=55.55%, 100=1.29%
  lat (msec)   : 250=0.28%, 500=0.01%
  cpu          : usr=0.56%, sys=1.25%, ctx=315432, majf=0, minf=41
  IO depths    : 1=0.1%, 2=0.1%, 4=0.1%, 8=0.1%, 16=0.1%, 32=100.0%, >=64=0.0%
     submit    : 0=0.0%, 4=100.0%, 8=0.0%, 16=0.0%, 32=0.0%, 64=0.0%, >=64=0.0%
     complete  : 0=0.0%, 4=100.0%, 8=0.0%, 16=0.0%, 32=0.1%, 64=0.0%, >=64=0.0%
     issued rwts: total=0,333451,0,0 short=0,0,0,0 dropped=0,0,0,0
     latency   : target=0, window=0, percentile=100.00%, depth=32

Run status group 0 (all jobs):
  WRITE: bw=21.7MiB/s (22.8MB/s), 21.7MiB/s-21.7MiB/s (22.8MB/s-22.8MB/s), io=1303MiB (1366MB), run=60034-60034msec

Disk stats (read/write):
  sdb: ios=431/332920, merge=0/0, ticks=2291/7669256, in_queue=7671548, util=100.00%
