test_io_baseline: (g=0): rw=randwrite, bs=(R) 4096B-4096B, (W) 4096B-4096B, (T) 4096B-4096B, ioengine=io_uring, iodepth=32
...
fio-3.28
Starting 4 processes

test_io_baseline: (groupid=0, jobs=4): err= 0: pid=100690: Thu Apr 17 01:06:15 2025
  write: IOPS=280, BW=1121KiB/s (1148kB/s)(66.2MiB/60486msec); 0 zone resets
    slat (usec): min=2, max=125, avg=13.03, stdev= 4.82
    clat (msec): min=10, max=4449, avg=456.36, stdev=246.43
     lat (msec): min=10, max=4449, avg=456.37, stdev=246.43
    clat percentiles (msec):
     |  1.00th=[  123],  5.00th=[  150], 10.00th=[  178], 20.00th=[  243],
     | 30.00th=[  313], 40.00th=[  372], 50.00th=[  443], 60.00th=[  510],
     | 70.00th=[  575], 80.00th=[  642], 90.00th=[  709], 95.00th=[  751],
     | 99.00th=[ 1167], 99.50th=[ 1653], 99.90th=[ 2735], 99.95th=[ 2970],
     | 99.99th=[ 3775]
   bw (  KiB/s): min=  784, max= 1487, per=100.00%, avg=1122.12, stdev=32.59, samples=480
   iops        : min=  196, max=  371, avg=280.52, stdev= 8.14, samples=480
  lat (msec)   : 20=0.03%, 50=0.05%, 100=0.08%, 250=20.75%, 500=37.55%
  lat (msec)   : 750=36.42%, 1000=3.74%, 2000=1.04%, >=2000=0.33%
  cpu          : usr=0.09%, sys=0.12%, ctx=17282, majf=0, minf=52
  IO depths    : 1=0.1%, 2=0.1%, 4=0.1%, 8=0.2%, 16=0.4%, 32=99.3%, >=64=0.0%
     submit    : 0=0.0%, 4=100.0%, 8=0.0%, 16=0.0%, 32=0.0%, 64=0.0%, >=64=0.0%
     complete  : 0=0.0%, 4=100.0%, 8=0.0%, 16=0.0%, 32=0.1%, 64=0.0%, >=64=0.0%
     issued rwts: total=0,16957,0,0 short=0,0,0,0 dropped=0,0,0,0
     latency   : target=0, window=0, percentile=100.00%, depth=32

Run status group 0 (all jobs):
  WRITE: bw=1121KiB/s (1148kB/s), 1121KiB/s-1121KiB/s (1148kB/s-1148kB/s), io=66.2MiB (69.5MB), run=60486-60486msec

Disk stats (read/write):
  sdb: ios=338/16908, merge=0/0, ticks=31136/7684715, in_queue=7715851, util=99.98%
