test_io_baseline: (g=0): rw=randwrite, bs=(R) 4096B-4096B, (W) 4096B-4096B, (T) 4096B-4096B, ioengine=io_uring, iodepth=32
...
fio-3.28
Starting 4 processes

test_io_baseline: (groupid=0, jobs=4): err= 0: pid=115873: Thu Apr 17 04:24:52 2025
  write: IOPS=561, BW=2244KiB/s (2298kB/s)(400MiB/182525msec); 0 zone resets
    slat (usec): min=2, max=546, avg=10.35, stdev= 4.99
    clat (msec): min=2, max=2086, avg=224.86, stdev=117.97
     lat (msec): min=2, max=2086, avg=224.87, stdev=117.97
    clat percentiles (msec):
     |  1.00th=[   57],  5.00th=[   70], 10.00th=[   87], 20.00th=[  121],
     | 30.00th=[  153], 40.00th=[  186], 50.00th=[  220], 60.00th=[  253],
     | 70.00th=[  284], 80.00th=[  317], 90.00th=[  347], 95.00th=[  372],
     | 99.00th=[  617], 99.50th=[  802], 99.90th=[ 1133], 99.95th=[ 1267],
     | 99.99th=[ 1603]
   bw (  KiB/s): min= 1591, max= 4337, per=100.00%, avg=2275.70, stdev=120.46, samples=1436
   iops        : min=  397, max= 1084, avg=568.78, stdev=30.11, samples=1436
  lat (msec)   : 4=0.01%, 10=0.01%, 20=0.01%, 50=0.02%, 100=14.10%
  lat (msec)   : 250=45.19%, 500=39.04%, 750=1.03%, 1000=0.42%, 2000=0.19%
  lat (msec)   : >=2000=0.01%
  cpu          : usr=0.12%, sys=0.21%, ctx=105492, majf=0, minf=39
  IO depths    : 1=0.1%, 2=0.1%, 4=0.1%, 8=0.1%, 16=0.1%, 32=99.9%, >=64=0.0%
     submit    : 0=0.0%, 4=100.0%, 8=0.0%, 16=0.0%, 32=0.0%, 64=0.0%, >=64=0.0%
     complete  : 0=0.0%, 4=100.0%, 8=0.0%, 16=0.0%, 32=0.1%, 64=0.0%, >=64=0.0%
     issued rwts: total=0,102400,0,0 short=0,0,0,0 dropped=0,0,0,0
     latency   : target=0, window=0, percentile=100.00%, depth=32

Run status group 0 (all jobs):
  WRITE: bw=2244KiB/s (2298kB/s), 2244KiB/s-2244KiB/s (2298kB/s-2298kB/s), io=400MiB (419MB), run=182525-182525msec

Disk stats (read/write):
  sdb: ios=357/101968, merge=0/311, ticks=19425/22949958, in_queue=22969382, util=100.00%
