test_io_baseline: (g=0): rw=randwrite, bs=(R) 4096B-4096B, (W) 4096B-4096B, (T) 4096B-4096B, ioengine=io_uring, iodepth=32
...
fio-3.28
Starting 4 processes

test_io_baseline: (groupid=0, jobs=4): err= 0: pid=89001: Thu Apr 17 00:35:21 2025
  write: IOPS=2777, BW=10.8MiB/s (11.4MB/s)(652MiB/60093msec); 0 zone resets
    slat (usec): min=2, max=1517, avg= 7.24, stdev= 6.63
    clat (msec): min=2, max=483, avg=46.04, stdev=25.09
     lat (msec): min=2, max=483, avg=46.05, stdev=25.09
    clat percentiles (msec):
     |  1.00th=[   13],  5.00th=[   16], 10.00th=[   18], 20.00th=[   25],
     | 30.00th=[   32], 40.00th=[   39], 50.00th=[   45], 60.00th=[   52],
     | 70.00th=[   58], 80.00th=[   65], 90.00th=[   71], 95.00th=[   77],
     | 99.00th=[  127], 99.50th=[  176], 99.90th=[  279], 99.95th=[  309],
     | 99.99th=[  376]
   bw (  KiB/s): min= 9208, max=12624, per=100.00%, avg=11124.72, stdev=98.82, samples=478
   iops        : min= 2302, max= 3156, avg=2781.06, stdev=24.71, samples=478
  lat (msec)   : 4=0.01%, 10=0.03%, 20=13.13%, 50=45.08%, 100=40.27%
  lat (msec)   : 250=1.33%, 500=0.16%
  cpu          : usr=0.42%, sys=0.60%, ctx=161456, majf=0, minf=46
  IO depths    : 1=0.1%, 2=0.1%, 4=0.1%, 8=0.1%, 16=0.1%, 32=99.9%, >=64=0.0%
     submit    : 0=0.0%, 4=100.0%, 8=0.0%, 16=0.0%, 32=0.0%, 64=0.0%, >=64=0.0%
     complete  : 0=0.0%, 4=100.0%, 8=0.0%, 16=0.0%, 32=0.1%, 64=0.0%, >=64=0.0%
     issued rwts: total=0,166915,0,0 short=0,0,0,0 dropped=0,0,0,0
     latency   : target=0, window=0, percentile=100.00%, depth=32

Run status group 0 (all jobs):
  WRITE: bw=10.8MiB/s (11.4MB/s), 10.8MiB/s-10.8MiB/s (11.4MB/s-11.4MB/s), io=652MiB (684MB), run=60093-60093msec

Disk stats (read/write):
  sdb: ios=427/166741, merge=0/0, ticks=3766/7670526, in_queue=7674293, util=100.00%
