test_io_baseline: (g=0): rw=randread, bs=(R) 4096B-4096B, (W) 4096B-4096B, (T) 4096B-4096B, ioengine=io_uring, iodepth=32
...
fio-3.28
Starting 4 processes

test_io_baseline: (groupid=0, jobs=4): err= 0: pid=75968: Thu Apr 17 00:01:25 2025
  read: IOPS=1970, BW=7881KiB/s (8070kB/s)(462MiB/60079msec)
    slat (usec): min=2, max=2289, avg= 7.55, stdev= 8.92
    clat (msec): min=4, max=524, avg=64.93, stdev=34.48
     lat (msec): min=4, max=524, avg=64.93, stdev=34.48
    clat percentiles (msec):
     |  1.00th=[   16],  5.00th=[   21], 10.00th=[   26], 20.00th=[   35],
     | 30.00th=[   45], 40.00th=[   54], 50.00th=[   63], 60.00th=[   72],
     | 70.00th=[   82], 80.00th=[   91], 90.00th=[  104], 95.00th=[  113],
     | 99.00th=[  167], 99.50th=[  226], 99.90th=[  347], 99.95th=[  397],
     | 99.99th=[  481]
   bw (  KiB/s): min= 6160, max= 9456, per=100.00%, avg=7887.60, stdev=153.37, samples=478
   iops        : min= 1540, max= 2364, avg=1971.74, stdev=38.35, samples=478
  lat (msec)   : 10=0.01%, 20=4.29%, 50=32.22%, 100=51.50%, 250=11.62%
  lat (msec)   : 500=0.35%, 750=0.01%
  cpu          : usr=0.25%, sys=0.58%, ctx=112129, majf=0, minf=173
  IO depths    : 1=0.1%, 2=0.1%, 4=0.1%, 8=0.1%, 16=0.1%, 32=99.9%, >=64=0.0%
     submit    : 0=0.0%, 4=100.0%, 8=0.0%, 16=0.0%, 32=0.0%, 64=0.0%, >=64=0.0%
     complete  : 0=0.0%, 4=100.0%, 8=0.0%, 16=0.0%, 32=0.1%, 64=0.0%, >=64=0.0%
     issued rwts: total=118368,0,0,0 short=0,0,0,0 dropped=0,0,0,0
     latency   : target=0, window=0, percentile=100.00%, depth=32

Run status group 0 (all jobs):
   READ: bw=7881KiB/s (8070kB/s), 7881KiB/s-7881KiB/s (8070kB/s-8070kB/s), io=462MiB (485MB), run=60079-60079msec

Disk stats (read/write):
  sdb: ios=118251/0, merge=0/0, ticks=7671823/0, in_queue=7671824, util=99.33%
