test_io_baseline: (g=0): rw=randwrite, bs=(R) 4096B-4096B, (W) 4096B-4096B, (T) 4096B-4096B, ioengine=io_uring, iodepth=32
...
fio-3.28
Starting 4 processes

test_io_baseline: (groupid=0, jobs=4): err= 0: pid=93965: Thu Apr 17 00:48:09 2025
  write: IOPS=1400, BW=5604KiB/s (5738kB/s)(329MiB/60145msec); 0 zone resets
    slat (usec): min=2, max=582, avg= 8.38, stdev= 5.36
    clat (msec): min=2, max=872, avg=91.27, stdev=48.90
     lat (msec): min=2, max=872, avg=91.28, stdev=48.90
    clat percentiles (msec):
     |  1.00th=[   26],  5.00th=[   30], 10.00th=[   36], 20.00th=[   50],
     | 30.00th=[   63], 40.00th=[   75], 50.00th=[   89], 60.00th=[  102],
     | 70.00th=[  115], 80.00th=[  128], 90.00th=[  142], 95.00th=[  150],
     | 99.00th=[  245], 99.50th=[  338], 99.90th=[  531], 99.95th=[  592],
     | 99.99th=[  701]
   bw (  KiB/s): min= 4890, max= 6512, per=100.00%, avg=5610.54, stdev=60.23, samples=479
   iops        : min= 1222, max= 1628, avg=1402.59, stdev=15.07, samples=479
  lat (msec)   : 4=0.01%, 10=0.01%, 20=0.02%, 50=20.54%, 100=38.26%
  lat (msec)   : 250=40.21%, 500=0.83%, 750=0.12%, 1000=0.01%
  cpu          : usr=0.29%, sys=0.34%, ctx=84297, majf=0, minf=33
  IO depths    : 1=0.1%, 2=0.1%, 4=0.1%, 8=0.1%, 16=0.1%, 32=99.9%, >=64=0.0%
     submit    : 0=0.0%, 4=100.0%, 8=0.0%, 16=0.0%, 32=0.0%, 64=0.0%, >=64=0.0%
     complete  : 0=0.0%, 4=100.0%, 8=0.0%, 16=0.0%, 32=0.1%, 64=0.0%, >=64=0.0%
     issued rwts: total=0,84258,0,0 short=0,0,0,0 dropped=0,0,0,0
     latency   : target=0, window=0, percentile=100.00%, depth=32

Run status group 0 (all jobs):
  WRITE: bw=5604KiB/s (5738kB/s), 5604KiB/s-5604KiB/s (5738kB/s-5738kB/s), io=329MiB (345MB), run=60145-60145msec

Disk stats (read/write):
  sdb: ios=418/84128, merge=0/0, ticks=6631/7670325, in_queue=7676957, util=100.00%
