test_io: (g=0): rw=randread, bs=(R) 4096B-4096B, (W) 4096B-4096B, (T) 4096B-4096B, ioengine=io_uring, iodepth=32
...
fio-3.28
Starting 4 processes

test_io: (groupid=0, jobs=4): err= 0: pid=78863: Thu Apr 17 00:09:16 2025
  read: IOPS=850, BW=3400KiB/s (3482kB/s)(200MiB/60150msec)
    slat (usec): min=2, max=1948, avg=12.92, stdev=15.19
    clat (msec): min=6, max=321, avg=150.42, stdev=26.71
     lat (msec): min=6, max=321, avg=150.43, stdev=26.71
    clat percentiles (msec):
     |  1.00th=[  107],  5.00th=[  117], 10.00th=[  123], 20.00th=[  130],
     | 30.00th=[  136], 40.00th=[  142], 50.00th=[  146], 60.00th=[  153],
     | 70.00th=[  161], 80.00th=[  169], 90.00th=[  180], 95.00th=[  194],
     | 99.00th=[  259], 99.50th=[  275], 99.90th=[  305], 99.95th=[  309],
     | 99.99th=[  317]
   bw (  KiB/s): min= 1616, max= 4202, per=100.00%, avg=3401.90, stdev=134.14, samples=478
   iops        : min=  404, max= 1050, avg=850.37, stdev=33.52, samples=478
  lat (msec)   : 10=0.01%, 20=0.01%, 50=0.03%, 100=0.22%, 250=98.50%
  lat (msec)   : 500=1.24%
  cpu          : usr=0.14%, sys=0.22%, ctx=99823, majf=0, minf=172
  IO depths    : 1=0.1%, 2=0.1%, 4=0.1%, 8=0.1%, 16=0.1%, 32=99.8%, >=64=0.0%
     submit    : 0=0.0%, 4=100.0%, 8=0.0%, 16=0.0%, 32=0.0%, 64=0.0%, >=64=0.0%
     complete  : 0=0.0%, 4=100.0%, 8=0.0%, 16=0.0%, 32=0.1%, 64=0.0%, >=64=0.0%
     issued rwts: total=51130,0,0,0 short=0,0,0,0 dropped=0,0,0,0
     latency   : target=0, window=0, percentile=100.00%, depth=32

Run status group 0 (all jobs):
   READ: bw=3400KiB/s (3482kB/s), 3400KiB/s-3400KiB/s (3482kB/s-3482kB/s), io=200MiB (209MB), run=60150-60150msec

Disk stats (read/write):
  nbd0: ios=51009/0, merge=0/0, ticks=7667999/0, in_queue=7667999, util=99.43%
