test_io: (g=0): rw=randread, bs=(R) 4096B-4096B, (W) 4096B-4096B, (T) 4096B-4096B, ioengine=io_uring, iodepth=32
...
fio-3.28
Starting 4 processes

test_io: (groupid=0, jobs=4): err= 0: pid=115583: Thu Apr 17 04:21:47 2025
  read: IOPS=3208, BW=12.5MiB/s (13.1MB/s)(400MiB/31919msec)
    slat (usec): min=2, max=1543, avg= 8.58, stdev=11.40
    clat (msec): min=5, max=324, avg=39.88, stdev=32.34
     lat (msec): min=5, max=324, avg=39.89, stdev=32.34
    clat percentiles (msec):
     |  1.00th=[   10],  5.00th=[   13], 10.00th=[   16], 20.00th=[   18],
     | 30.00th=[   21], 40.00th=[   25], 50.00th=[   28], 60.00th=[   34],
     | 70.00th=[   43], 80.00th=[   57], 90.00th=[   79], 95.00th=[  107],
     | 99.00th=[  165], 99.50th=[  190], 99.90th=[  275], 99.95th=[  296],
     | 99.99th=[  313]
   bw (  KiB/s): min= 1752, max=31448, per=98.54%, avg=12645.97, stdev=2026.99, samples=252
   iops        : min=  438, max= 7862, avg=3161.49, stdev=506.75, samples=252
  lat (msec)   : 10=1.44%, 20=23.77%, 50=50.47%, 100=18.56%, 250=5.63%
  lat (msec)   : 500=0.14%
  cpu          : usr=0.29%, sys=0.56%, ctx=199363, majf=0, minf=172
  IO depths    : 1=0.1%, 2=0.1%, 4=0.1%, 8=0.1%, 16=0.1%, 32=99.9%, >=64=0.0%
     submit    : 0=0.0%, 4=100.0%, 8=0.0%, 16=0.0%, 32=0.0%, 64=0.0%, >=64=0.0%
     complete  : 0=0.0%, 4=100.0%, 8=0.0%, 16=0.0%, 32=0.1%, 64=0.0%, >=64=0.0%
     issued rwts: total=102400,0,0,0 short=0,0,0,0 dropped=0,0,0,0
     latency   : target=0, window=0, percentile=100.00%, depth=32

Run status group 0 (all jobs):
   READ: bw=12.5MiB/s (13.1MB/s), 12.5MiB/s-12.5MiB/s (13.1MB/s-13.1MB/s), io=400MiB (419MB), run=31919-31919msec

Disk stats (read/write):
  nbd0: ios=101906/0, merge=0/0, ticks=4089671/0, in_queue=4089671, util=100.00%
