test_io: (g=0): rw=randread, bs=(R) 4096B-4096B, (W) 4096B-4096B, (T) 4096B-4096B, ioengine=io_uring, iodepth=32
...
fio-3.28
Starting 4 processes

test_io: (groupid=0, jobs=4): err= 0: pid=76379: Thu Apr 17 00:02:36 2025
  read: IOPS=838, BW=3353KiB/s (3434kB/s)(197MiB/60125msec)
    slat (usec): min=2, max=2400, avg=12.72, stdev=14.64
    clat (msec): min=5, max=276, avg=152.62, stdev=26.32
     lat (msec): min=5, max=276, avg=152.64, stdev=26.32
    clat percentiles (msec):
     |  1.00th=[  106],  5.00th=[  117], 10.00th=[  124], 20.00th=[  132],
     | 30.00th=[  138], 40.00th=[  142], 50.00th=[  148], 60.00th=[  157],
     | 70.00th=[  163], 80.00th=[  174], 90.00th=[  188], 95.00th=[  201],
     | 99.00th=[  230], 99.50th=[  243], 99.90th=[  259], 99.95th=[  264],
     | 99.99th=[  275]
   bw (  KiB/s): min= 1935, max= 4600, per=99.96%, avg=3352.34, stdev=136.13, samples=480
   iops        : min=  483, max= 1150, avg=838.02, stdev=34.03, samples=480
  lat (msec)   : 10=0.01%, 20=0.01%, 50=0.03%, 100=0.29%, 250=99.27%
  lat (msec)   : 500=0.40%
  cpu          : usr=0.11%, sys=0.25%, ctx=97316, majf=0, minf=166
  IO depths    : 1=0.1%, 2=0.1%, 4=0.1%, 8=0.1%, 16=0.1%, 32=99.8%, >=64=0.0%
     submit    : 0=0.0%, 4=100.0%, 8=0.0%, 16=0.0%, 32=0.0%, 64=0.0%, >=64=0.0%
     complete  : 0=0.0%, 4=100.0%, 8=0.0%, 16=0.0%, 32=0.1%, 64=0.0%, >=64=0.0%
     issued rwts: total=50407,0,0,0 short=0,0,0,0 dropped=0,0,0,0
     latency   : target=0, window=0, percentile=100.00%, depth=32

Run status group 0 (all jobs):
   READ: bw=3353KiB/s (3434kB/s), 3353KiB/s-3353KiB/s (3434kB/s-3434kB/s), io=197MiB (206MB), run=60125-60125msec

Disk stats (read/write):
  nbd0: ios=50237/0, merge=0/0, ticks=7666107/0, in_queue=7666108, util=99.39%
