test_io: (g=0): rw=randread, bs=(R) 4096B-4096B, (W) 4096B-4096B, (T) 4096B-4096B, ioengine=io_uring, iodepth=32
...
fio-3.28
Starting 4 processes

test_io: (groupid=0, jobs=4): err= 0: pid=78029: Thu Apr 17 00:07:03 2025
  read: IOPS=802, BW=3211KiB/s (3288kB/s)(189MiB/60147msec)
    slat (usec): min=2, max=1094, avg=13.17, stdev=11.30
    clat (msec): min=5, max=525, avg=159.29, stdev=34.26
     lat (msec): min=5, max=525, avg=159.31, stdev=34.26
    clat percentiles (msec):
     |  1.00th=[  110],  5.00th=[  123], 10.00th=[  129], 20.00th=[  136],
     | 30.00th=[  142], 40.00th=[  148], 50.00th=[  155], 60.00th=[  159],
     | 70.00th=[  167], 80.00th=[  178], 90.00th=[  192], 95.00th=[  213],
     | 99.00th=[  275], 99.50th=[  309], 99.90th=[  489], 99.95th=[  506],
     | 99.99th=[  523]
   bw (  KiB/s): min= 1320, max= 4090, per=99.99%, avg=3211.28, stdev=140.63, samples=479
   iops        : min=  330, max= 1022, avg=802.71, stdev=35.15, samples=479
  lat (msec)   : 10=0.01%, 20=0.01%, 50=0.02%, 100=0.22%, 250=97.36%
  lat (msec)   : 500=2.34%, 750=0.06%
  cpu          : usr=0.11%, sys=0.25%, ctx=95160, majf=0, minf=161
  IO depths    : 1=0.1%, 2=0.1%, 4=0.1%, 8=0.1%, 16=0.1%, 32=99.7%, >=64=0.0%
     submit    : 0=0.0%, 4=100.0%, 8=0.0%, 16=0.0%, 32=0.0%, 64=0.0%, >=64=0.0%
     complete  : 0=0.0%, 4=100.0%, 8=0.0%, 16=0.0%, 32=0.1%, 64=0.0%, >=64=0.0%
     issued rwts: total=48286,0,0,0 short=0,0,0,0 dropped=0,0,0,0
     latency   : target=0, window=0, percentile=100.00%, depth=32

Run status group 0 (all jobs):
   READ: bw=3211KiB/s (3288kB/s), 3211KiB/s-3211KiB/s (3288kB/s-3288kB/s), io=189MiB (198MB), run=60147-60147msec

Disk stats (read/write):
  nbd0: ios=48067/0, merge=0/0, ticks=7656250/0, in_queue=7656250, util=99.37%
