test_io: (g=0): rw=randread, bs=(R) 4096B-4096B, (W) 4096B-4096B, (T) 4096B-4096B, ioengine=io_uring, iodepth=32
...
fio-3.28
Starting 4 processes

test_io: (groupid=0, jobs=4): err= 0: pid=74646: Wed Apr 16 23:58:08 2025
  read: IOPS=814, BW=3256KiB/s (3335kB/s)(191MiB/60115msec)
    slat (usec): min=3, max=1724, avg=13.77, stdev=15.77
    clat (msec): min=5, max=320, avg=157.11, stdev=26.45
     lat (msec): min=5, max=320, avg=157.13, stdev=26.45
    clat percentiles (msec):
     |  1.00th=[  108],  5.00th=[  123], 10.00th=[  130], 20.00th=[  138],
     | 30.00th=[  144], 40.00th=[  148], 50.00th=[  155], 60.00th=[  161],
     | 70.00th=[  167], 80.00th=[  174], 90.00th=[  188], 95.00th=[  203],
     | 99.00th=[  251], 99.50th=[  268], 99.90th=[  296], 99.95th=[  305],
     | 99.99th=[  317]
   bw (  KiB/s): min= 1616, max= 4180, per=99.93%, avg=3254.79, stdev=125.87, samples=480
   iops        : min=  404, max= 1044, avg=813.57, stdev=31.45, samples=480
  lat (msec)   : 10=0.01%, 20=0.01%, 50=0.02%, 100=0.51%, 250=98.43%
  lat (msec)   : 500=1.03%
  cpu          : usr=0.16%, sys=0.22%, ctx=95764, majf=0, minf=163
  IO depths    : 1=0.1%, 2=0.1%, 4=0.1%, 8=0.1%, 16=0.1%, 32=99.7%, >=64=0.0%
     submit    : 0=0.0%, 4=100.0%, 8=0.0%, 16=0.0%, 32=0.0%, 64=0.0%, >=64=0.0%
     complete  : 0=0.0%, 4=100.0%, 8=0.0%, 16=0.0%, 32=0.1%, 64=0.0%, >=64=0.0%
     issued rwts: total=48939,0,0,0 short=0,0,0,0 dropped=0,0,0,0
     latency   : target=0, window=0, percentile=100.00%, depth=32

Run status group 0 (all jobs):
   READ: bw=3256KiB/s (3335kB/s), 3256KiB/s-3256KiB/s (3335kB/s-3335kB/s), io=191MiB (200MB), run=60115-60115msec

Disk stats (read/write):
  nbd0: ios=48955/0, merge=0/0, ticks=7682553/0, in_queue=7682552, util=99.55%
