test_io: (g=0): rw=randread, bs=(R) 4096B-4096B, (W) 4096B-4096B, (T) 4096B-4096B, ioengine=io_uring, iodepth=32
...
fio-3.28
Starting 4 processes

test_io: (groupid=0, jobs=4): err= 0: pid=82984: Thu Apr 17 00:20:25 2025
  read: IOPS=826, BW=3306KiB/s (3386kB/s)(194MiB/60107msec)
    slat (usec): min=2, max=2833, avg=12.32, stdev=19.67
    clat (msec): min=7, max=342, avg=154.80, stdev=26.95
     lat (msec): min=7, max=342, avg=154.82, stdev=26.95
    clat percentiles (msec):
     |  1.00th=[  111],  5.00th=[  122], 10.00th=[  127], 20.00th=[  134],
     | 30.00th=[  140], 40.00th=[  146], 50.00th=[  153], 60.00th=[  157],
     | 70.00th=[  165], 80.00th=[  174], 90.00th=[  186], 95.00th=[  199],
     | 99.00th=[  243], 99.50th=[  279], 99.90th=[  330], 99.95th=[  330],
     | 99.99th=[  338]
   bw (  KiB/s): min= 1656, max= 4096, per=99.84%, avg=3301.93, stdev=128.24, samples=479
   iops        : min=  414, max= 1024, avg=825.48, stdev=32.06, samples=479
  lat (msec)   : 10=0.01%, 20=0.01%, 50=0.02%, 100=0.15%, 250=99.03%
  lat (msec)   : 500=0.78%
  cpu          : usr=0.11%, sys=0.23%, ctx=98323, majf=0, minf=161
  IO depths    : 1=0.1%, 2=0.1%, 4=0.1%, 8=0.1%, 16=0.1%, 32=99.8%, >=64=0.0%
     submit    : 0=0.0%, 4=100.0%, 8=0.0%, 16=0.0%, 32=0.0%, 64=0.0%, >=64=0.0%
     complete  : 0=0.0%, 4=100.0%, 8=0.0%, 16=0.0%, 32=0.1%, 64=0.0%, >=64=0.0%
     issued rwts: total=49684,0,0,0 short=0,0,0,0 dropped=0,0,0,0
     latency   : target=0, window=0, percentile=100.00%, depth=32

Run status group 0 (all jobs):
   READ: bw=3306KiB/s (3386kB/s), 3306KiB/s-3306KiB/s (3386kB/s-3386kB/s), io=194MiB (204MB), run=60107-60107msec

Disk stats (read/write):
  nbd0: ios=49664/0, merge=0/0, ticks=7685043/0, in_queue=7685043, util=99.34%
