test_io: (g=0): rw=randread, bs=(R) 4096B-4096B, (W) 4096B-4096B, (T) 4096B-4096B, ioengine=io_uring, iodepth=32
...
fio-3.28
Starting 4 processes

test_io: (groupid=0, jobs=4): err= 0: pid=85647: Thu Apr 17 00:27:02 2025
  read: IOPS=538, BW=2153KiB/s (2204kB/s)(127MiB/60182msec)
    slat (usec): min=3, max=1759, avg=14.66, stdev=16.87
    clat (msec): min=19, max=490, avg=237.70, stdev=44.98
     lat (msec): min=19, max=490, avg=237.72, stdev=44.98
    clat percentiles (msec):
     |  1.00th=[  155],  5.00th=[  176], 10.00th=[  188], 20.00th=[  203],
     | 30.00th=[  213], 40.00th=[  224], 50.00th=[  232], 60.00th=[  243],
     | 70.00th=[  253], 80.00th=[  271], 90.00th=[  292], 95.00th=[  321],
     | 99.00th=[  376], 99.50th=[  405], 99.90th=[  451], 99.95th=[  468],
     | 99.99th=[  485]
   bw (  KiB/s): min= 1056, max= 3056, per=99.88%, avg=2150.53, stdev=107.16, samples=480
   iops        : min=  264, max=  764, avg=537.62, stdev=26.79, samples=480
  lat (msec)   : 20=0.01%, 50=0.02%, 100=0.06%, 250=67.27%, 500=32.63%
  cpu          : usr=0.06%, sys=0.21%, ctx=63473, majf=0, minf=165
  IO depths    : 1=0.1%, 2=0.1%, 4=0.1%, 8=0.1%, 16=0.2%, 32=99.6%, >=64=0.0%
     submit    : 0=0.0%, 4=100.0%, 8=0.0%, 16=0.0%, 32=0.0%, 64=0.0%, >=64=0.0%
     complete  : 0=0.0%, 4=100.0%, 8=0.0%, 16=0.0%, 32=0.1%, 64=0.0%, >=64=0.0%
     issued rwts: total=32388,0,0,0 short=0,0,0,0 dropped=0,0,0,0
     latency   : target=0, window=0, percentile=100.00%, depth=32

Run status group 0 (all jobs):
   READ: bw=2153KiB/s (2204kB/s), 2153KiB/s-2153KiB/s (2204kB/s-2204kB/s), io=127MiB (133MB), run=60182-60182msec

Disk stats (read/write):
  nbd0: ios=32408/0, merge=0/0, ticks=7690952/0, in_queue=7690952, util=99.74%
