test_io: (g=0): rw=randread, bs=(R) 4096B-4096B, (W) 4096B-4096B, (T) 4096B-4096B, ioengine=io_uring, iodepth=32
...
fio-3.28
Starting 4 processes

test_io: (groupid=0, jobs=4): err= 0: pid=75478: Thu Apr 17 00:00:21 2025
  read: IOPS=829, BW=3320KiB/s (3399kB/s)(195MiB/60116msec)
    slat (usec): min=2, max=6124, avg=14.33, stdev=30.48
    clat (msec): min=5, max=366, avg=154.17, stdev=26.88
     lat (msec): min=5, max=366, avg=154.18, stdev=26.88
    clat percentiles (msec):
     |  1.00th=[  110],  5.00th=[  121], 10.00th=[  127], 20.00th=[  136],
     | 30.00th=[  140], 40.00th=[  146], 50.00th=[  150], 60.00th=[  157],
     | 70.00th=[  163], 80.00th=[  171], 90.00th=[  186], 95.00th=[  203],
     | 99.00th=[  247], 99.50th=[  264], 99.90th=[  355], 99.95th=[  359],
     | 99.99th=[  363]
   bw (  KiB/s): min= 1800, max= 4154, per=99.95%, avg=3318.06, stdev=122.61, samples=479
   iops        : min=  450, max= 1038, avg=829.40, stdev=30.64, samples=479
  lat (msec)   : 10=0.01%, 20=0.01%, 50=0.02%, 100=0.29%, 250=98.81%
  lat (msec)   : 500=0.87%
  cpu          : usr=0.16%, sys=0.24%, ctx=96794, majf=0, minf=163
  IO depths    : 1=0.1%, 2=0.1%, 4=0.1%, 8=0.1%, 16=0.1%, 32=99.8%, >=64=0.0%
     submit    : 0=0.0%, 4=100.0%, 8=0.0%, 16=0.0%, 32=0.0%, 64=0.0%, >=64=0.0%
     complete  : 0=0.0%, 4=100.0%, 8=0.0%, 16=0.0%, 32=0.1%, 64=0.0%, >=64=0.0%
     issued rwts: total=49892,0,0,0 short=0,0,0,0 dropped=0,0,0,0
     latency   : target=0, window=0, percentile=100.00%, depth=32

Run status group 0 (all jobs):
   READ: bw=3320KiB/s (3399kB/s), 3320KiB/s-3320KiB/s (3399kB/s-3399kB/s), io=195MiB (204MB), run=60116-60116msec

Disk stats (read/write):
  nbd0: ios=49696/0, merge=0/0, ticks=7658764/0, in_queue=7658764, util=99.37%
