test_io: (g=0): rw=randread, bs=(R) 4096B-4096B, (W) 4096B-4096B, (T) 4096B-4096B, ioengine=io_uring, iodepth=32
...
fio-3.28
Starting 4 processes

test_io: (groupid=0, jobs=4): err= 0: pid=83820: Thu Apr 17 00:22:40 2025
  read: IOPS=526, BW=2105KiB/s (2156kB/s)(124MiB/60239msec)
    slat (usec): min=2, max=1980, avg=15.96, stdev=19.74
    clat (msec): min=8, max=548, avg=243.05, stdev=47.54
     lat (msec): min=8, max=548, avg=243.06, stdev=47.55
    clat percentiles (msec):
     |  1.00th=[  161],  5.00th=[  182], 10.00th=[  192], 20.00th=[  207],
     | 30.00th=[  218], 40.00th=[  228], 50.00th=[  239], 60.00th=[  249],
     | 70.00th=[  259], 80.00th=[  271], 90.00th=[  296], 95.00th=[  321],
     | 99.00th=[  401], 99.50th=[  468], 99.90th=[  542], 99.95th=[  542],
     | 99.99th=[  550]
   bw (  KiB/s): min=  880, max= 2985, per=99.98%, avg=2105.71, stdev=100.82, samples=480
   iops        : min=  220, max=  746, avg=526.35, stdev=25.20, samples=480
  lat (msec)   : 10=0.01%, 20=0.01%, 50=0.03%, 100=0.04%, 250=61.21%
  lat (msec)   : 500=38.30%, 750=0.40%
  cpu          : usr=0.03%, sys=0.22%, ctx=60243, majf=0, minf=160
  IO depths    : 1=0.1%, 2=0.1%, 4=0.1%, 8=0.1%, 16=0.2%, 32=99.6%, >=64=0.0%
     submit    : 0=0.0%, 4=100.0%, 8=0.0%, 16=0.0%, 32=0.0%, 64=0.0%, >=64=0.0%
     complete  : 0=0.0%, 4=100.0%, 8=0.0%, 16=0.0%, 32=0.1%, 64=0.0%, >=64=0.0%
     issued rwts: total=31707,0,0,0 short=0,0,0,0 dropped=0,0,0,0
     latency   : target=0, window=0, percentile=100.00%, depth=32

Run status group 0 (all jobs):
   READ: bw=2105KiB/s (2156kB/s), 2105KiB/s-2105KiB/s (2156kB/s-2156kB/s), io=124MiB (130MB), run=60239-60239msec

Disk stats (read/write):
  nbd0: ios=31630/0, merge=0/0, ticks=7667903/0, in_queue=7667903, util=99.74%
