test_io: (g=0): rw=randwrite, bs=(R) 4096B-4096B, (W) 4096B-4096B, (T) 4096B-4096B, ioengine=io_uring, iodepth=32
...
fio-3.28
Starting 4 processes

test_io: (groupid=0, jobs=4): err= 0: pid=92425: Thu Apr 17 00:44:15 2025
  write: IOPS=2662, BW=10.4MiB/s (10.9MB/s)(625MiB/60100msec); 0 zone resets
    slat (usec): min=2, max=3067, avg=11.07, stdev=13.25
    clat (msec): min=6, max=359, avg=48.02, stdev=22.33
     lat (msec): min=6, max=359, avg=48.03, stdev=22.33
    clat percentiles (msec):
     |  1.00th=[   14],  5.00th=[   20], 10.00th=[   23], 20.00th=[   29],
     | 30.00th=[   35], 40.00th=[   40], 50.00th=[   45], 60.00th=[   51],
     | 70.00th=[   58], 80.00th=[   66], 90.00th=[   78], 95.00th=[   87],
     | 99.00th=[  105], 99.50th=[  115], 99.90th=[  174], 99.95th=[  309],
     | 99.99th=[  342]
   bw (  KiB/s): min= 4128, max=22984, per=100.00%, avg=10678.38, stdev=910.16, samples=478
   iops        : min= 1032, max= 5746, avg=2669.53, stdev=227.55, samples=478
  lat (msec)   : 10=0.18%, 20=5.81%, 50=52.68%, 100=39.86%, 250=1.41%
  lat (msec)   : 500=0.06%
  cpu          : usr=0.40%, sys=1.01%, ctx=171364, majf=0, minf=38
  IO depths    : 1=0.1%, 2=0.1%, 4=0.1%, 8=0.1%, 16=0.1%, 32=99.9%, >=64=0.0%
     submit    : 0=0.0%, 4=100.0%, 8=0.0%, 16=0.0%, 32=0.0%, 64=0.0%, >=64=0.0%
     complete  : 0=0.0%, 4=100.0%, 8=0.0%, 16=0.0%, 32=0.1%, 64=0.0%, >=64=0.0%
     issued rwts: total=0,160040,0,0 short=0,0,0,0 dropped=0,0,0,0
     latency   : target=0, window=0, percentile=100.00%, depth=32

Run status group 0 (all jobs):
  WRITE: bw=10.4MiB/s (10.9MB/s), 10.4MiB/s-10.4MiB/s (10.9MB/s-10.9MB/s), io=625MiB (656MB), run=60100-60100msec

Disk stats (read/write):
  nbd0: ios=0/159862, merge=0/0, ticks=0/7667126, in_queue=7667126, util=99.42%
