test_io: (g=0): rw=randwrite, bs=(R) 4096B-4096B, (W) 4096B-4096B, (T) 4096B-4096B, ioengine=io_uring, iodepth=32
...
fio-3.28
Starting 4 processes

test_io: (groupid=0, jobs=4): err= 0: pid=96744: Thu Apr 17 00:55:42 2025
  write: IOPS=2739, BW=10.7MiB/s (11.2MB/s)(643MiB/60074msec); 0 zone resets
    slat (usec): min=2, max=4131, avg=10.20, stdev=15.35
    clat (msec): min=6, max=197, avg=46.69, stdev=21.37
     lat (msec): min=6, max=197, avg=46.70, stdev=21.37
    clat percentiles (msec):
     |  1.00th=[   14],  5.00th=[   19], 10.00th=[   23], 20.00th=[   29],
     | 30.00th=[   34], 40.00th=[   39], 50.00th=[   44], 60.00th=[   50],
     | 70.00th=[   56], 80.00th=[   64], 90.00th=[   75], 95.00th=[   85],
     | 99.00th=[  105], 99.50th=[  126], 99.90th=[  165], 99.95th=[  174],
     | 99.99th=[  190]
   bw (  KiB/s): min= 6056, max=23179, per=100.00%, avg=10962.39, stdev=919.84, samples=478
   iops        : min= 1514, max= 5794, avg=2740.43, stdev=229.95, samples=478
  lat (msec)   : 10=0.16%, 20=6.37%, 50=55.06%, 100=37.00%, 250=1.40%
  cpu          : usr=0.38%, sys=0.95%, ctx=165454, majf=0, minf=36
  IO depths    : 1=0.1%, 2=0.1%, 4=0.1%, 8=0.1%, 16=0.1%, 32=99.9%, >=64=0.0%
     submit    : 0=0.0%, 4=100.0%, 8=0.0%, 16=0.0%, 32=0.0%, 64=0.0%, >=64=0.0%
     complete  : 0=0.0%, 4=100.0%, 8=0.0%, 16=0.0%, 32=0.1%, 64=0.0%, >=64=0.0%
     issued rwts: total=0,164557,0,0 short=0,0,0,0 dropped=0,0,0,0
     latency   : target=0, window=0, percentile=100.00%, depth=32

Run status group 0 (all jobs):
  WRITE: bw=10.7MiB/s (11.2MB/s), 10.7MiB/s-10.7MiB/s (11.2MB/s-11.2MB/s), io=643MiB (674MB), run=60074-60074msec

Disk stats (read/write):
  nbd0: ios=7/164323, merge=0/0, ticks=216/7673313, in_queue=7673529, util=99.44%
