test_io: (g=0): rw=randwrite, bs=(R) 4096B-4096B, (W) 4096B-4096B, (T) 4096B-4096B, ioengine=io_uring, iodepth=32
...
fio-3.28
Starting 4 processes

test_io: (groupid=0, jobs=4): err= 0: pid=101231: Thu Apr 17 01:07:43 2025
  write: IOPS=2745, BW=10.7MiB/s (11.2MB/s)(644MiB/60067msec); 0 zone resets
    slat (usec): min=2, max=4877, avg=10.35, stdev=16.40
    clat (msec): min=6, max=318, avg=46.59, stdev=20.96
     lat (msec): min=6, max=318, avg=46.60, stdev=20.96
    clat percentiles (msec):
     |  1.00th=[   14],  5.00th=[   20], 10.00th=[   24], 20.00th=[   29],
     | 30.00th=[   34], 40.00th=[   39], 50.00th=[   44], 60.00th=[   50],
     | 70.00th=[   56], 80.00th=[   63], 90.00th=[   73], 95.00th=[   83],
     | 99.00th=[  102], 99.50th=[  122], 99.90th=[  186], 99.95th=[  239],
     | 99.99th=[  305]
   bw (  KiB/s): min= 5056, max=22088, per=100.00%, avg=11005.25, stdev=828.38, samples=477
   iops        : min= 1264, max= 5522, avg=2751.19, stdev=207.12, samples=477
  lat (msec)   : 10=0.08%, 20=5.35%, 50=56.43%, 100=37.02%, 250=1.07%
  lat (msec)   : 500=0.04%
  cpu          : usr=0.44%, sys=0.90%, ctx=184233, majf=0, minf=41
  IO depths    : 1=0.1%, 2=0.1%, 4=0.1%, 8=0.1%, 16=0.1%, 32=99.9%, >=64=0.0%
     submit    : 0=0.0%, 4=100.0%, 8=0.0%, 16=0.0%, 32=0.0%, 64=0.0%, >=64=0.0%
     complete  : 0=0.0%, 4=100.0%, 8=0.0%, 16=0.0%, 32=0.1%, 64=0.0%, >=64=0.0%
     issued rwts: total=0,164903,0,0 short=0,0,0,0 dropped=0,0,0,0
     latency   : target=0, window=0, percentile=100.00%, depth=32

Run status group 0 (all jobs):
  WRITE: bw=10.7MiB/s (11.2MB/s), 10.7MiB/s-10.7MiB/s (11.2MB/s-11.2MB/s), io=644MiB (675MB), run=60067-60067msec

Disk stats (read/write):
  nbd0: ios=28/164481, merge=0/0, ticks=119/7656657, in_queue=7656777, util=99.60%
