test_io: (g=0): rw=randwrite, bs=(R) 4096B-4096B, (W) 4096B-4096B, (T) 4096B-4096B, ioengine=io_uring, iodepth=32
...
fio-3.28
Starting 4 processes

test_io: (groupid=0, jobs=4): err= 0: pid=93463: Thu Apr 17 00:46:56 2025
  write: IOPS=2683, BW=10.5MiB/s (11.0MB/s)(630MiB/60108msec); 0 zone resets
    slat (usec): min=2, max=2639, avg=11.55, stdev=13.48
    clat (msec): min=2, max=308, avg=47.65, stdev=22.43
     lat (msec): min=2, max=308, avg=47.66, stdev=22.43
    clat percentiles (msec):
     |  1.00th=[   13],  5.00th=[   19], 10.00th=[   23], 20.00th=[   29],
     | 30.00th=[   34], 40.00th=[   40], 50.00th=[   45], 60.00th=[   51],
     | 70.00th=[   57], 80.00th=[   65], 90.00th=[   77], 95.00th=[   86],
     | 99.00th=[  109], 99.50th=[  138], 99.90th=[  205], 99.95th=[  222],
     | 99.99th=[  271]
   bw (  KiB/s): min= 5424, max=26248, per=100.00%, avg=10756.27, stdev=939.52, samples=478
   iops        : min= 1356, max= 6562, avg=2688.94, stdev=234.88, samples=478
  lat (msec)   : 4=0.01%, 10=0.27%, 20=6.37%, 50=52.75%, 100=39.04%
  lat (msec)   : 250=1.56%, 500=0.01%
  cpu          : usr=0.41%, sys=1.02%, ctx=190621, majf=0, minf=41
  IO depths    : 1=0.1%, 2=0.1%, 4=0.1%, 8=0.1%, 16=0.1%, 32=99.9%, >=64=0.0%
     submit    : 0=0.0%, 4=100.0%, 8=0.0%, 16=0.0%, 32=0.0%, 64=0.0%, >=64=0.0%
     complete  : 0=0.0%, 4=100.0%, 8=0.0%, 16=0.0%, 32=0.1%, 64=0.0%, >=64=0.0%
     issued rwts: total=0,161286,0,0 short=0,0,0,0 dropped=0,0,0,0
     latency   : target=0, window=0, percentile=100.00%, depth=32

Run status group 0 (all jobs):
  WRITE: bw=10.5MiB/s (11.0MB/s), 10.5MiB/s-10.5MiB/s (11.0MB/s-11.0MB/s), io=630MiB (661MB), run=60108-60108msec

Disk stats (read/write):
  nbd0: ios=0/160871, merge=0/0, ticks=0/7656424, in_queue=7656423, util=99.36%
