test_io: (g=0): rw=randwrite, bs=(R) 4096B-4096B, (W) 4096B-4096B, (T) 4096B-4096B, ioengine=io_uring, iodepth=32
...
fio-3.28
Starting 4 processes

test_io: (groupid=0, jobs=4): err= 0: pid=88569: Thu Apr 17 00:34:16 2025
  write: IOPS=2687, BW=10.5MiB/s (11.0MB/s)(631MiB/60073msec); 0 zone resets
    slat (usec): min=2, max=1522, avg=11.22, stdev=10.77
    clat (msec): min=4, max=213, avg=47.60, stdev=20.59
     lat (msec): min=4, max=213, avg=47.61, stdev=20.59
    clat percentiles (msec):
     |  1.00th=[   14],  5.00th=[   20], 10.00th=[   24], 20.00th=[   30],
     | 30.00th=[   35], 40.00th=[   40], 50.00th=[   45], 60.00th=[   51],
     | 70.00th=[   57], 80.00th=[   65], 90.00th=[   75], 95.00th=[   85],
     | 99.00th=[  104], 99.50th=[  117], 99.90th=[  148], 99.95th=[  169],
     | 99.99th=[  199]
   bw (  KiB/s): min= 6320, max=22232, per=100.00%, avg=10763.46, stdev=842.60, samples=478
   iops        : min= 1580, max= 5558, avg=2690.85, stdev=210.65, samples=478
  lat (msec)   : 10=0.11%, 20=5.23%, 50=54.10%, 100=39.25%, 250=1.32%
  cpu          : usr=0.44%, sys=1.01%, ctx=179071, majf=0, minf=35
  IO depths    : 1=0.1%, 2=0.1%, 4=0.1%, 8=0.1%, 16=0.1%, 32=99.9%, >=64=0.0%
     submit    : 0=0.0%, 4=100.0%, 8=0.0%, 16=0.0%, 32=0.0%, 64=0.0%, >=64=0.0%
     complete  : 0=0.0%, 4=100.0%, 8=0.0%, 16=0.0%, 32=0.1%, 64=0.0%, >=64=0.0%
     issued rwts: total=0,161435,0,0 short=0,0,0,0 dropped=0,0,0,0
     latency   : target=0, window=0, percentile=100.00%, depth=32

Run status group 0 (all jobs):
  WRITE: bw=10.5MiB/s (11.0MB/s), 10.5MiB/s-10.5MiB/s (11.0MB/s-11.0MB/s), io=631MiB (661MB), run=60073-60073msec

Disk stats (read/write):
  nbd0: ios=4/161238, merge=0/0, ticks=139/7672702, in_queue=7672840, util=99.40%
