test_io: (g=0): rw=randwrite, bs=(R) 4096B-4096B, (W) 4096B-4096B, (T) 4096B-4096B, ioengine=io_uring, iodepth=32
...
fio-3.28
Starting 4 processes

test_io: (groupid=0, jobs=4): err= 0: pid=116822: Thu Apr 17 04:25:09 2025
  write: IOPS=7195, BW=28.1MiB/s (29.5MB/s)(400MiB/14231msec); 0 zone resets
    slat (usec): min=2, max=1369, avg= 8.70, stdev=10.37
    clat (usec): min=911, max=92057, avg=17551.75, stdev=5744.67
     lat (usec): min=931, max=92071, avg=17560.61, stdev=5744.71
    clat percentiles (usec):
     |  1.00th=[ 4359],  5.00th=[ 8717], 10.00th=[10421], 20.00th=[12780],
     | 30.00th=[14615], 40.00th=[16057], 50.00th=[17433], 60.00th=[18744],
     | 70.00th=[20317], 80.00th=[22152], 90.00th=[24511], 95.00th=[26346],
     | 99.00th=[30802], 99.50th=[34341], 99.90th=[52691], 99.95th=[67634],
     | 99.99th=[80217]
   bw (  KiB/s): min=25056, max=33376, per=100.00%, avg=28841.53, stdev=538.57, samples=110
   iops        : min= 6264, max= 8344, avg=7210.38, stdev=134.64, samples=110
  lat (usec)   : 1000=0.01%
  lat (msec)   : 2=0.01%, 4=0.18%, 10=8.30%, 20=59.71%, 50=31.68%
  lat (msec)   : 100=0.12%
  cpu          : usr=0.71%, sys=2.02%, ctx=123257, majf=0, minf=47
  IO depths    : 1=0.1%, 2=0.1%, 4=0.1%, 8=0.1%, 16=0.1%, 32=99.9%, >=64=0.0%
     submit    : 0=0.0%, 4=100.0%, 8=0.0%, 16=0.0%, 32=0.0%, 64=0.0%, >=64=0.0%
     complete  : 0=0.0%, 4=100.0%, 8=0.0%, 16=0.0%, 32=0.1%, 64=0.0%, >=64=0.0%
     issued rwts: total=0,102400,0,0 short=0,0,0,0 dropped=0,0,0,0
     latency   : target=0, window=0, percentile=100.00%, depth=32

Run status group 0 (all jobs):
  WRITE: bw=28.1MiB/s (29.5MB/s), 28.1MiB/s-28.1MiB/s (29.5MB/s-29.5MB/s), io=400MiB (419MB), run=14231-14231msec

Disk stats (read/write):
  nbd0: ios=25/101322, merge=0/42, ticks=158/1790348, in_queue=1790505, util=99.35%
