test_io: (g=0): rw=randwrite, bs=(R) 4096B-4096B, (W) 4096B-4096B, (T) 4096B-4096B, ioengine=io_uring, iodepth=32
...
fio-3.28
Starting 4 processes

test_io: (groupid=0, jobs=4): err= 0: pid=94491: Thu Apr 17 00:49:33 2025
  write: IOPS=2657, BW=10.4MiB/s (10.9MB/s)(624MiB/60091msec); 0 zone resets
    slat (usec): min=2, max=7674, avg=11.25, stdev=23.08
    clat (msec): min=4, max=377, avg=48.11, stdev=22.66
     lat (msec): min=4, max=377, avg=48.12, stdev=22.66
    clat percentiles (msec):
     |  1.00th=[   14],  5.00th=[   20], 10.00th=[   24], 20.00th=[   29],
     | 30.00th=[   35], 40.00th=[   40], 50.00th=[   45], 60.00th=[   52],
     | 70.00th=[   58], 80.00th=[   66], 90.00th=[   77], 95.00th=[   86],
     | 99.00th=[  106], 99.50th=[  122], 99.90th=[  203], 99.95th=[  330],
     | 99.99th=[  363]
   bw (  KiB/s): min= 4793, max=21744, per=100.00%, avg=10661.87, stdev=898.27, samples=477
   iops        : min= 1198, max= 5436, avg=2665.34, stdev=224.59, samples=477
  lat (msec)   : 10=0.18%, 20=5.72%, 50=52.46%, 100=40.14%, 250=1.43%
  lat (msec)   : 500=0.07%
  cpu          : usr=0.37%, sys=1.01%, ctx=173756, majf=0, minf=39
  IO depths    : 1=0.1%, 2=0.1%, 4=0.1%, 8=0.1%, 16=0.1%, 32=99.9%, >=64=0.0%
     submit    : 0=0.0%, 4=100.0%, 8=0.0%, 16=0.0%, 32=0.0%, 64=0.0%, >=64=0.0%
     complete  : 0=0.0%, 4=100.0%, 8=0.0%, 16=0.0%, 32=0.1%, 64=0.0%, >=64=0.0%
     issued rwts: total=0,159717,0,0 short=0,0,0,0 dropped=0,0,0,0
     latency   : target=0, window=0, percentile=100.00%, depth=32

Run status group 0 (all jobs):
  WRITE: bw=10.4MiB/s (10.9MB/s), 10.4MiB/s-10.4MiB/s (10.9MB/s-10.9MB/s), io=624MiB (654MB), run=60091-60091msec

Disk stats (read/write):
  nbd0: ios=0/159318, merge=0/0, ticks=0/7655378, in_queue=7655378, util=99.37%
