test_io: (g=0): rw=randwrite, bs=(R) 4096B-4096B, (W) 4096B-4096B, (T) 4096B-4096B, ioengine=io_uring, iodepth=32
...
fio-3.28
Starting 4 processes

test_io: (groupid=0, jobs=4): err= 0: pid=91422: Thu Apr 17 00:41:42 2025
  write: IOPS=2712, BW=10.6MiB/s (11.1MB/s)(637MiB/60084msec); 0 zone resets
    slat (usec): min=2, max=2884, avg=11.06, stdev=16.36
    clat (msec): min=5, max=324, avg=47.15, stdev=22.47
     lat (msec): min=5, max=324, avg=47.16, stdev=22.47
    clat percentiles (msec):
     |  1.00th=[   14],  5.00th=[   20], 10.00th=[   24], 20.00th=[   29],
     | 30.00th=[   34], 40.00th=[   40], 50.00th=[   44], 60.00th=[   50],
     | 70.00th=[   56], 80.00th=[   64], 90.00th=[   74], 95.00th=[   83],
     | 99.00th=[  107], 99.50th=[  140], 99.90th=[  247], 99.95th=[  292],
     | 99.99th=[  317]
   bw (  KiB/s): min= 4282, max=22128, per=100.00%, avg=10870.67, stdev=842.17, samples=478
   iops        : min= 1070, max= 5532, avg=2717.57, stdev=210.53, samples=478
  lat (msec)   : 10=0.20%, 20=5.51%, 50=54.95%, 100=37.99%, 250=1.26%
  lat (msec)   : 500=0.09%
  cpu          : usr=0.37%, sys=0.94%, ctx=249132, majf=0, minf=37
  IO depths    : 1=0.1%, 2=0.1%, 4=0.1%, 8=0.1%, 16=0.1%, 32=99.9%, >=64=0.0%
     submit    : 0=0.0%, 4=100.0%, 8=0.0%, 16=0.0%, 32=0.0%, 64=0.0%, >=64=0.0%
     complete  : 0=0.0%, 4=100.0%, 8=0.0%, 16=0.0%, 32=0.1%, 64=0.0%, >=64=0.0%
     issued rwts: total=0,162963,0,0 short=0,0,0,0 dropped=0,0,0,0
     latency   : target=0, window=0, percentile=100.00%, depth=32

Run status group 0 (all jobs):
  WRITE: bw=10.6MiB/s (11.1MB/s), 10.6MiB/s-10.6MiB/s (11.1MB/s-11.1MB/s), io=637MiB (667MB), run=60084-60084msec

Disk stats (read/write):
  nbd0: ios=1/162893, merge=0/0, ticks=38/7674484, in_queue=7674523, util=99.19%
