test_io: (g=0): rw=randwrite, bs=(R) 4096B-4096B, (W) 4096B-4096B, (T) 4096B-4096B, ioengine=io_uring, iodepth=32
...
fio-3.28
Starting 4 processes

test_io: (groupid=0, jobs=4): err= 0: pid=86618: Thu Apr 17 00:29:14 2025
  write: IOPS=2641, BW=10.3MiB/s (10.8MB/s)(620MiB/60066msec); 0 zone resets
    slat (usec): min=2, max=7345, avg=10.61, stdev=23.49
    clat (msec): min=5, max=984, avg=48.43, stdev=34.46
     lat (msec): min=5, max=984, avg=48.44, stdev=34.46
    clat percentiles (msec):
     |  1.00th=[   13],  5.00th=[   19], 10.00th=[   23], 20.00th=[   29],
     | 30.00th=[   34], 40.00th=[   39], 50.00th=[   45], 60.00th=[   51],
     | 70.00th=[   57], 80.00th=[   65], 90.00th=[   78], 95.00th=[   88],
     | 99.00th=[  122], 99.50th=[  144], 99.90th=[  259], 99.95th=[  944],
     | 99.99th=[  969]
   bw (  KiB/s): min= 3857, max=23944, per=100.00%, avg=10679.12, stdev=951.06, samples=473
   iops        : min=  964, max= 5986, avg=2669.65, stdev=237.77, samples=473
  lat (msec)   : 10=0.23%, 20=6.60%, 50=52.85%, 100=38.09%, 250=2.12%
  lat (msec)   : 500=0.03%, 1000=0.08%
  cpu          : usr=0.39%, sys=0.91%, ctx=186808, majf=0, minf=40
  IO depths    : 1=0.1%, 2=0.1%, 4=0.1%, 8=0.1%, 16=0.1%, 32=99.9%, >=64=0.0%
     submit    : 0=0.0%, 4=100.0%, 8=0.0%, 16=0.0%, 32=0.0%, 64=0.0%, >=64=0.0%
     complete  : 0=0.0%, 4=100.0%, 8=0.0%, 16=0.0%, 32=0.1%, 64=0.0%, >=64=0.0%
     issued rwts: total=0,158644,0,0 short=0,0,0,0 dropped=0,0,0,0
     latency   : target=0, window=0, percentile=100.00%, depth=32

Run status group 0 (all jobs):
  WRITE: bw=10.3MiB/s (10.8MB/s), 10.3MiB/s-10.3MiB/s (10.8MB/s-10.8MB/s), io=620MiB (650MB), run=60066-60066msec

Disk stats (read/write):
  nbd0: ios=0/158421, merge=0/0, ticks=0/7665790, in_queue=7665790, util=99.40%
