test_io: (g=0): rw=randwrite, bs=(R) 4096B-4096B, (W) 4096B-4096B, (T) 4096B-4096B, ioengine=io_uring, iodepth=32
...
fio-3.28
Starting 4 processes

test_io: (groupid=0, jobs=4): err= 0: pid=98123: Thu Apr 17 00:59:12 2025
  write: IOPS=2533, BW=9.90MiB/s (10.4MB/s)(595MiB/60119msec); 0 zone resets
    slat (usec): min=2, max=5403, avg=10.44, stdev=17.99
    clat (msec): min=3, max=729, avg=50.45, stdev=45.93
     lat (msec): min=3, max=729, avg=50.46, stdev=45.93
    clat percentiles (msec):
     |  1.00th=[   13],  5.00th=[   19], 10.00th=[   23], 20.00th=[   28],
     | 30.00th=[   33], 40.00th=[   37], 50.00th=[   43], 60.00th=[   48],
     | 70.00th=[   54], 80.00th=[   63], 90.00th=[   77], 95.00th=[   96],
     | 99.00th=[  259], 99.50th=[  393], 99.90th=[  575], 99.95th=[  634],
     | 99.99th=[  684]
   bw (  KiB/s): min=  880, max=23548, per=100.00%, avg=10165.98, stdev=1168.62, samples=478
   iops        : min=  220, max= 5887, avg=2541.38, stdev=292.14, samples=478
  lat (msec)   : 4=0.01%, 10=0.34%, 20=6.68%, 50=57.18%, 100=31.28%
  lat (msec)   : 250=3.47%, 500=0.84%, 750=0.22%
  cpu          : usr=0.41%, sys=0.87%, ctx=165194, majf=0, minf=39
  IO depths    : 1=0.1%, 2=0.1%, 4=0.1%, 8=0.1%, 16=0.1%, 32=99.9%, >=64=0.0%
     submit    : 0=0.0%, 4=100.0%, 8=0.0%, 16=0.0%, 32=0.0%, 64=0.0%, >=64=0.0%
     complete  : 0=0.0%, 4=100.0%, 8=0.0%, 16=0.0%, 32=0.1%, 64=0.0%, >=64=0.0%
     issued rwts: total=0,152339,0,0 short=0,0,0,0 dropped=0,0,0,0
     latency   : target=0, window=0, percentile=100.00%, depth=32

Run status group 0 (all jobs):
  WRITE: bw=9.90MiB/s (10.4MB/s), 9.90MiB/s-9.90MiB/s (10.4MB/s-10.4MB/s), io=595MiB (624MB), run=60119-60119msec

Disk stats (read/write):
  nbd0: ios=2/152250, merge=0/0, ticks=112/7674062, in_queue=7674175, util=99.36%
