test_io_baseline: (g=0): rw=randwrite, bs=(R) 4096B-4096B, (W) 4096B-4096B, (T) 4096B-4096B, ioengine=io_uring, iodepth=32
...
fio-3.28
Starting 4 processes

test_io_baseline: (groupid=0, jobs=4): err= 0: pid=43171: Tue Apr 22 21:24:01 2025
  write: IOPS=561, BW=2246KiB/s (2300kB/s)(40.0GiB/18672740msec); 0 zone resets
    slat (usec): min=2, max=23642, avg=14.45, stdev=21.47
    clat (msec): min=3, max=2876, avg=227.21, stdev=114.99
     lat (msec): min=3, max=2876, avg=227.22, stdev=114.99
    clat percentiles (msec):
     |  1.00th=[   62],  5.00th=[   74], 10.00th=[   90], 20.00th=[  124],
     | 30.00th=[  161], 40.00th=[  194], 50.00th=[  228], 60.00th=[  257],
     | 70.00th=[  288], 80.00th=[  313], 90.00th=[  342], 95.00th=[  363],
     | 99.00th=[  575], 99.50th=[  793], 99.90th=[ 1217], 99.95th=[ 1368],
     | 99.99th=[ 1703]
   bw (  KiB/s): min= 1272, max= 4977, per=100.00%, avg=2254.53, stdev=65.03, samples=148908
   iops        : min=  318, max= 1244, avg=563.34, stdev=16.24, samples=148908
  lat (msec)   : 4=0.01%, 10=0.01%, 20=0.01%, 50=0.01%, 100=13.25%
  lat (msec)   : 250=44.10%, 500=41.39%, 750=0.70%, 1000=0.33%, 2000=0.23%
  lat (msec)   : >=2000=0.01%
  cpu          : usr=0.14%, sys=0.27%, ctx=10528086, majf=0, minf=41
  IO depths    : 1=0.1%, 2=0.1%, 4=0.1%, 8=0.1%, 16=0.1%, 32=100.0%, >=64=0.0%
     submit    : 0=0.0%, 4=100.0%, 8=0.0%, 16=0.0%, 32=0.0%, 64=0.0%, >=64=0.0%
     complete  : 0=0.0%, 4=100.0%, 8=0.0%, 16=0.0%, 32=0.1%, 64=0.0%, >=64=0.0%
     issued rwts: total=0,10485760,0,0 short=0,0,0,0 dropped=0,0,0,0
     latency   : target=0, window=0, percentile=100.00%, depth=32

Run status group 0 (all jobs):
  WRITE: bw=2246KiB/s (2300kB/s), 2246KiB/s-2246KiB/s (2300kB/s-2300kB/s), io=40.0GiB (42.9GB), run=18672740-18672740msec

Disk stats (read/write):
  sdb: ios=0/10484860, merge=0/830, ticks=0/2382147176, in_queue=2382147176, util=100.00%
