test_io_baseline: (g=0): rw=randread, bs=(R) 4096B-4096B, (W) 4096B-4096B, (T) 4096B-4096B, ioengine=io_uring, iodepth=32
...
fio-3.28
Starting 4 processes

test_io_baseline: (groupid=0, jobs=4): err= 0: pid=25737: Fri Apr 18 20:45:43 2025
  read: IOPS=548, BW=2194KiB/s (2247kB/s)(40.0GiB/19113202msec)
    slat (usec): min=2, max=20938, avg=14.98, stdev=15.49
    clat (msec): min=2, max=1638, avg=230.35, stdev=124.32
     lat (msec): min=2, max=1638, avg=230.36, stdev=124.32
    clat percentiles (msec):
     |  1.00th=[   61],  5.00th=[   71], 10.00th=[   84], 20.00th=[  111],
     | 30.00th=[  142], 40.00th=[  178], 50.00th=[  213], 60.00th=[  251],
     | 70.00th=[  292], 80.00th=[  334], 90.00th=[  393], 95.00th=[  472],
     | 99.00th=[  575], 99.50th=[  592], 99.90th=[  625], 99.95th=[  642],
     | 99.99th=[  684]
   bw (  KiB/s): min=  272, max= 5127, per=100.00%, avg=2223.93, stdev=98.30, samples=150966
   iops        : min=   68, max= 1281, avg=555.71, stdev=24.56, samples=150966
  lat (msec)   : 4=0.01%, 10=0.01%, 20=0.01%, 50=0.01%, 100=16.16%
  lat (msec)   : 250=43.56%, 500=36.39%, 750=3.88%, 1000=0.01%, 2000=0.01%
  cpu          : usr=0.12%, sys=0.29%, ctx=10215713, majf=0, minf=170
  IO depths    : 1=0.1%, 2=0.1%, 4=0.1%, 8=0.1%, 16=0.1%, 32=100.0%, >=64=0.0%
     submit    : 0=0.0%, 4=100.0%, 8=0.0%, 16=0.0%, 32=0.0%, 64=0.0%, >=64=0.0%
     complete  : 0=0.0%, 4=100.0%, 8=0.0%, 16=0.0%, 32=0.1%, 64=0.0%, >=64=0.0%
     issued rwts: total=10485760,0,0,0 short=0,0,0,0 dropped=0,0,0,0
     latency   : target=0, window=0, percentile=100.00%, depth=32

Run status group 0 (all jobs):
   READ: bw=2194KiB/s (2247kB/s), 2194KiB/s-2194KiB/s (2247kB/s-2247kB/s), io=40.0GiB (42.9GB), run=19113202-19113202msec

Disk stats (read/write):
  sdb: ios=10484887/0, merge=800/0, ticks=2415109497/0, in_queue=2415109497, util=100.00%
