test_io_baseline: (g=0): rw=randwrite, bs=(R) 4096B-4096B, (W) 4096B-4096B, (T) 4096B-4096B, ioengine=io_uring, iodepth=32
...
fio-3.28
Starting 4 processes

test_io_baseline: (groupid=0, jobs=4): err= 0: pid=41442: Tue Apr 22 10:07:28 2025
  write: IOPS=561, BW=2247KiB/s (2301kB/s)(40.0GiB/18669058msec); 0 zone resets
    slat (usec): min=2, max=1232, avg=13.74, stdev= 5.70
    clat (msec): min=2, max=2660, avg=227.17, stdev=114.96
     lat (msec): min=2, max=2660, avg=227.18, stdev=114.96
    clat percentiles (msec):
     |  1.00th=[   62],  5.00th=[   74], 10.00th=[   90], 20.00th=[  124],
     | 30.00th=[  161], 40.00th=[  194], 50.00th=[  228], 60.00th=[  259],
     | 70.00th=[  288], 80.00th=[  313], 90.00th=[  342], 95.00th=[  363],
     | 99.00th=[  567], 99.50th=[  785], 99.90th=[ 1217], 99.95th=[ 1385],
     | 99.99th=[ 1703]
   bw (  KiB/s): min= 1272, max= 5052, per=100.00%, avg=2255.16, stdev=64.85, samples=148845
   iops        : min=  318, max= 1262, avg=563.56, stdev=16.20, samples=148845
  lat (msec)   : 4=0.01%, 10=0.01%, 20=0.01%, 50=0.01%, 100=13.27%
  lat (msec)   : 250=44.06%, 500=41.41%, 750=0.70%, 1000=0.32%, 2000=0.23%
  lat (msec)   : >=2000=0.01%
  cpu          : usr=0.13%, sys=0.26%, ctx=10526048, majf=0, minf=42
  IO depths    : 1=0.1%, 2=0.1%, 4=0.1%, 8=0.1%, 16=0.1%, 32=100.0%, >=64=0.0%
     submit    : 0=0.0%, 4=100.0%, 8=0.0%, 16=0.0%, 32=0.0%, 64=0.0%, >=64=0.0%
     complete  : 0=0.0%, 4=100.0%, 8=0.0%, 16=0.0%, 32=0.1%, 64=0.0%, >=64=0.0%
     issued rwts: total=0,10485760,0,0 short=0,0,0,0 dropped=0,0,0,0
     latency   : target=0, window=0, percentile=100.00%, depth=32

Run status group 0 (all jobs):
  WRITE: bw=2247KiB/s (2301kB/s), 2247KiB/s-2247KiB/s (2301kB/s-2301kB/s), io=40.0GiB (42.9GB), run=18669058-18669058msec

Disk stats (read/write):
  sdb: ios=0/10484945, merge=0/811, ticks=0/2381779667, in_queue=18446744071796363987, util=100.00%
