test_io_baseline: (g=0): rw=randread, bs=(R) 4096B-4096B, (W) 4096B-4096B, (T) 4096B-4096B, ioengine=io_uring, iodepth=32
...
fio-3.28
Starting 4 processes

test_io_baseline: (groupid=0, jobs=4): err= 0: pid=23802: Fri Apr 18 08:37:35 2025
  read: IOPS=2193, BW=8775KiB/s (8986kB/s)(40.0GiB/4779785msec)
    slat (nsec): min=1940, max=1617.6k, avg=5556.62, stdev=3314.52
    clat (msec): min=2, max=535, avg=58.16, stdev=29.74
     lat (msec): min=2, max=535, avg=58.17, stdev=29.74
    clat percentiles (msec):
     |  1.00th=[   15],  5.00th=[   20], 10.00th=[   23], 20.00th=[   32],
     | 30.00th=[   41], 40.00th=[   50], 50.00th=[   58], 60.00th=[   66],
     | 70.00th=[   73], 80.00th=[   81], 90.00th=[   89], 95.00th=[   96],
     | 99.00th=[  146], 99.50th=[  201], 99.90th=[  309], 99.95th=[  351],
     | 99.99th=[  430]
   bw (  KiB/s): min= 5520, max=19818, per=100.00%, avg=8806.51, stdev=185.12, samples=38117
   iops        : min= 1380, max= 4954, avg=2201.58, stdev=46.29, samples=38117
  lat (msec)   : 4=0.01%, 10=0.01%, 20=6.40%, 50=34.26%, 100=55.90%
  lat (msec)   : 250=3.19%, 500=0.24%, 750=0.01%
  cpu          : usr=0.20%, sys=0.44%, ctx=9893129, majf=0, minf=169
  IO depths    : 1=0.1%, 2=0.1%, 4=0.1%, 8=0.1%, 16=0.1%, 32=100.0%, >=64=0.0%
     submit    : 0=0.0%, 4=100.0%, 8=0.0%, 16=0.0%, 32=0.0%, 64=0.0%, >=64=0.0%
     complete  : 0=0.0%, 4=100.0%, 8=0.0%, 16=0.0%, 32=0.1%, 64=0.0%, >=64=0.0%
     issued rwts: total=10485760,0,0,0 short=0,0,0,0 dropped=0,0,0,0
     latency   : target=0, window=0, percentile=100.00%, depth=32

Run status group 0 (all jobs):
   READ: bw=8775KiB/s (8986kB/s), 8775KiB/s-8775KiB/s (8986kB/s-8986kB/s), io=40.0GiB (42.9GB), run=4779785-4779785msec

Disk stats (read/write):
  sdb: ios=10484473/0, merge=806/0, ticks=609697512/0, in_queue=609697512, util=100.00%
