test_io_baseline: (g=0): rw=randwrite, bs=(R) 4096B-4096B, (W) 4096B-4096B, (T) 4096B-4096B, ioengine=io_uring, iodepth=32
...
fio-3.28
Starting 4 processes

test_io_baseline: (groupid=0, jobs=4): err= 0: pid=39097: Mon Apr 21 19:24:24 2025
  write: IOPS=2794, BW=10.9MiB/s (11.4MB/s)(40.0GiB/3751713msec); 0 zone resets
    slat (usec): min=2, max=22965, avg= 9.60, stdev=28.14
    clat (msec): min=2, max=1367, avg=45.65, stdev=23.81
     lat (msec): min=2, max=1367, avg=45.66, stdev=23.81
    clat percentiles (msec):
     |  1.00th=[   13],  5.00th=[   15], 10.00th=[   18], 20.00th=[   25],
     | 30.00th=[   33], 40.00th=[   40], 50.00th=[   46], 60.00th=[   52],
     | 70.00th=[   58], 80.00th=[   63], 90.00th=[   69], 95.00th=[   73],
     | 99.00th=[  116], 99.50th=[  159], 99.90th=[  245], 99.95th=[  279],
     | 99.99th=[  355]
   bw (  KiB/s): min= 1064, max=23375, per=100.00%, avg=11223.84, stdev=209.50, samples=29909
   iops        : min=  266, max= 5843, avg=2805.64, stdev=52.37, samples=29909
  lat (msec)   : 4=0.01%, 10=0.01%, 20=13.06%, 50=43.99%, 100=41.65%
  lat (msec)   : 250=1.21%, 500=0.08%, 750=0.01%, 1000=0.01%, 2000=0.01%
  cpu          : usr=0.40%, sys=0.87%, ctx=10457270, majf=0, minf=40
  IO depths    : 1=0.1%, 2=0.1%, 4=0.1%, 8=0.1%, 16=0.1%, 32=100.0%, >=64=0.0%
     submit    : 0=0.0%, 4=100.0%, 8=0.0%, 16=0.0%, 32=0.0%, 64=0.0%, >=64=0.0%
     complete  : 0=0.0%, 4=100.0%, 8=0.0%, 16=0.0%, 32=0.1%, 64=0.0%, >=64=0.0%
     issued rwts: total=0,10485760,0,0 short=0,0,0,0 dropped=0,0,0,0
     latency   : target=0, window=0, percentile=100.00%, depth=32

Run status group 0 (all jobs):
  WRITE: bw=10.9MiB/s (11.4MB/s), 10.9MiB/s-10.9MiB/s (11.4MB/s-11.4MB/s), io=40.0GiB (42.9GB), run=3751713-3751713msec

Disk stats (read/write):
  sdb: ios=0/10484589, merge=0/834, ticks=0/478521678, in_queue=478521679, util=100.00%
