test_io_baseline: (g=0): rw=randwrite, bs=(R) 4096B-4096B, (W) 4096B-4096B, (T) 4096B-4096B, ioengine=io_uring, iodepth=32
...
fio-3.28
Starting 4 processes

test_io_baseline: (groupid=0, jobs=4): err= 0: pid=37800: Mon Apr 21 15:23:06 2025
  write: IOPS=5580, BW=21.8MiB/s (22.9MB/s)(40.0GiB/1879025msec); 0 zone resets
    slat (usec): min=2, max=2678, avg= 8.37, stdev= 5.73
    clat (msec): min=2, max=260, avg=22.86, stdev=11.59
     lat (msec): min=2, max=260, avg=22.87, stdev=11.59
    clat percentiles (msec):
     |  1.00th=[    7],  5.00th=[    8], 10.00th=[   10], 20.00th=[   13],
     | 30.00th=[   17], 40.00th=[   20], 50.00th=[   23], 60.00th=[   26],
     | 70.00th=[   29], 80.00th=[   32], 90.00th=[   35], 95.00th=[   37],
     | 99.00th=[   58], 99.50th=[   81], 99.90th=[  123], 99.95th=[  138],
     | 99.99th=[  169]
   bw (  KiB/s): min=15831, max=47138, per=100.00%, avg=22403.98, stdev=364.89, samples=14979
   iops        : min= 3957, max=11784, avg=5600.31, stdev=91.22, samples=14979
  lat (msec)   : 4=0.01%, 10=12.89%, 20=28.32%, 50=57.49%, 100=1.06%
  lat (msec)   : 250=0.24%, 500=0.01%
  cpu          : usr=0.67%, sys=1.49%, ctx=10330485, majf=0, minf=44
  IO depths    : 1=0.1%, 2=0.1%, 4=0.1%, 8=0.1%, 16=0.1%, 32=100.0%, >=64=0.0%
     submit    : 0=0.0%, 4=100.0%, 8=0.0%, 16=0.0%, 32=0.0%, 64=0.0%, >=64=0.0%
     complete  : 0=0.0%, 4=100.0%, 8=0.0%, 16=0.0%, 32=0.1%, 64=0.0%, >=64=0.0%
     issued rwts: total=0,10485760,0,0 short=0,0,0,0 dropped=0,0,0,0
     latency   : target=0, window=0, percentile=100.00%, depth=32

Run status group 0 (all jobs):
  WRITE: bw=21.8MiB/s (22.9MB/s), 21.8MiB/s-21.8MiB/s (22.9MB/s-22.9MB/s), io=40.0GiB (42.9GB), run=1879025-1879025msec

Disk stats (read/write):
  sdb: ios=0/10483732, merge=0/830, ticks=0/239560471, in_queue=239560471, util=100.00%
