test_io_baseline: (g=0): rw=randread, bs=(R) 4096B-4096B, (W) 4096B-4096B, (T) 4096B-4096B, ioengine=io_uring, iodepth=32
...
fio-3.28
Starting 4 processes

test_io_baseline: (groupid=0, jobs=4): err= 0: pid=23317: Fri Apr 18 05:56:00 2025
  read: IOPS=2085, BW=8341KiB/s (8541kB/s)(40.0GiB/5028824msec)
    slat (nsec): min=2000, max=3331.7k, avg=6549.45, stdev=4129.88
    clat (msec): min=2, max=532, avg=61.18, stdev=31.44
     lat (msec): min=2, max=532, avg=61.19, stdev=31.44
    clat percentiles (msec):
     |  1.00th=[   16],  5.00th=[   20], 10.00th=[   24], 20.00th=[   34],
     | 30.00th=[   43], 40.00th=[   52], 50.00th=[   61], 60.00th=[   69],
     | 70.00th=[   77], 80.00th=[   85], 90.00th=[   94], 95.00th=[  103],
     | 99.00th=[  155], 99.50th=[  211], 99.90th=[  326], 99.95th=[  368],
     | 99.99th=[  456]
   bw (  KiB/s): min= 6058, max=19293, per=100.00%, avg=8372.74, stdev=182.18, samples=40096
   iops        : min= 1514, max= 4823, avg=2092.99, stdev=45.59, samples=40096
  lat (msec)   : 4=0.01%, 10=0.01%, 20=5.34%, 50=32.59%, 100=56.24%
  lat (msec)   : 250=5.54%, 500=0.29%, 750=0.01%
  cpu          : usr=0.22%, sys=0.50%, ctx=9890017, majf=0, minf=169
  IO depths    : 1=0.1%, 2=0.1%, 4=0.1%, 8=0.1%, 16=0.1%, 32=100.0%, >=64=0.0%
     submit    : 0=0.0%, 4=100.0%, 8=0.0%, 16=0.0%, 32=0.0%, 64=0.0%, >=64=0.0%
     complete  : 0=0.0%, 4=100.0%, 8=0.0%, 16=0.0%, 32=0.1%, 64=0.0%, >=64=0.0%
     issued rwts: total=10485760,0,0,0 short=0,0,0,0 dropped=0,0,0,0
     latency   : target=0, window=0, percentile=100.00%, depth=32

Run status group 0 (all jobs):
   READ: bw=8341KiB/s (8541kB/s), 8341KiB/s-8341KiB/s (8541kB/s-8541kB/s), io=40.0GiB (42.9GB), run=5028824-5028824msec

Disk stats (read/write):
  sdb: ios=10484970/0, merge=807/0, ticks=641340161/0, in_queue=641340161, util=100.00%
