test_io_baseline: (g=0): rw=randread, bs=(R) 4096B-4096B, (W) 4096B-4096B, (T) 4096B-4096B, ioengine=io_uring, iodepth=32
...
fio-3.28
Starting 4 processes

test_io_baseline: (groupid=0, jobs=4): err= 0: pid=30709: Sun Apr 20 01:48:40 2025
  read: IOPS=157, BW=631KiB/s (646kB/s)(40.0GiB/66510352msec)
    slat (usec): min=2, max=16482, avg=18.24, stdev=11.55
    clat (msec): min=4, max=3505, avg=807.72, stdev=495.64
     lat (msec): min=4, max=3505, avg=807.73, stdev=495.64
    clat percentiles (msec):
     |  1.00th=[  161],  5.00th=[  220], 10.00th=[  262], 20.00th=[  338],
     | 30.00th=[  426], 40.00th=[  542], 50.00th=[  684], 60.00th=[  860],
     | 70.00th=[ 1062], 80.00th=[ 1301], 90.00th=[ 1552], 95.00th=[ 1737],
     | 99.00th=[ 2005], 99.50th=[ 2089], 99.90th=[ 2265], 99.95th=[ 2333],
     | 99.99th=[ 2467]
   bw (  KiB/s): min=   64, max= 2409, per=100.00%, avg=633.89, stdev=50.82, samples=529346
   iops        : min=   16, max=  602, avg=158.47, stdev=12.70, samples=529346
  lat (msec)   : 10=0.01%, 20=0.01%, 50=0.01%, 100=0.01%, 250=8.40%
  lat (msec)   : 500=28.38%, 750=17.32%, 1000=12.92%, 2000=31.99%, >=2000=0.98%
  cpu          : usr=0.05%, sys=0.10%, ctx=10463013, majf=0, minf=178
  IO depths    : 1=0.1%, 2=0.1%, 4=0.1%, 8=0.1%, 16=0.1%, 32=100.0%, >=64=0.0%
     submit    : 0=0.0%, 4=100.0%, 8=0.0%, 16=0.0%, 32=0.0%, 64=0.0%, >=64=0.0%
     complete  : 0=0.0%, 4=100.0%, 8=0.0%, 16=0.0%, 32=0.1%, 64=0.0%, >=64=0.0%
     issued rwts: total=10485760,0,0,0 short=0,0,0,0 dropped=0,0,0,0
     latency   : target=0, window=0, percentile=100.00%, depth=32

Run status group 0 (all jobs):
   READ: bw=631KiB/s (646kB/s), 631KiB/s-631KiB/s (646kB/s-646kB/s), io=40.0GiB (42.9GB), run=66510352-66510352msec

Disk stats (read/write):
  sdb: ios=10485151/0, merge=786/0, ticks=18446744073588564317/0, in_queue=18446744073588564317, util=100.00%
