test_io_baseline: (g=0): rw=randwrite, bs=(R) 4096B-4096B, (W) 4096B-4096B, (T) 4096B-4096B, ioengine=io_uring, iodepth=32
...
fio-3.28
Starting 4 processes

test_io_baseline: (groupid=0, jobs=4): err= 0: pid=39472: Mon Apr 21 20:54:07 2025
  write: IOPS=2798, BW=10.9MiB/s (11.5MB/s)(40.0GiB/3746896msec); 0 zone resets
    slat (usec): min=2, max=22951, avg= 9.47, stdev=23.18
    clat (msec): min=2, max=525, avg=45.59, stdev=23.06
     lat (msec): min=2, max=525, avg=45.60, stdev=23.06
    clat percentiles (msec):
     |  1.00th=[   13],  5.00th=[   15], 10.00th=[   18], 20.00th=[   25],
     | 30.00th=[   33], 40.00th=[   40], 50.00th=[   46], 60.00th=[   52],
     | 70.00th=[   58], 80.00th=[   63], 90.00th=[   69], 95.00th=[   73],
     | 99.00th=[  116], 99.50th=[  159], 99.90th=[  243], 99.95th=[  275],
     | 99.99th=[  338]
   bw (  KiB/s): min= 5592, max=23909, per=100.00%, avg=11236.35, stdev=204.39, samples=29874
   iops        : min= 1398, max= 5976, avg=2808.83, stdev=51.09, samples=29874
  lat (msec)   : 4=0.01%, 10=0.01%, 20=13.07%, 50=43.99%, 100=41.65%
  lat (msec)   : 250=1.21%, 500=0.09%, 750=0.01%
  cpu          : usr=0.40%, sys=0.85%, ctx=10452414, majf=0, minf=45
  IO depths    : 1=0.1%, 2=0.1%, 4=0.1%, 8=0.1%, 16=0.1%, 32=100.0%, >=64=0.0%
     submit    : 0=0.0%, 4=100.0%, 8=0.0%, 16=0.0%, 32=0.0%, 64=0.0%, >=64=0.0%
     complete  : 0=0.0%, 4=100.0%, 8=0.0%, 16=0.0%, 32=0.1%, 64=0.0%, >=64=0.0%
     issued rwts: total=0,10485760,0,0 short=0,0,0,0 dropped=0,0,0,0
     latency   : target=0, window=0, percentile=100.00%, depth=32

Run status group 0 (all jobs):
  WRITE: bw=10.9MiB/s (11.5MB/s), 10.9MiB/s-10.9MiB/s (11.5MB/s-11.5MB/s), io=40.0GiB (42.9GB), run=3746896-3746896msec

Disk stats (read/write):
  sdb: ios=0/10484655, merge=0/836, ticks=0/477897531, in_queue=477897531, util=100.00%
