test_io_baseline: (g=0): rw=randread, bs=(R) 4096B-4096B, (W) 4096B-4096B, (T) 4096B-4096B, ioengine=io_uring, iodepth=32
...
fio-3.28
Starting 4 processes

test_io_baseline: (groupid=0, jobs=4): err= 0: pid=24559: Fri Apr 18 15:27:01 2025
  read: IOPS=1279, BW=5119KiB/s (5241kB/s)(40.0GiB/8194162msec)
    slat (usec): min=2, max=4082, avg= 8.88, stdev= 5.67
    clat (msec): min=9, max=565, avg=99.46, stdev=50.29
     lat (msec): min=9, max=565, avg=99.46, stdev=50.29
    clat percentiles (msec):
     |  1.00th=[   27],  5.00th=[   33], 10.00th=[   40], 20.00th=[   54],
     | 30.00th=[   69], 40.00th=[   85], 50.00th=[  100], 60.00th=[  112],
     | 70.00th=[  125], 80.00th=[  138], 90.00th=[  153], 95.00th=[  163],
     | 99.00th=[  262], 99.50th=[  347], 99.90th=[  498], 99.95th=[  527],
     | 99.99th=[  535]
   bw (  KiB/s): min= 2617, max=11467, per=100.00%, avg=5150.69, stdev=141.33, samples=65168
   iops        : min=  654, max= 2866, avg=1287.18, stdev=35.33, samples=65168
  lat (msec)   : 10=0.01%, 20=0.01%, 50=17.57%, 100=33.46%, 250=47.84%
  lat (msec)   : 500=1.04%, 750=0.09%
  cpu          : usr=0.17%, sys=0.41%, ctx=10125573, majf=0, minf=175
  IO depths    : 1=0.1%, 2=0.1%, 4=0.1%, 8=0.1%, 16=0.1%, 32=100.0%, >=64=0.0%
     submit    : 0=0.0%, 4=100.0%, 8=0.0%, 16=0.0%, 32=0.0%, 64=0.0%, >=64=0.0%
     complete  : 0=0.0%, 4=100.0%, 8=0.0%, 16=0.0%, 32=0.1%, 64=0.0%, >=64=0.0%
     issued rwts: total=10485760,0,0,0 short=0,0,0,0 dropped=0,0,0,0
     latency   : target=0, window=0, percentile=100.00%, depth=32

Run status group 0 (all jobs):
   READ: bw=5119KiB/s (5241kB/s), 5119KiB/s-5119KiB/s (5241kB/s-5241kB/s), io=40.0GiB (42.9GB), run=8194162-8194162msec

Disk stats (read/write):
  sdb: ios=10484888/0, merge=809/0, ticks=1042666356/0, in_queue=1042666356, util=100.00%
