test_io_baseline: (g=0): rw=randread, bs=(R) 4096B-4096B, (W) 4096B-4096B, (T) 4096B-4096B, ioengine=io_uring, iodepth=32
...
fio-3.28
Starting 4 processes

test_io_baseline: (groupid=0, jobs=4): err= 0: pid=23982: Fri Apr 18 10:54:00 2025
  read: IOPS=1282, BW=5129KiB/s (5253kB/s)(40.0GiB/8176991msec)
    slat (nsec): min=1989, max=8778.5k, avg=9211.06, stdev=9173.93
    clat (msec): min=2, max=1761, avg=99.25, stdev=50.28
     lat (msec): min=2, max=1761, avg=99.26, stdev=50.28
    clat percentiles (msec):
     |  1.00th=[   27],  5.00th=[   33], 10.00th=[   40], 20.00th=[   54],
     | 30.00th=[   69], 40.00th=[   85], 50.00th=[   99], 60.00th=[  112],
     | 70.00th=[  125], 80.00th=[  138], 90.00th=[  150], 95.00th=[  163],
     | 99.00th=[  262], 99.50th=[  342], 99.90th=[  493], 99.95th=[  527],
     | 99.99th=[  535]
   bw (  KiB/s): min= 1264, max=11403, per=100.00%, avg=5161.58, stdev=142.14, samples=65039
   iops        : min=  316, max= 2850, avg=1289.75, stdev=35.54, samples=65039
  lat (msec)   : 4=0.01%, 10=0.01%, 20=0.01%, 50=17.62%, 100=33.48%
  lat (msec)   : 250=47.78%, 500=1.03%, 750=0.09%, 2000=0.01%
  cpu          : usr=0.19%, sys=0.43%, ctx=10117021, majf=0, minf=177
  IO depths    : 1=0.1%, 2=0.1%, 4=0.1%, 8=0.1%, 16=0.1%, 32=100.0%, >=64=0.0%
     submit    : 0=0.0%, 4=100.0%, 8=0.0%, 16=0.0%, 32=0.0%, 64=0.0%, >=64=0.0%
     complete  : 0=0.0%, 4=100.0%, 8=0.0%, 16=0.0%, 32=0.1%, 64=0.0%, >=64=0.0%
     issued rwts: total=10485760,0,0,0 short=0,0,0,0 dropped=0,0,0,0
     latency   : target=0, window=0, percentile=100.00%, depth=32

Run status group 0 (all jobs):
   READ: bw=5129KiB/s (5253kB/s), 5129KiB/s-5129KiB/s (5253kB/s-5253kB/s), io=40.0GiB (42.9GB), run=8176991-8176991msec

Disk stats (read/write):
  sdb: ios=10484820/0, merge=783/0, ticks=1040497587/0, in_queue=1040497587, util=100.00%
