test_io_baseline: (g=0): rw=randwrite, bs=(R) 4096B-4096B, (W) 4096B-4096B, (T) 4096B-4096B, ioengine=io_uring, iodepth=32
...
fio-3.28
Starting 4 processes

test_io_baseline: (groupid=0, jobs=4): err= 0: pid=46384: Wed Apr 23 19:03:20 2025
  write: IOPS=280, BW=1123KiB/s (1150kB/s)(40.0GiB/37343363msec); 0 zone resets
    slat (usec): min=2, max=22217, avg=18.05, stdev=18.70
    clat (msec): min=3, max=5116, avg=454.44, stdev=229.01
     lat (msec): min=3, max=5116, avg=454.46, stdev=229.01
    clat percentiles (msec):
     |  1.00th=[  125],  5.00th=[  148], 10.00th=[  182], 20.00th=[  249],
     | 30.00th=[  321], 40.00th=[  388], 50.00th=[  456], 60.00th=[  514],
     | 70.00th=[  575], 80.00th=[  625], 90.00th=[  684], 95.00th=[  726],
     | 99.00th=[ 1133], 99.50th=[ 1569], 99.90th=[ 2400], 99.95th=[ 2735],
     | 99.99th=[ 3373]
   bw (  KiB/s): min=  384, max= 2626, per=100.00%, avg=1126.62, stdev=41.86, samples=297831
   iops        : min=   96, max=  656, avg=281.65, stdev=10.46, samples=297831
  lat (msec)   : 4=0.01%, 10=0.01%, 20=0.01%, 50=0.01%, 100=0.01%
  lat (msec)   : 250=20.35%, 500=36.98%, 750=39.55%, 1000=1.87%, 2000=1.03%
  lat (msec)   : >=2000=0.23%
  cpu          : usr=0.10%, sys=0.17%, ctx=10533190, majf=0, minf=45
  IO depths    : 1=0.1%, 2=0.1%, 4=0.1%, 8=0.1%, 16=0.1%, 32=100.0%, >=64=0.0%
     submit    : 0=0.0%, 4=100.0%, 8=0.0%, 16=0.0%, 32=0.0%, 64=0.0%, >=64=0.0%
     complete  : 0=0.0%, 4=100.0%, 8=0.0%, 16=0.0%, 32=0.1%, 64=0.0%, >=64=0.0%
     issued rwts: total=0,10485760,0,0 short=0,0,0,0 dropped=0,0,0,0
     latency   : target=0, window=0, percentile=100.00%, depth=32

Run status group 0 (all jobs):
  WRITE: bw=1123KiB/s (1150kB/s), 1123KiB/s-1123KiB/s (1150kB/s-1150kB/s), io=40.0GiB (42.9GB), run=37343363-37343363msec

Disk stats (read/write):
  sdb: ios=0/10484855, merge=0/851, ticks=0/18446744069884266960, in_queue=469682640, util=100.00%
