test_io_baseline: (g=0): rw=randwrite, bs=(R) 4096B-4096B, (W) 4096B-4096B, (T) 4096B-4096B, ioengine=io_uring, iodepth=32
...
fio-3.28
Starting 4 processes

test_io_baseline: (groupid=0, jobs=4): err= 0: pid=40650: Tue Apr 22 01:57:58 2025
  write: IOPS=1402, BW=5609KiB/s (5744kB/s)(40.0GiB/7477421msec); 0 zone resets
    slat (usec): min=2, max=20283, avg=10.98, stdev=16.46
    clat (msec): min=2, max=1032, avg=90.98, stdev=45.83
     lat (msec): min=2, max=1032, avg=91.00, stdev=45.83
    clat percentiles (msec):
     |  1.00th=[   25],  5.00th=[   30], 10.00th=[   36], 20.00th=[   50],
     | 30.00th=[   65], 40.00th=[   79], 50.00th=[   91], 60.00th=[  104],
     | 70.00th=[  115], 80.00th=[  126], 90.00th=[  138], 95.00th=[  146],
     | 99.00th=[  228], 99.50th=[  313], 99.90th=[  481], 99.95th=[  542],
     | 99.99th=[  667]
   bw (  KiB/s): min= 4212, max=12115, per=100.00%, avg=5629.45, stdev=110.19, samples=59633
   iops        : min= 1052, max= 3027, avg=1406.68, stdev=27.54, samples=59633
  lat (msec)   : 4=0.01%, 10=0.01%, 20=0.01%, 50=20.37%, 100=36.85%
  lat (msec)   : 250=41.98%, 500=0.72%, 750=0.08%, 1000=0.01%, 2000=0.01%
  cpu          : usr=0.24%, sys=0.51%, ctx=10558791, majf=0, minf=42
  IO depths    : 1=0.1%, 2=0.1%, 4=0.1%, 8=0.1%, 16=0.1%, 32=100.0%, >=64=0.0%
     submit    : 0=0.0%, 4=100.0%, 8=0.0%, 16=0.0%, 32=0.0%, 64=0.0%, >=64=0.0%
     complete  : 0=0.0%, 4=100.0%, 8=0.0%, 16=0.0%, 32=0.1%, 64=0.0%, >=64=0.0%
     issued rwts: total=0,10485760,0,0 short=0,0,0,0 dropped=0,0,0,0
     latency   : target=0, window=0, percentile=100.00%, depth=32

Run status group 0 (all jobs):
  WRITE: bw=5609KiB/s (5744kB/s), 5609KiB/s-5609KiB/s (5744kB/s-5744kB/s), io=40.0GiB (42.9GB), run=7477421-7477421msec

Disk stats (read/write):
  sdb: ios=0/10484769, merge=0/857, ticks=0/953863653, in_queue=953863654, util=100.00%
