test_io_baseline: (g=0): rw=randread, bs=(R) 4096B-4096B, (W) 4096B-4096B, (T) 4096B-4096B, ioengine=io_uring, iodepth=32
...
fio-3.28
Starting 4 processes

test_io_baseline: (groupid=0, jobs=4): err= 0: pid=22984: Fri Apr 18 03:40:17 2025
  read: IOPS=2965, BW=11.6MiB/s (12.1MB/s)(40.0GiB/3536290msec)
    slat (usec): min=2, max=2217, avg= 6.24, stdev= 4.15
    clat (msec): min=2, max=520, avg=43.04, stdev=23.55
     lat (msec): min=2, max=520, avg=43.05, stdev=23.55
    clat percentiles (msec):
     |  1.00th=[   10],  5.00th=[   14], 10.00th=[   17], 20.00th=[   23],
     | 30.00th=[   29], 40.00th=[   36], 50.00th=[   42], 60.00th=[   47],
     | 70.00th=[   53], 80.00th=[   60], 90.00th=[   70], 95.00th=[   79],
     | 99.00th=[  110], 99.50th=[  148], 99.90th=[  234], 99.95th=[  266],
     | 99.99th=[  330]
   bw (  KiB/s): min= 6758, max=27954, per=100.00%, avg=11899.90, stdev=357.18, samples=28199
   iops        : min= 1688, max= 6988, avg=2974.71, stdev=89.27, samples=28199
  lat (msec)   : 4=0.01%, 10=1.44%, 20=14.44%, 50=49.40%, 100=33.42%
  lat (msec)   : 250=1.23%, 500=0.07%, 750=0.01%
  cpu          : usr=0.30%, sys=0.68%, ctx=9710997, majf=0, minf=176
  IO depths    : 1=0.1%, 2=0.1%, 4=0.1%, 8=0.1%, 16=0.1%, 32=100.0%, >=64=0.0%
     submit    : 0=0.0%, 4=100.0%, 8=0.0%, 16=0.0%, 32=0.0%, 64=0.0%, >=64=0.0%
     complete  : 0=0.0%, 4=100.0%, 8=0.0%, 16=0.0%, 32=0.1%, 64=0.0%, >=64=0.0%
     issued rwts: total=10485760,0,0,0 short=0,0,0,0 dropped=0,0,0,0
     latency   : target=0, window=0, percentile=100.00%, depth=32

Run status group 0 (all jobs):
   READ: bw=11.6MiB/s (12.1MB/s), 11.6MiB/s-11.6MiB/s (12.1MB/s-12.1MB/s), io=40.0GiB (42.9GB), run=3536290-3536290msec

Disk stats (read/write):
  sdb: ios=10484174/0, merge=792/0, ticks=18446744069865768526/0, in_queue=18446744069865768526, util=100.00%
