test_io_baseline: (g=0): rw=randread, bs=(R) 4096B-4096B, (W) 4096B-4096B, (T) 4096B-4096B, ioengine=io_uring, iodepth=32
...
fio-3.28
Starting 4 processes

test_io_baseline: (groupid=0, jobs=4): err= 0: pid=24302: Fri Apr 18 13:10:19 2025
  read: IOPS=1283, BW=5134KiB/s (5257kB/s)(40.0GiB/8170259msec)
    slat (usec): min=2, max=1406, avg= 8.67, stdev= 5.27
    clat (msec): min=2, max=640, avg=99.16, stdev=50.01
     lat (msec): min=2, max=640, avg=99.17, stdev=50.01
    clat percentiles (msec):
     |  1.00th=[   27],  5.00th=[   33], 10.00th=[   40], 20.00th=[   54],
     | 30.00th=[   69], 40.00th=[   85], 50.00th=[   99], 60.00th=[  112],
     | 70.00th=[  125], 80.00th=[  138], 90.00th=[  150], 95.00th=[  163],
     | 99.00th=[  262], 99.50th=[  342], 99.90th=[  493], 99.95th=[  527],
     | 99.99th=[  535]
   bw (  KiB/s): min= 2505, max=11440, per=100.00%, avg=5165.95, stdev=133.88, samples=64973
   iops        : min=  626, max= 2859, avg=1291.01, stdev=33.47, samples=64973
  lat (msec)   : 4=0.01%, 10=0.01%, 20=0.01%, 50=17.62%, 100=33.55%
  lat (msec)   : 250=47.70%, 500=1.03%, 750=0.09%
  cpu          : usr=0.17%, sys=0.40%, ctx=10116933, majf=0, minf=167
  IO depths    : 1=0.1%, 2=0.1%, 4=0.1%, 8=0.1%, 16=0.1%, 32=100.0%, >=64=0.0%
     submit    : 0=0.0%, 4=100.0%, 8=0.0%, 16=0.0%, 32=0.0%, 64=0.0%, >=64=0.0%
     complete  : 0=0.0%, 4=100.0%, 8=0.0%, 16=0.0%, 32=0.1%, 64=0.0%, >=64=0.0%
     issued rwts: total=10485760,0,0,0 short=0,0,0,0 dropped=0,0,0,0
     latency   : target=0, window=0, percentile=100.00%, depth=32

Run status group 0 (all jobs):
   READ: bw=5134KiB/s (5257kB/s), 5134KiB/s-5134KiB/s (5257kB/s-5257kB/s), io=40.0GiB (42.9GB), run=8170259-8170259msec

Disk stats (read/write):
  sdb: ios=10484730/0, merge=819/0, ticks=18446744070454167839/0, in_queue=18446744070454167839, util=100.00%
