test_io_baseline: (g=0): rw=randwrite, bs=(R) 4096B-4096B, (W) 4096B-4096B, (T) 4096B-4096B, ioengine=io_uring, iodepth=32
...
fio-3.28
Starting 4 processes

test_io_baseline: (groupid=0, jobs=4): err= 0: pid=38715: Mon Apr 21 17:49:32 2025
  write: IOPS=2792, BW=10.9MiB/s (11.4MB/s)(40.0GiB/3755302msec); 0 zone resets
    slat (usec): min=2, max=27625, avg= 9.82, stdev=31.14
    clat (msec): min=2, max=1452, avg=45.69, stdev=24.13
     lat (msec): min=2, max=1452, avg=45.70, stdev=24.13
    clat percentiles (msec):
     |  1.00th=[   13],  5.00th=[   15], 10.00th=[   18], 20.00th=[   25],
     | 30.00th=[   33], 40.00th=[   40], 50.00th=[   46], 60.00th=[   52],
     | 70.00th=[   58], 80.00th=[   64], 90.00th=[   69], 95.00th=[   73],
     | 99.00th=[  116], 99.50th=[  161], 99.90th=[  247], 99.95th=[  284],
     | 99.99th=[  380]
   bw (  KiB/s): min= 1080, max=23990, per=100.00%, avg=11214.79, stdev=206.36, samples=29932
   iops        : min=  270, max= 5995, avg=2803.37, stdev=51.58, samples=29932
  lat (msec)   : 4=0.01%, 10=0.01%, 20=13.06%, 50=43.96%, 100=41.68%
  lat (msec)   : 250=1.21%, 500=0.09%, 750=0.01%, 1000=0.01%, 2000=0.01%
  cpu          : usr=0.40%, sys=0.89%, ctx=10440738, majf=0, minf=45
  IO depths    : 1=0.1%, 2=0.1%, 4=0.1%, 8=0.1%, 16=0.1%, 32=100.0%, >=64=0.0%
     submit    : 0=0.0%, 4=100.0%, 8=0.0%, 16=0.0%, 32=0.0%, 64=0.0%, >=64=0.0%
     complete  : 0=0.0%, 4=100.0%, 8=0.0%, 16=0.0%, 32=0.1%, 64=0.0%, >=64=0.0%
     issued rwts: total=0,10485760,0,0 short=0,0,0,0 dropped=0,0,0,0
     latency   : target=0, window=0, percentile=100.00%, depth=32

Run status group 0 (all jobs):
  WRITE: bw=10.9MiB/s (11.4MB/s), 10.9MiB/s-10.9MiB/s (11.4MB/s-11.4MB/s), io=40.0GiB (42.9GB), run=3755302-3755302msec

Disk stats (read/write):
  sdb: ios=0/10484315, merge=0/821, ticks=0/478966734, in_queue=18446744069893551053, util=100.00%
