test_io: (g=0): rw=randread, bs=(R) 4096B-4096B, (W) 4096B-4096B, (T) 4096B-4096B, ioengine=io_uring, iodepth=32
...
fio-3.28
Starting 4 processes
fio: pid=32525, err=5/file:io_u.c:1845, func=io_u error, error=Input/output error
fio: pid=32526, err=5/file:io_u.c:1845, func=io_u error, error=Input/output error
fio: pid=32523, err=5/file:io_u.c:1845, func=io_u error, error=Input/output error
fio: pid=32524, err=5/file:io_u.c:1845, func=io_u error, error=Input/output error

test_io: (groupid=0, jobs=4): err= 5 (file:io_u.c:1845, func=io_u error, error=Input/output error): pid=32523: Sun Apr 20 01:48:50 2025
  read: IOPS=407, BW=1546KiB/s (1583kB/s)(9276KiB/5999msec)
    slat (usec): min=3, max=223, avg=14.44, stdev=12.11
    clat (msec): min=7, max=474, avg=304.93, stdev=64.09
     lat (msec): min=7, max=474, avg=304.95, stdev=64.10
    clat percentiles (msec):
     |  1.00th=[   91],  5.00th=[  224], 10.00th=[  239], 20.00th=[  257],
     | 30.00th=[  271], 40.00th=[  288], 50.00th=[  313], 60.00th=[  321],
     | 70.00th=[  330], 80.00th=[  342], 90.00th=[  380], 95.00th=[  422],
     | 99.00th=[  464], 99.50th=[  464], 99.90th=[  472], 99.95th=[  472],
     | 99.99th=[  477]
   bw (  KiB/s): min= 1048, max= 2232, per=100.00%, avg=1636.36, stdev=111.21, samples=44
   iops        : min=  262, max=  558, avg=409.09, stdev=27.80, samples=44
  lat (msec)   : 10=0.04%, 20=0.16%, 50=0.25%, 100=0.57%, 250=14.96%
  lat (msec)   : 500=78.79%
  cpu          : usr=0.10%, sys=0.11%, ctx=4456, majf=0, minf=187
  IO depths    : 1=0.2%, 2=0.3%, 4=0.7%, 8=1.3%, 16=2.6%, 32=94.9%, >=64=0.0%
     submit    : 0=0.0%, 4=100.0%, 8=0.0%, 16=0.0%, 32=0.0%, 64=0.0%, >=64=0.0%
     complete  : 0=0.0%, 4=99.8%, 8=0.0%, 16=0.0%, 32=0.2%, 64=0.0%, >=64=0.0%
     issued rwts: total=2447,0,0,0 short=0,0,0,0 dropped=0,0,0,0
     latency   : target=0, window=0, percentile=100.00%, depth=32

Run status group 0 (all jobs):
   READ: bw=1546KiB/s (1583kB/s), 1546KiB/s-1546KiB/s (1583kB/s-1583kB/s), io=9276KiB (9499kB), run=5999-5999msec

Disk stats (read/write):
  nbd0: ios=2319/0, merge=0/0, ticks=707128/0, in_queue=707128, util=95.80%
