test_io: (g=0): rw=randread, bs=(R) 4096B-4096B, (W) 4096B-4096B, (T) 4096B-4096B, ioengine=io_uring, iodepth=32
...
fio-3.28
Starting 4 processes
fio: pid=37492, err=5/file:io_u.c:1845, func=io_u error, error=Input/output error
fio: pid=37491, err=5/file:io_u.c:1845, func=io_u error, error=Input/output error
fio: pid=37493, err=5/file:io_u.c:1845, func=io_u error, error=Input/output error
fio: pid=37490, err=5/file:io_u.c:1845, func=io_u error, error=Input/output error

test_io: (groupid=0, jobs=4): err= 5 (file:io_u.c:1845, func=io_u error, error=Input/output error): pid=37490: Mon Apr 21 13:59:09 2025
  read: IOPS=413, BW=1569KiB/s (1606kB/s)(9256KiB/5901msec)
    slat (usec): min=3, max=225, avg=20.52, stdev=17.90
    clat (msec): min=6, max=471, avg=301.86, stdev=62.72
     lat (msec): min=6, max=471, avg=301.88, stdev=62.72
    clat percentiles (msec):
     |  1.00th=[   91],  5.00th=[  222], 10.00th=[  241], 20.00th=[  255],
     | 30.00th=[  268], 40.00th=[  279], 50.00th=[  296], 60.00th=[  313],
     | 70.00th=[  330], 80.00th=[  359], 90.00th=[  380], 95.00th=[  397],
     | 99.00th=[  451], 99.50th=[  460], 99.90th=[  468], 99.95th=[  472],
     | 99.99th=[  472]
   bw (  KiB/s): min= 1080, max= 2120, per=100.00%, avg=1662.55, stdev=106.58, samples=44
   iops        : min=  270, max=  530, avg=415.64, stdev=26.64, samples=44
  lat (msec)   : 10=0.08%, 20=0.16%, 50=0.33%, 100=0.49%, 250=14.17%
  lat (msec)   : 500=79.52%
  cpu          : usr=0.05%, sys=0.26%, ctx=4744, majf=0, minf=197
  IO depths    : 1=0.2%, 2=0.3%, 4=0.7%, 8=1.3%, 16=2.6%, 32=94.9%, >=64=0.0%
     submit    : 0=0.0%, 4=100.0%, 8=0.0%, 16=0.0%, 32=0.0%, 64=0.0%, >=64=0.0%
     complete  : 0=0.0%, 4=99.8%, 8=0.0%, 16=0.0%, 32=0.2%, 64=0.0%, >=64=0.0%
     issued rwts: total=2442,0,0,0 short=0,0,0,0 dropped=0,0,0,0
     latency   : target=0, window=0, percentile=100.00%, depth=32

Run status group 0 (all jobs):
   READ: bw=1569KiB/s (1606kB/s), 1569KiB/s-1569KiB/s (1606kB/s-1606kB/s), io=9256KiB (9478kB), run=5901-5901msec

Disk stats (read/write):
  nbd0: ios=2314/0, merge=0/0, ticks=698509/0, in_queue=698509, util=93.94%
