test_io: (g=0): rw=randread, bs=(R) 4096B-4096B, (W) 4096B-4096B, (T) 4096B-4096B, ioengine=io_uring, iodepth=32
...
fio-3.28
Starting 4 processes
fio: pid=30013, err=5/file:io_u.c:1845, func=io_u error, error=Input/output error
fio: pid=30011, err=5/file:io_u.c:1845, func=io_u error, error=Input/output error
fio: pid=30010, err=5/file:io_u.c:1845, func=io_u error, error=Input/output error
fio: pid=30012, err=5/file:io_u.c:1845, func=io_u error, error=Input/output error

test_io: (groupid=0, jobs=4): err= 5 (file:io_u.c:1845, func=io_u error, error=Input/output error): pid=30010: Sat Apr 19 02:03:36 2025
  read: IOPS=571, BW=2166KiB/s (2218kB/s)(9276KiB/4283msec)
    slat (usec): min=3, max=179, avg=15.34, stdev=12.06
    clat (msec): min=7, max=287, avg=209.81, stdev=34.96
     lat (msec): min=7, max=287, avg=209.82, stdev=34.96
    clat percentiles (msec):
     |  1.00th=[   63],  5.00th=[  171], 10.00th=[  178], 20.00th=[  188],
     | 30.00th=[  199], 40.00th=[  207], 50.00th=[  211], 60.00th=[  215],
     | 70.00th=[  222], 80.00th=[  230], 90.00th=[  251], 95.00th=[  268],
     | 99.00th=[  288], 99.50th=[  288], 99.90th=[  288], 99.95th=[  288],
     | 99.99th=[  288]
   bw (  KiB/s): min= 1896, max= 2976, per=100.00%, avg=2319.12, stdev=99.76, samples=32
   iops        : min=  474, max=  744, avg=579.75, stdev=24.95, samples=32
  lat (msec)   : 10=0.04%, 20=0.16%, 50=0.49%, 100=0.90%, 250=83.65%
  lat (msec)   : 500=9.52%
  cpu          : usr=0.19%, sys=0.12%, ctx=4556, majf=0, minf=186
  IO depths    : 1=0.2%, 2=0.3%, 4=0.7%, 8=1.3%, 16=2.6%, 32=94.9%, >=64=0.0%
     submit    : 0=0.0%, 4=100.0%, 8=0.0%, 16=0.0%, 32=0.0%, 64=0.0%, >=64=0.0%
     complete  : 0=0.1%, 4=99.8%, 8=0.0%, 16=0.0%, 32=0.2%, 64=0.0%, >=64=0.0%
     issued rwts: total=2447,0,0,0 short=0,0,0,0 dropped=0,0,0,0
     latency   : target=0, window=0, percentile=100.00%, depth=32

Run status group 0 (all jobs):
   READ: bw=2166KiB/s (2218kB/s), 2166KiB/s-2166KiB/s (2218kB/s-2218kB/s), io=9276KiB (9499kB), run=4283-4283msec

Disk stats (read/write):
  nbd0: ios=2319/0, merge=0/0, ticks=486536/0, in_queue=486536, util=88.31%
