test_io: (g=0): rw=randread, bs=(R) 4096B-4096B, (W) 4096B-4096B, (T) 4096B-4096B, ioengine=io_uring, iodepth=32
...
fio-3.28
Starting 4 processes
fio: pid=24229, err=5/file:io_u.c:1845, func=io_u error, error=Input/output error
fio: pid=24232, err=5/file:io_u.c:1845, func=io_u error, error=Input/output error
fio: pid=24230, err=5/file:io_u.c:1845, func=io_u error, error=Input/output error
fio: pid=24231, err=5/file:io_u.c:1845, func=io_u error, error=Input/output error

test_io: (groupid=0, jobs=4): err= 5 (file:io_u.c:1845, func=io_u error, error=Input/output error): pid=24229: Fri Apr 18 10:54:07 2025
  read: IOPS=601, BW=2278KiB/s (2333kB/s)(9252KiB/4061msec)
    slat (usec): min=3, max=582, avg=13.31, stdev=16.53
    clat (msec): min=9, max=303, avg=201.77, stdev=38.83
     lat (msec): min=9, max=303, avg=201.78, stdev=38.83
    clat percentiles (msec):
     |  1.00th=[   58],  5.00th=[  163], 10.00th=[  171], 20.00th=[  178],
     | 30.00th=[  184], 40.00th=[  188], 50.00th=[  194], 60.00th=[  203],
     | 70.00th=[  213], 80.00th=[  241], 90.00th=[  255], 95.00th=[  264],
     | 99.00th=[  284], 99.50th=[  296], 99.90th=[  300], 99.95th=[  305],
     | 99.99th=[  305]
   bw (  KiB/s): min= 1136, max= 3064, per=100.00%, avg=2313.00, stdev=150.30, samples=32
   iops        : min=  284, max=  766, avg=578.25, stdev=37.57, samples=32
  lat (msec)   : 10=0.08%, 20=0.12%, 50=0.61%, 100=1.11%, 250=80.09%
  lat (msec)   : 500=12.74%
  cpu          : usr=0.15%, sys=0.14%, ctx=4417, majf=0, minf=202
  IO depths    : 1=0.2%, 2=0.3%, 4=0.7%, 8=1.3%, 16=2.6%, 32=94.9%, >=64=0.0%
     submit    : 0=0.0%, 4=100.0%, 8=0.0%, 16=0.0%, 32=0.0%, 64=0.0%, >=64=0.0%
     complete  : 0=0.1%, 4=99.8%, 8=0.0%, 16=0.0%, 32=0.2%, 64=0.0%, >=64=0.0%
     issued rwts: total=2441,0,0,0 short=0,0,0,0 dropped=0,0,0,0
     latency   : target=0, window=0, percentile=100.00%, depth=32

Run status group 0 (all jobs):
   READ: bw=2278KiB/s (2333kB/s), 2278KiB/s-2278KiB/s (2333kB/s-2333kB/s), io=9252KiB (9474kB), run=4061-4061msec

Disk stats (read/write):
  nbd0: ios=2313/0, merge=0/0, ticks=466674/0, in_queue=466674, util=89.45%
