test_io: (g=0): rw=randread, bs=(R) 4096B-4096B, (W) 4096B-4096B, (T) 4096B-4096B, ioengine=io_uring, iodepth=32
...
fio-3.28
Starting 4 processes
fio: pid=28201, err=5/file:io_u.c:1845, func=io_u error, error=Input/output error
fio: pid=28199, err=5/file:io_u.c:1845, func=io_u error, error=Input/output error
fio: pid=28202, err=5/file:io_u.c:1845, func=io_u error, error=Input/output error
fio: pid=28200, err=5/file:io_u.c:1845, func=io_u error, error=Input/output error

test_io: (groupid=0, jobs=4): err= 5 (file:io_u.c:1845, func=io_u error, error=Input/output error): pid=28199: Fri Apr 18 20:45:51 2025
  read: IOPS=541, BW=2051KiB/s (2101kB/s)(9276KiB/4522msec)
    slat (usec): min=4, max=331, avg=14.27, stdev=10.15
    clat (msec): min=8, max=302, avg=218.59, stdev=39.07
     lat (msec): min=8, max=302, avg=218.61, stdev=39.07
    clat percentiles (msec):
     |  1.00th=[   64],  5.00th=[  178], 10.00th=[  184], 20.00th=[  190],
     | 30.00th=[  203], 40.00th=[  213], 50.00th=[  218], 60.00th=[  222],
     | 70.00th=[  230], 80.00th=[  251], 90.00th=[  271], 95.00th=[  284],
     | 99.00th=[  292], 99.50th=[  300], 99.90th=[  305], 99.95th=[  305],
     | 99.99th=[  305]
   bw (  KiB/s): min= 1288, max= 2992, per=100.00%, avg=2235.71, stdev=141.14, samples=33
   iops        : min=  322, max=  748, avg=558.83, stdev=35.28, samples=33
  lat (msec)   : 10=0.04%, 20=0.16%, 50=0.49%, 100=0.98%, 250=73.27%
  lat (msec)   : 500=19.82%
  cpu          : usr=0.11%, sys=0.19%, ctx=4678, majf=0, minf=192
  IO depths    : 1=0.2%, 2=0.3%, 4=0.7%, 8=1.3%, 16=2.6%, 32=94.9%, >=64=0.0%
     submit    : 0=0.0%, 4=100.0%, 8=0.0%, 16=0.0%, 32=0.0%, 64=0.0%, >=64=0.0%
     complete  : 0=0.0%, 4=99.8%, 8=0.0%, 16=0.0%, 32=0.2%, 64=0.0%, >=64=0.0%
     issued rwts: total=2447,0,0,0 short=0,0,0,0 dropped=0,0,0,0
     latency   : target=0, window=0, percentile=100.00%, depth=32

Run status group 0 (all jobs):
   READ: bw=2051KiB/s (2101kB/s), 2051KiB/s-2051KiB/s (2101kB/s-2101kB/s), io=9276KiB (9499kB), run=4522-4522msec

Disk stats (read/write):
  nbd0: ios=2319/0, merge=0/0, ticks=506901/0, in_queue=506901, util=86.95%
