test_io: (g=0): rw=randread, bs=(R) 4096B-4096B, (W) 4096B-4096B, (T) 4096B-4096B, ioengine=io_uring, iodepth=32
...
fio-3.28
Starting 4 processes
fio: pid=23910, err=5/file:io_u.c:1845, func=io_u error, error=Input/output error
fio: pid=23911, err=5/file:io_u.c:1845, func=io_u error, error=Input/output error
fio: pid=23909, err=5/file:io_u.c:1845, func=io_u error, error=Input/output error
fio: pid=23912, err=5/file:io_u.c:1845, func=io_u error, error=Input/output error

test_io: (groupid=0, jobs=4): err= 5 (file:io_u.c:1845, func=io_u error, error=Input/output error): pid=23909: Fri Apr 18 08:37:42 2025
  read: IOPS=614, BW=2329KiB/s (2385kB/s)(9236KiB/3966msec)
    slat (usec): min=3, max=158, avg=10.98, stdev= 5.36
    clat (msec): min=7, max=307, avg=198.89, stdev=38.84
     lat (msec): min=7, max=307, avg=198.90, stdev=38.84
    clat percentiles (msec):
     |  1.00th=[   57],  5.00th=[  159], 10.00th=[  167], 20.00th=[  174],
     | 30.00th=[  180], 40.00th=[  184], 50.00th=[  194], 60.00th=[  203],
     | 70.00th=[  211], 80.00th=[  236], 90.00th=[  253], 95.00th=[  259],
     | 99.00th=[  288], 99.50th=[  300], 99.90th=[  305], 99.95th=[  305],
     | 99.99th=[  309]
   bw (  KiB/s): min= 1880, max= 3072, per=100.00%, avg=2505.14, stdev=119.46, samples=28
   iops        : min=  470, max=  768, avg=626.29, stdev=29.86, samples=28
  lat (msec)   : 10=0.12%, 20=0.12%, 50=0.57%, 100=1.07%, 250=82.11%
  lat (msec)   : 500=10.75%
  cpu          : usr=0.11%, sys=0.12%, ctx=4538, majf=0, minf=188
  IO depths    : 1=0.2%, 2=0.3%, 4=0.7%, 8=1.3%, 16=2.6%, 32=94.9%, >=64=0.0%
     submit    : 0=0.0%, 4=100.0%, 8=0.0%, 16=0.0%, 32=0.0%, 64=0.0%, >=64=0.0%
     complete  : 0=0.1%, 4=99.8%, 8=0.0%, 16=0.0%, 32=0.2%, 64=0.0%, >=64=0.0%
     issued rwts: total=2437,0,0,0 short=0,0,0,0 dropped=0,0,0,0
     latency   : target=0, window=0, percentile=100.00%, depth=32

Run status group 0 (all jobs):
   READ: bw=2329KiB/s (2385kB/s), 2329KiB/s-2329KiB/s (2385kB/s-2385kB/s), io=9236KiB (9458kB), run=3966-3966msec

Disk stats (read/write):
  nbd0: ios=2309/0, merge=0/0, ticks=459228/0, in_queue=459228, util=93.34%
