test_io: (g=0): rw=randread, bs=(R) 4096B-4096B, (W) 4096B-4096B, (T) 4096B-4096B, ioengine=io_uring, iodepth=32
...
fio-3.28
Starting 4 processes
fio: pid=24488, err=5/file:io_u.c:1845, func=io_u error, error=Input/output error
fio: pid=24489, err=5/file:io_u.c:1845, func=io_u error, error=Input/output error
fio: pid=24490, err=5/file:io_u.c:1845, func=io_u error, error=Input/output error
fio: pid=24491, err=5/file:io_u.c:1845, func=io_u error, error=Input/output error

test_io: (groupid=0, jobs=4): err= 5 (file:io_u.c:1845, func=io_u error, error=Input/output error): pid=24488: Fri Apr 18 13:10:26 2025
  read: IOPS=593, BW=2250KiB/s (2304kB/s)(9268KiB/4120msec)
    slat (usec): min=2, max=155, avg=12.15, stdev=11.52
    clat (msec): min=7, max=284, avg=202.43, stdev=37.46
     lat (msec): min=7, max=284, avg=202.44, stdev=37.46
    clat percentiles (msec):
     |  1.00th=[   65],  5.00th=[  159], 10.00th=[  167], 20.00th=[  176],
     | 30.00th=[  184], 40.00th=[  192], 50.00th=[  201], 60.00th=[  211],
     | 70.00th=[  218], 80.00th=[  228], 90.00th=[  262], 95.00th=[  268],
     | 99.00th=[  279], 99.50th=[  279], 99.90th=[  284], 99.95th=[  284],
     | 99.99th=[  284]
   bw (  KiB/s): min= 1224, max= 3040, per=100.00%, avg=2316.75, stdev=146.21, samples=32
   iops        : min=  306, max=  760, avg=579.12, stdev=36.55, samples=32
  lat (msec)   : 10=0.04%, 20=0.16%, 50=0.49%, 100=0.90%, 250=81.39%
  lat (msec)   : 500=11.78%
  cpu          : usr=0.19%, sys=0.07%, ctx=4550, majf=0, minf=192
  IO depths    : 1=0.2%, 2=0.3%, 4=0.7%, 8=1.3%, 16=2.6%, 32=94.9%, >=64=0.0%
     submit    : 0=0.0%, 4=100.0%, 8=0.0%, 16=0.0%, 32=0.0%, 64=0.0%, >=64=0.0%
     complete  : 0=0.1%, 4=99.8%, 8=0.0%, 16=0.0%, 32=0.2%, 64=0.0%, >=64=0.0%
     issued rwts: total=2445,0,0,0 short=0,0,0,0 dropped=0,0,0,0
     latency   : target=0, window=0, percentile=100.00%, depth=32

Run status group 0 (all jobs):
   READ: bw=2250KiB/s (2304kB/s), 2250KiB/s-2250KiB/s (2304kB/s-2304kB/s), io=9268KiB (9490kB), run=4120-4120msec

Disk stats (read/write):
  nbd0: ios=2317/0, merge=0/0, ticks=469026/0, in_queue=469026, util=89.79%
