test_io: (g=0): rw=randread, bs=(R) 4096B-4096B, (W) 4096B-4096B, (T) 4096B-4096B, ioengine=io_uring, iodepth=32
...
fio-3.28
Starting 4 processes
fio: pid=23456, err=5/file:io_u.c:1845, func=io_u error, error=Input/output error
fio: pid=23455, err=5/file:io_u.c:1845, func=io_u error, error=Input/output error
fio: pid=23457, err=5/file:io_u.c:1845, func=io_u error, error=Input/output error
fio: pid=23454, err=5/file:io_u.c:1845, func=io_u error, error=Input/output error

test_io: (groupid=0, jobs=4): err= 5 (file:io_u.c:1845, func=io_u error, error=Input/output error): pid=23454: Fri Apr 18 05:56:07 2025
  read: IOPS=617, BW=2342KiB/s (2398kB/s)(9240KiB/3945msec)
    slat (usec): min=3, max=2874, avg=13.65, stdev=58.78
    clat (msec): min=7, max=304, avg=196.56, stdev=37.58
     lat (msec): min=7, max=304, avg=196.58, stdev=37.58
    clat percentiles (msec):
     |  1.00th=[   57],  5.00th=[  161], 10.00th=[  163], 20.00th=[  171],
     | 30.00th=[  178], 40.00th=[  184], 50.00th=[  192], 60.00th=[  203],
     | 70.00th=[  211], 80.00th=[  232], 90.00th=[  247], 95.00th=[  255],
     | 99.00th=[  284], 99.50th=[  300], 99.90th=[  300], 99.95th=[  305],
     | 99.99th=[  305]
   bw (  KiB/s): min= 1880, max= 3056, per=100.00%, avg=2510.86, stdev=114.61, samples=28
   iops        : min=  470, max=  764, avg=627.71, stdev=28.65, samples=28
  lat (msec)   : 10=0.08%, 20=0.16%, 50=0.57%, 100=1.03%, 250=86.10%
  lat (msec)   : 500=6.81%
  cpu          : usr=0.23%, sys=0.07%, ctx=4333, majf=0, minf=189
  IO depths    : 1=0.2%, 2=0.3%, 4=0.7%, 8=1.3%, 16=2.6%, 32=94.9%, >=64=0.0%
     submit    : 0=0.0%, 4=100.0%, 8=0.0%, 16=0.0%, 32=0.0%, 64=0.0%, >=64=0.0%
     complete  : 0=0.0%, 4=99.8%, 8=0.0%, 16=0.0%, 32=0.2%, 64=0.0%, >=64=0.0%
     issued rwts: total=2438,0,0,0 short=0,0,0,0 dropped=0,0,0,0
     latency   : target=0, window=0, percentile=100.00%, depth=32

Run status group 0 (all jobs):
   READ: bw=2342KiB/s (2398kB/s), 2342KiB/s-2342KiB/s (2398kB/s-2398kB/s), io=9240KiB (9462kB), run=3945-3945msec

Disk stats (read/write):
  nbd0: ios=2310/0, merge=0/0, ticks=454056/0, in_queue=454056, util=92.15%
