test_io: (g=0): rw=randread, bs=(R) 4096B-4096B, (W) 4096B-4096B, (T) 4096B-4096B, ioengine=io_uring, iodepth=32
...
fio-3.28
Starting 4 processes
fio: pid=35159, err=5/file:io_u.c:1845, func=io_u error, error=Input/output error
fio: pid=35158, err=5/file:io_u.c:1845, func=io_u error, error=Input/output error
fio: pid=35156, err=5/file:io_u.c:1845, func=io_u error, error=Input/output error
fio: pid=35157, err=5/file:io_u.c:1845, func=io_u error, error=Input/output error

test_io: (groupid=0, jobs=4): err= 5 (file:io_u.c:1845, func=io_u error, error=Input/output error): pid=35156: Sun Apr 20 20:07:30 2025
  read: IOPS=391, BW=1484KiB/s (1520kB/s)(9276KiB/6251msec)
    slat (usec): min=3, max=1461, avg=14.92, stdev=30.65
    clat (msec): min=7, max=487, avg=315.57, stdev=64.38
     lat (msec): min=7, max=487, avg=315.59, stdev=64.39
    clat percentiles (msec):
     |  1.00th=[   88],  5.00th=[  230], 10.00th=[  247], 20.00th=[  271],
     | 30.00th=[  284], 40.00th=[  300], 50.00th=[  313], 60.00th=[  330],
     | 70.00th=[  347], 80.00th=[  368], 90.00th=[  384], 95.00th=[  422],
     | 99.00th=[  472], 99.50th=[  481], 99.90th=[  489], 99.95th=[  489],
     | 99.99th=[  489]
   bw (  KiB/s): min= 1055, max= 2048, per=100.00%, avg=1545.92, stdev=104.62, samples=48
   iops        : min=  263, max=  512, avg=386.42, stdev=26.18, samples=48
  lat (msec)   : 10=0.04%, 20=0.16%, 50=0.33%, 100=0.45%, 250=9.64%
  lat (msec)   : 500=84.14%
  cpu          : usr=0.03%, sys=0.18%, ctx=4625, majf=0, minf=191
  IO depths    : 1=0.2%, 2=0.3%, 4=0.7%, 8=1.3%, 16=2.6%, 32=94.9%, >=64=0.0%
     submit    : 0=0.0%, 4=100.0%, 8=0.0%, 16=0.0%, 32=0.0%, 64=0.0%, >=64=0.0%
     complete  : 0=0.1%, 4=99.7%, 8=0.0%, 16=0.0%, 32=0.2%, 64=0.0%, >=64=0.0%
     issued rwts: total=2447,0,0,0 short=0,0,0,0 dropped=0,0,0,0
     latency   : target=0, window=0, percentile=100.00%, depth=32

Run status group 0 (all jobs):
   READ: bw=1484KiB/s (1520kB/s), 1484KiB/s-1484KiB/s (1520kB/s-1520kB/s), io=9276KiB (9499kB), run=6251-6251msec

Disk stats (read/write):
  nbd0: ios=2319/0, merge=0/0, ticks=731817/0, in_queue=731817, util=95.03%
