test_io: (g=0): rw=randread, bs=(R) 4096B-4096B, (W) 4096B-4096B, (T) 4096B-4096B, ioengine=io_uring, iodepth=32
...
fio-3.28
Starting 4 processes
fio: pid=23731, err=5/file:io_u.c:1845, func=io_u error, error=Input/output error
fio: pid=23732, err=5/file:io_u.c:1845, func=io_u error, error=Input/output error
fio: pid=23733, err=5/file:io_u.c:1845, func=io_u error, error=Input/output error
fio: pid=23734, err=5/file:io_u.c:1845, func=io_u error, error=Input/output error

test_io: (groupid=0, jobs=4): err= 5 (file:io_u.c:1845, func=io_u error, error=Input/output error): pid=23731: Fri Apr 18 07:17:54 2025
  read: IOPS=571, BW=2167KiB/s (2219kB/s)(9244KiB/4266msec)
    slat (usec): min=4, max=197, avg=14.20, stdev=12.39
    clat (msec): min=8, max=299, avg=209.72, stdev=36.39
     lat (msec): min=9, max=299, avg=209.73, stdev=36.39
    clat percentiles (msec):
     |  1.00th=[   58],  5.00th=[  169], 10.00th=[  178], 20.00th=[  188],
     | 30.00th=[  194], 40.00th=[  201], 50.00th=[  207], 60.00th=[  215],
     | 70.00th=[  224], 80.00th=[  241], 90.00th=[  257], 95.00th=[  264],
     | 99.00th=[  279], 99.50th=[  292], 99.90th=[  296], 99.95th=[  300],
     | 99.99th=[  300]
   bw (  KiB/s): min= 1840, max= 2904, per=100.00%, avg=2311.38, stdev=103.68, samples=32
   iops        : min=  460, max=  726, avg=577.75, stdev=25.92, samples=32
  lat (msec)   : 10=0.08%, 20=0.12%, 50=0.57%, 100=1.03%, 250=80.61%
  lat (msec)   : 500=12.34%
  cpu          : usr=0.13%, sys=0.17%, ctx=4615, majf=0, minf=198
  IO depths    : 1=0.2%, 2=0.3%, 4=0.7%, 8=1.3%, 16=2.6%, 32=94.9%, >=64=0.0%
     submit    : 0=0.0%, 4=100.0%, 8=0.0%, 16=0.0%, 32=0.0%, 64=0.0%, >=64=0.0%
     complete  : 0=0.0%, 4=99.8%, 8=0.0%, 16=0.0%, 32=0.2%, 64=0.0%, >=64=0.0%
     issued rwts: total=2439,0,0,0 short=0,0,0,0 dropped=0,0,0,0
     latency   : target=0, window=0, percentile=100.00%, depth=32

Run status group 0 (all jobs):
   READ: bw=2167KiB/s (2219kB/s), 2167KiB/s-2167KiB/s (2219kB/s-2219kB/s), io=9244KiB (9466kB), run=4266-4266msec

Disk stats (read/write):
  nbd0: ios=2311/0, merge=0/0, ticks=484649/0, in_queue=484649, util=87.62%
