test_io: (g=0): rw=randwrite, bs=(R) 4096B-4096B, (W) 4096B-4096B, (T) 4096B-4096B, ioengine=io_uring, iodepth=32
...
fio-3.28
Starting 4 processes

test_io: (groupid=0, jobs=4): err= 0: pid=44264: Tue Apr 22 21:50:55 2025
  write: IOPS=8132, BW=31.8MiB/s (33.3MB/s)(40.0GiB/1289341msec); 0 zone resets
    slat (nsec): min=1901, max=10693k, avg=8142.38, stdev=16717.71
    clat (usec): min=243, max=254591, avg=15526.62, stdev=7785.67
     lat (usec): min=260, max=254599, avg=15534.93, stdev=7786.18
    clat percentiles (msec):
     |  1.00th=[    5],  5.00th=[    7], 10.00th=[    9], 20.00th=[   11],
     | 30.00th=[   12], 40.00th=[   13], 50.00th=[   15], 60.00th=[   16],
     | 70.00th=[   18], 80.00th=[   20], 90.00th=[   24], 95.00th=[   30],
     | 99.00th=[   44], 99.50th=[   51], 99.90th=[   75], 99.95th=[   85],
     | 99.99th=[  127]
   bw (  KiB/s): min=12568, max=76302, per=100.00%, avg=32985.69, stdev=2219.41, samples=10173
   iops        : min= 3142, max=19075, avg=8246.27, stdev=554.85, samples=10173
  lat (usec)   : 250=0.01%, 500=0.01%, 750=0.01%, 1000=0.01%
  lat (msec)   : 2=0.01%, 4=0.41%, 10=19.67%, 20=60.97%, 50=18.41%
  lat (msec)   : 100=0.51%, 250=0.02%, 500=0.01%
  cpu          : usr=0.80%, sys=2.03%, ctx=13834051, majf=0, minf=40
  IO depths    : 1=0.1%, 2=0.1%, 4=0.1%, 8=0.1%, 16=0.1%, 32=100.0%, >=64=0.0%
     submit    : 0=0.0%, 4=100.0%, 8=0.0%, 16=0.0%, 32=0.0%, 64=0.0%, >=64=0.0%
     complete  : 0=0.0%, 4=100.0%, 8=0.0%, 16=0.0%, 32=0.1%, 64=0.0%, >=64=0.0%
     issued rwts: total=0,10485760,0,0 short=0,0,0,0 dropped=0,0,0,0
     latency   : target=0, window=0, percentile=100.00%, depth=32

Run status group 0 (all jobs):
  WRITE: bw=31.8MiB/s (33.3MB/s), 31.8MiB/s-31.8MiB/s (33.3MB/s-33.3MB/s), io=40.0GiB (42.9GB), run=1289341-1289341msec

Disk stats (read/write):
  nbd0: ios=661/10485339, merge=0/213, ticks=3659/162590877, in_queue=162594535, util=100.00%
