test_io: (g=0): rw=randwrite, bs=(R) 4096B-4096B, (W) 4096B-4096B, (T) 4096B-4096B, ioengine=io_uring, iodepth=32
...
fio-3.28
Starting 4 processes

test_io: (groupid=0, jobs=4): err= 0: pid=37610: Mon Apr 21 14:51:38 2025
  write: IOPS=8296, BW=32.4MiB/s (34.0MB/s)(40.0GiB/1263894msec); 0 zone resets
    slat (nsec): min=1964, max=15268k, avg=8256.86, stdev=19809.41
    clat (usec): min=107, max=162226, avg=15203.02, stdev=6684.34
     lat (usec): min=301, max=162234, avg=15211.45, stdev=6684.73
    clat percentiles (usec):
     |  1.00th=[ 4948],  5.00th=[ 6980], 10.00th=[ 8291], 20.00th=[10159],
     | 30.00th=[11600], 40.00th=[12911], 50.00th=[14222], 60.00th=[15533],
     | 70.00th=[17171], 80.00th=[19268], 90.00th=[22676], 95.00th=[26870],
     | 99.00th=[38011], 99.50th=[43254], 99.90th=[61604], 99.95th=[74974],
     | 99.99th=[86508]
   bw (  KiB/s): min=14608, max=78883, per=100.00%, avg=33681.37, stdev=1984.69, samples=9963
   iops        : min= 3652, max=19720, avg=8420.11, stdev=496.18, samples=9963
  lat (usec)   : 250=0.01%, 500=0.01%, 750=0.01%, 1000=0.01%
  lat (msec)   : 2=0.01%, 4=0.38%, 10=18.71%, 20=63.71%, 50=16.96%
  lat (msec)   : 100=0.23%, 250=0.01%
  cpu          : usr=0.87%, sys=2.12%, ctx=13473866, majf=0, minf=52
  IO depths    : 1=0.1%, 2=0.1%, 4=0.1%, 8=0.1%, 16=0.1%, 32=100.0%, >=64=0.0%
     submit    : 0=0.0%, 4=100.0%, 8=0.0%, 16=0.0%, 32=0.0%, 64=0.0%, >=64=0.0%
     complete  : 0=0.0%, 4=100.0%, 8=0.0%, 16=0.0%, 32=0.1%, 64=0.0%, >=64=0.0%
     issued rwts: total=0,10485760,0,0 short=0,0,0,0 dropped=0,0,0,0
     latency   : target=0, window=0, percentile=100.00%, depth=32

Run status group 0 (all jobs):
  WRITE: bw=32.4MiB/s (34.0MB/s), 32.4MiB/s-32.4MiB/s (34.0MB/s-34.0MB/s), io=40.0GiB (42.9GB), run=1263894-1263894msec

Disk stats (read/write):
  nbd0: ios=725/10484479, merge=0/253, ticks=4664/159190030, in_queue=159194694, util=100.00%
