test_io: (g=0): rw=randwrite, bs=(R) 4096B-4096B, (W) 4096B-4096B, (T) 4096B-4096B, ioengine=io_uring, iodepth=32
...
fio-3.28
Starting 4 processes

test_io: (groupid=0, jobs=4): err= 0: pid=48816: Thu Apr 24 06:20:16 2025
  write: IOPS=7677, BW=30.0MiB/s (31.4MB/s)(40.0GiB/1365831msec); 0 zone resets
    slat (nsec): min=1996, max=15086k, avg=8127.14, stdev=21398.18
    clat (usec): min=92, max=267833, avg=16419.77, stdev=10564.97
     lat (usec): min=262, max=267839, avg=16428.08, stdev=10565.41
    clat percentiles (msec):
     |  1.00th=[    6],  5.00th=[    7], 10.00th=[    9], 20.00th=[   11],
     | 30.00th=[   12], 40.00th=[   13], 50.00th=[   15], 60.00th=[   16],
     | 70.00th=[   18], 80.00th=[   20], 90.00th=[   25], 95.00th=[   33],
     | 99.00th=[   64], 99.50th=[   78], 99.90th=[  109], 99.95th=[  124],
     | 99.99th=[  165]
   bw (  KiB/s): min= 5032, max=75872, per=100.00%, avg=31194.13, stdev=2267.53, samples=10758
   iops        : min= 1258, max=18968, avg=7798.34, stdev=566.90, samples=10758
  lat (usec)   : 100=0.01%, 250=0.01%, 500=0.01%, 750=0.01%, 1000=0.01%
  lat (msec)   : 2=0.01%, 4=0.25%, 10=18.65%, 20=61.64%, 50=17.53%
  lat (msec)   : 100=1.77%, 250=0.15%, 500=0.01%
  cpu          : usr=0.78%, sys=1.96%, ctx=13698020, majf=0, minf=45
  IO depths    : 1=0.1%, 2=0.1%, 4=0.1%, 8=0.1%, 16=0.1%, 32=100.0%, >=64=0.0%
     submit    : 0=0.0%, 4=100.0%, 8=0.0%, 16=0.0%, 32=0.0%, 64=0.0%, >=64=0.0%
     complete  : 0=0.0%, 4=100.0%, 8=0.0%, 16=0.0%, 32=0.1%, 64=0.0%, >=64=0.0%
     issued rwts: total=0,10485760,0,0 short=0,0,0,0 dropped=0,0,0,0
     latency   : target=0, window=0, percentile=100.00%, depth=32

Run status group 0 (all jobs):
  WRITE: bw=30.0MiB/s (31.4MB/s), 30.0MiB/s-30.0MiB/s (31.4MB/s-31.4MB/s), io=40.0GiB (42.9GB), run=1365831-1365831msec

Disk stats (read/write):
  nbd0: ios=661/10485295, merge=0/229, ticks=4283/171902256, in_queue=171906538, util=100.00%
