test_io: (g=0): rw=randwrite, bs=(R) 4096B-4096B, (W) 4096B-4096B, (T) 4096B-4096B, ioengine=io_uring, iodepth=32
...
fio-3.28
Starting 4 processes

test_io: (groupid=0, jobs=4): err= 0: pid=37866: Mon Apr 21 15:48:59 2025
  write: IOPS=8123, BW=31.7MiB/s (33.3MB/s)(40.0GiB/1290717msec); 0 zone resets
    slat (nsec): min=1932, max=17573k, avg=8103.29, stdev=19083.17
    clat (usec): min=281, max=201095, avg=15527.15, stdev=8899.90
     lat (usec): min=290, max=201105, avg=15535.43, stdev=8900.26
    clat percentiles (msec):
     |  1.00th=[    5],  5.00th=[    7], 10.00th=[    9], 20.00th=[   10],
     | 30.00th=[   12], 40.00th=[   13], 50.00th=[   14], 60.00th=[   16],
     | 70.00th=[   17], 80.00th=[   19], 90.00th=[   23], 95.00th=[   30],
     | 99.00th=[   55], 99.50th=[   66], 99.90th=[   89], 99.95th=[  100],
     | 99.99th=[  128]
   bw (  KiB/s): min= 9016, max=77384, per=100.00%, avg=32979.97, stdev=2116.95, samples=10175
   iops        : min= 2254, max=19346, avg=8244.73, stdev=529.24, samples=10175
  lat (usec)   : 500=0.01%, 750=0.01%, 1000=0.01%
  lat (msec)   : 2=0.01%, 4=0.37%, 10=19.94%, 20=63.52%, 50=14.88%
  lat (msec)   : 100=1.23%, 250=0.05%
  cpu          : usr=0.81%, sys=2.03%, ctx=14015749, majf=0, minf=40
  IO depths    : 1=0.1%, 2=0.1%, 4=0.1%, 8=0.1%, 16=0.1%, 32=100.0%, >=64=0.0%
     submit    : 0=0.0%, 4=100.0%, 8=0.0%, 16=0.0%, 32=0.0%, 64=0.0%, >=64=0.0%
     complete  : 0=0.0%, 4=100.0%, 8=0.0%, 16=0.0%, 32=0.1%, 64=0.0%, >=64=0.0%
     issued rwts: total=0,10485760,0,0 short=0,0,0,0 dropped=0,0,0,0
     latency   : target=0, window=0, percentile=100.00%, depth=32

Run status group 0 (all jobs):
  WRITE: bw=31.7MiB/s (33.3MB/s), 31.7MiB/s-31.7MiB/s (33.3MB/s-33.3MB/s), io=40.0GiB (42.9GB), run=1290717-1290717msec

Disk stats (read/write):
  nbd0: ios=661/10483875, merge=0/244, ticks=4292/162557982, in_queue=162562274, util=100.00%
