test_io: (g=0): rw=randwrite, bs=(R) 4096B-4096B, (W) 4096B-4096B, (T) 4096B-4096B, ioengine=io_uring, iodepth=32
...
fio-3.28
Starting 4 processes

test_io: (groupid=0, jobs=4): err= 0: pid=39571: Mon Apr 21 21:21:32 2025
  write: IOPS=7940, BW=31.0MiB/s (32.5MB/s)(40.0GiB/1320563msec); 0 zone resets
    slat (nsec): min=1964, max=15989k, avg=7810.06, stdev=19235.59
    clat (usec): min=111, max=299764, avg=15907.49, stdev=9996.91
     lat (usec): min=201, max=299769, avg=15915.48, stdev=9997.20
    clat percentiles (msec):
     |  1.00th=[    5],  5.00th=[    7], 10.00th=[    9], 20.00th=[   10],
     | 30.00th=[   12], 40.00th=[   13], 50.00th=[   14], 60.00th=[   16],
     | 70.00th=[   17], 80.00th=[   20], 90.00th=[   24], 95.00th=[   32],
     | 99.00th=[   60], 99.50th=[   72], 99.90th=[  100], 99.95th=[  116],
     | 99.99th=[  159]
   bw (  KiB/s): min= 6824, max=82584, per=100.00%, avg=32191.97, stdev=2330.93, samples=10424
   iops        : min= 1706, max=20646, avg=8047.72, stdev=582.74, samples=10424
  lat (usec)   : 250=0.01%, 500=0.01%, 750=0.01%, 1000=0.01%
  lat (msec)   : 2=0.01%, 4=0.51%, 10=20.05%, 20=61.67%, 50=16.07%
  lat (msec)   : 100=1.60%, 250=0.09%, 500=0.01%
  cpu          : usr=0.78%, sys=1.88%, ctx=14415610, majf=0, minf=50
  IO depths    : 1=0.1%, 2=0.1%, 4=0.1%, 8=0.1%, 16=0.1%, 32=100.0%, >=64=0.0%
     submit    : 0=0.0%, 4=100.0%, 8=0.0%, 16=0.0%, 32=0.0%, 64=0.0%, >=64=0.0%
     complete  : 0=0.0%, 4=100.0%, 8=0.0%, 16=0.0%, 32=0.1%, 64=0.0%, >=64=0.0%
     issued rwts: total=0,10485760,0,0 short=0,0,0,0 dropped=0,0,0,0
     latency   : target=0, window=0, percentile=100.00%, depth=32

Run status group 0 (all jobs):
  WRITE: bw=31.0MiB/s (32.5MB/s), 31.0MiB/s-31.0MiB/s (32.5MB/s-32.5MB/s), io=40.0GiB (42.9GB), run=1320563-1320563msec

Disk stats (read/write):
  nbd0: ios=725/10485330, merge=0/240, ticks=4137/166581248, in_queue=166585385, util=100.00%
