test_io: (g=0): rw=randwrite, bs=(R) 4096B-4096B, (W) 4096B-4096B, (T) 4096B-4096B, ioengine=io_uring, iodepth=32
...
fio-3.28
Starting 4 processes

test_io: (groupid=0, jobs=4): err= 0: pid=41224: Tue Apr 22 04:56:13 2025
  write: IOPS=7869, BW=30.7MiB/s (32.2MB/s)(40.0GiB/1332458msec); 0 zone resets
    slat (usec): min=2, max=12660, avg= 8.27, stdev=17.01
    clat (usec): min=90, max=267801, avg=15993.57, stdev=9652.34
     lat (usec): min=266, max=267807, avg=16002.01, stdev=9652.70
    clat percentiles (msec):
     |  1.00th=[    5],  5.00th=[    7], 10.00th=[    9], 20.00th=[   10],
     | 30.00th=[   12], 40.00th=[   13], 50.00th=[   14], 60.00th=[   16],
     | 70.00th=[   18], 80.00th=[   20], 90.00th=[   25], 95.00th=[   32],
     | 99.00th=[   57], 99.50th=[   69], 99.90th=[   92], 99.95th=[  105],
     | 99.99th=[  148]
   bw (  KiB/s): min=10165, max=69897, per=100.00%, avg=32016.98, stdev=2265.43, samples=10478
   iops        : min= 2541, max=17474, avg=8003.99, stdev=566.36, samples=10478
  lat (usec)   : 100=0.01%, 250=0.01%, 500=0.01%, 750=0.01%, 1000=0.01%
  lat (msec)   : 2=0.01%, 4=0.35%, 10=20.09%, 20=60.60%, 50=17.44%
  lat (msec)   : 100=1.47%, 250=0.06%, 500=0.01%
  cpu          : usr=0.83%, sys=1.98%, ctx=14343713, majf=0, minf=41
  IO depths    : 1=0.1%, 2=0.1%, 4=0.1%, 8=0.1%, 16=0.1%, 32=100.0%, >=64=0.0%
     submit    : 0=0.0%, 4=100.0%, 8=0.0%, 16=0.0%, 32=0.0%, 64=0.0%, >=64=0.0%
     complete  : 0=0.0%, 4=100.0%, 8=0.0%, 16=0.0%, 32=0.1%, 64=0.0%, >=64=0.0%
     issued rwts: total=0,10485760,0,0 short=0,0,0,0 dropped=0,0,0,0
     latency   : target=0, window=0, percentile=100.00%, depth=32

Run status group 0 (all jobs):
  WRITE: bw=30.7MiB/s (32.2MB/s), 30.7MiB/s-30.7MiB/s (32.2MB/s-32.2MB/s), io=40.0GiB (42.9GB), run=1332458-1332458msec

Disk stats (read/write):
  nbd0: ios=687/10483806, merge=0/249, ticks=4903/167457955, in_queue=167462859, util=100.00%
