test_io: (g=0): rw=randwrite, bs=(R) 4096B-4096B, (W) 4096B-4096B, (T) 4096B-4096B, ioengine=io_uring, iodepth=32
...
fio-3.28
Starting 4 processes

test_io: (groupid=0, jobs=4): err= 0: pid=38517: Mon Apr 21 16:46:51 2025
  write: IOPS=8027, BW=31.4MiB/s (32.9MB/s)(40.0GiB/1306294msec); 0 zone resets
    slat (nsec): min=1987, max=12390k, avg=8072.22, stdev=18295.29
    clat (usec): min=79, max=278599, avg=15706.48, stdev=9438.05
     lat (usec): min=301, max=279217, avg=15714.74, stdev=9438.44
    clat percentiles (msec):
     |  1.00th=[    5],  5.00th=[    7], 10.00th=[    9], 20.00th=[   11],
     | 30.00th=[   12], 40.00th=[   13], 50.00th=[   14], 60.00th=[   16],
     | 70.00th=[   17], 80.00th=[   20], 90.00th=[   24], 95.00th=[   31],
     | 99.00th=[   58], 99.50th=[   70], 99.90th=[   96], 99.95th=[  108],
     | 99.99th=[  138]
   bw (  KiB/s): min= 8408, max=76655, per=100.00%, avg=32599.89, stdev=2174.37, samples=10291
   iops        : min= 2102, max=19163, avg=8149.77, stdev=543.58, samples=10291
  lat (usec)   : 100=0.01%, 500=0.01%, 750=0.01%, 1000=0.01%
  lat (msec)   : 2=0.01%, 4=0.32%, 10=19.82%, 20=63.33%, 50=15.04%
  lat (msec)   : 100=1.42%, 250=0.08%, 500=0.01%
  cpu          : usr=0.82%, sys=1.97%, ctx=14227033, majf=0, minf=37
  IO depths    : 1=0.1%, 2=0.1%, 4=0.1%, 8=0.1%, 16=0.1%, 32=100.0%, >=64=0.0%
     submit    : 0=0.0%, 4=100.0%, 8=0.0%, 16=0.0%, 32=0.0%, 64=0.0%, >=64=0.0%
     complete  : 0=0.0%, 4=100.0%, 8=0.0%, 16=0.0%, 32=0.1%, 64=0.0%, >=64=0.0%
     issued rwts: total=0,10485760,0,0 short=0,0,0,0 dropped=0,0,0,0
     latency   : target=0, window=0, percentile=100.00%, depth=32

Run status group 0 (all jobs):
  WRITE: bw=31.4MiB/s (32.9MB/s), 31.4MiB/s-31.4MiB/s (32.9MB/s-32.9MB/s), io=40.0GiB (42.9GB), run=1306294-1306294msec

Disk stats (read/write):
  nbd0: ios=727/10483978, merge=0/232, ticks=3929/164435795, in_queue=164439724, util=100.00%
