test_io: (g=0): rw=randwrite, bs=(R) 4096B-4096B, (W) 4096B-4096B, (T) 4096B-4096B, ioengine=io_uring, iodepth=32
...
fio-3.28
Starting 4 processes

test_io: (groupid=0, jobs=4): err= 0: pid=47845: Wed Apr 23 19:30:47 2025
  write: IOPS=7822, BW=30.6MiB/s (32.0MB/s)(40.0GiB/1340394msec); 0 zone resets
    slat (usec): min=2, max=12137, avg= 8.08, stdev=18.18
    clat (usec): min=266, max=356803, avg=16110.59, stdev=9027.68
     lat (usec): min=282, max=356816, avg=16118.83, stdev=9028.02
    clat percentiles (msec):
     |  1.00th=[    5],  5.00th=[    7], 10.00th=[    9], 20.00th=[   11],
     | 30.00th=[   12], 40.00th=[   14], 50.00th=[   15], 60.00th=[   16],
     | 70.00th=[   18], 80.00th=[   21], 90.00th=[   25], 95.00th=[   31],
     | 99.00th=[   48], 99.50th=[   59], 99.90th=[   96], 99.95th=[  120],
     | 99.99th=[  186]
   bw (  KiB/s): min= 2778, max=70216, per=100.00%, avg=31787.29, stdev=2234.42, samples=10554
   iops        : min=  694, max=17554, avg=7946.69, stdev=558.61, samples=10554
  lat (usec)   : 500=0.01%, 750=0.01%, 1000=0.01%
  lat (msec)   : 2=0.01%, 4=0.33%, 10=18.29%, 20=60.50%, 50=20.02%
  lat (msec)   : 100=0.77%, 250=0.09%, 500=0.01%
  cpu          : usr=0.79%, sys=1.90%, ctx=14395885, majf=0, minf=36
  IO depths    : 1=0.1%, 2=0.1%, 4=0.1%, 8=0.1%, 16=0.1%, 32=100.0%, >=64=0.0%
     submit    : 0=0.0%, 4=100.0%, 8=0.0%, 16=0.0%, 32=0.0%, 64=0.0%, >=64=0.0%
     complete  : 0=0.0%, 4=100.0%, 8=0.0%, 16=0.0%, 32=0.1%, 64=0.0%, >=64=0.0%
     issued rwts: total=0,10485760,0,0 short=0,0,0,0 dropped=0,0,0,0
     latency   : target=0, window=0, percentile=100.00%, depth=32

Run status group 0 (all jobs):
  WRITE: bw=30.6MiB/s (32.0MB/s), 30.6MiB/s-30.6MiB/s (32.0MB/s-32.0MB/s), io=40.0GiB (42.9GB), run=1340394-1340394msec

Disk stats (read/write):
  nbd0: ios=661/10484888, merge=0/241, ticks=4755/168711590, in_queue=168716344, util=100.00%
