test_io: (g=0): rw=randwrite, bs=(R) 4096B-4096B, (W) 4096B-4096B, (T) 4096B-4096B, ioengine=io_uring, iodepth=32
...
fio-3.28
Starting 4 processes

test_io: (groupid=0, jobs=4): err= 0: pid=39251: Mon Apr 21 19:51:32 2025
  write: IOPS=8036, BW=31.4MiB/s (32.9MB/s)(40.0GiB/1304751msec); 0 zone resets
    slat (usec): min=2, max=12423, avg= 7.91, stdev=16.69
    clat (usec): min=119, max=340476, avg=15681.84, stdev=9225.83
     lat (usec): min=297, max=340483, avg=15689.92, stdev=9226.18
    clat percentiles (msec):
     |  1.00th=[    5],  5.00th=[    7], 10.00th=[    9], 20.00th=[   11],
     | 30.00th=[   12], 40.00th=[   13], 50.00th=[   14], 60.00th=[   16],
     | 70.00th=[   17], 80.00th=[   20], 90.00th=[   24], 95.00th=[   29],
     | 99.00th=[   54], 99.50th=[   66], 99.90th=[   99], 99.95th=[  118],
     | 99.99th=[  182]
   bw (  KiB/s): min= 4000, max=74416, per=100.00%, avg=32659.21, stdev=2172.07, samples=10274
   iops        : min= 1000, max=18604, avg=8164.64, stdev=543.03, samples=10274
  lat (usec)   : 250=0.01%, 500=0.01%, 750=0.01%, 1000=0.01%
  lat (msec)   : 2=0.01%, 4=0.40%, 10=19.60%, 20=62.29%, 50=16.51%
  lat (msec)   : 100=1.10%, 250=0.09%, 500=0.01%
  cpu          : usr=0.82%, sys=1.99%, ctx=13018993, majf=0, minf=45
  IO depths    : 1=0.1%, 2=0.1%, 4=0.1%, 8=0.1%, 16=0.1%, 32=100.0%, >=64=0.0%
     submit    : 0=0.0%, 4=100.0%, 8=0.0%, 16=0.0%, 32=0.0%, 64=0.0%, >=64=0.0%
     complete  : 0=0.0%, 4=100.0%, 8=0.0%, 16=0.0%, 32=0.1%, 64=0.0%, >=64=0.0%
     issued rwts: total=0,10485760,0,0 short=0,0,0,0 dropped=0,0,0,0
     latency   : target=0, window=0, percentile=100.00%, depth=32

Run status group 0 (all jobs):
  WRITE: bw=31.4MiB/s (32.9MB/s), 31.4MiB/s-31.4MiB/s (32.9MB/s-32.9MB/s), io=40.0GiB (42.9GB), run=1304751-1304751msec

Disk stats (read/write):
  nbd0: ios=661/10484436, merge=0/247, ticks=3992/164223956, in_queue=164227947, util=100.00%
