test_io: (g=0): rw=randwrite, bs=(R) 4096B-4096B, (W) 4096B-4096B, (T) 4096B-4096B, ioengine=io_uring, iodepth=32
...
fio-3.28
Starting 4 processes

test_io: (groupid=0, jobs=4): err= 0: pid=46095: Wed Apr 23 08:40:51 2025
  write: IOPS=8195, BW=32.0MiB/s (33.6MB/s)(40.0GiB/1279501msec); 0 zone resets
    slat (nsec): min=1946, max=12581k, avg=7782.06, stdev=20733.14
    clat (usec): min=232, max=364643, avg=15393.69, stdev=9259.53
     lat (usec): min=242, max=364648, avg=15401.63, stdev=9259.91
    clat percentiles (msec):
     |  1.00th=[    5],  5.00th=[    7], 10.00th=[    8], 20.00th=[   10],
     | 30.00th=[   12], 40.00th=[   13], 50.00th=[   14], 60.00th=[   16],
     | 70.00th=[   17], 80.00th=[   19], 90.00th=[   23], 95.00th=[   30],
     | 99.00th=[   55], 99.50th=[   67], 99.90th=[   96], 99.95th=[  111],
     | 99.99th=[  146]
   bw (  KiB/s): min= 7720, max=83176, per=100.00%, avg=33261.11, stdev=2299.83, samples=10089
   iops        : min= 1930, max=20794, avg=8315.00, stdev=574.97, samples=10089
  lat (usec)   : 250=0.01%, 500=0.01%, 750=0.01%, 1000=0.01%
  lat (msec)   : 2=0.01%, 4=0.45%, 10=21.34%, 20=62.07%, 50=14.85%
  lat (msec)   : 100=1.21%, 250=0.08%, 500=0.01%
  cpu          : usr=0.78%, sys=2.00%, ctx=13109627, majf=0, minf=46
  IO depths    : 1=0.1%, 2=0.1%, 4=0.1%, 8=0.1%, 16=0.1%, 32=100.0%, >=64=0.0%
     submit    : 0=0.0%, 4=100.0%, 8=0.0%, 16=0.0%, 32=0.0%, 64=0.0%, >=64=0.0%
     complete  : 0=0.0%, 4=100.0%, 8=0.0%, 16=0.0%, 32=0.1%, 64=0.0%, >=64=0.0%
     issued rwts: total=0,10485760,0,0 short=0,0,0,0 dropped=0,0,0,0
     latency   : target=0, window=0, percentile=100.00%, depth=32

Run status group 0 (all jobs):
  WRITE: bw=32.0MiB/s (33.6MB/s), 32.0MiB/s-32.0MiB/s (33.6MB/s-33.6MB/s), io=40.0GiB (42.9GB), run=1279501-1279501msec

Disk stats (read/write):
  nbd0: ios=661/10485496, merge=0/230, ticks=3800/161173163, in_queue=161176963, util=100.00%
