test_io: (g=0): rw=randwrite, bs=(R) 4096B-4096B, (W) 4096B-4096B, (T) 4096B-4096B, ioengine=io_uring, iodepth=32
...
fio-3.28
Starting 4 processes
fio: pid=42931, err=5/file:io_u.c:1845, func=io_u error, error=Input/output error

test_io: (groupid=0, jobs=4): err= 5 (file:io_u.c:1845, func=io_u error, error=Input/output error): pid=42930: Tue Apr 22 16:12:43 2025
  write: IOPS=8111, BW=31.7MiB/s (33.2MB/s)(39.8GiB/1286487msec); 0 zone resets
    slat (nsec): min=1968, max=14171k, avg=8053.18, stdev=18688.52
    clat (usec): min=107, max=279587, avg=15605.96, stdev=8723.84
     lat (usec): min=283, max=279594, avg=15614.20, stdev=8724.28
    clat percentiles (msec):
     |  1.00th=[    6],  5.00th=[    7], 10.00th=[    9], 20.00th=[   11],
     | 30.00th=[   12], 40.00th=[   13], 50.00th=[   14], 60.00th=[   16],
     | 70.00th=[   17], 80.00th=[   20], 90.00th=[   24], 95.00th=[   30],
     | 99.00th=[   53], 99.50th=[   63], 99.90th=[   84], 99.95th=[   93],
     | 99.99th=[  124]
   bw (  KiB/s): min= 4608, max=73394, per=100.00%, avg=32813.24, stdev=1920.20, samples=10180
   iops        : min= 1152, max=18348, avg=8202.97, stdev=480.05, samples=10180
  lat (usec)   : 250=0.01%, 500=0.01%, 750=0.01%, 1000=0.01%
  lat (msec)   : 2=0.01%, 4=0.10%, 10=19.73%, 20=63.55%, 50=15.42%
  lat (msec)   : 100=1.17%, 250=0.03%, 500=0.01%
  cpu          : usr=0.84%, sys=1.99%, ctx=13807591, majf=0, minf=45
  IO depths    : 1=0.1%, 2=0.1%, 4=0.1%, 8=0.1%, 16=0.1%, 32=100.0%, >=64=0.0%
     submit    : 0=0.0%, 4=100.0%, 8=0.0%, 16=0.0%, 32=0.0%, 64=0.0%, >=64=0.0%
     complete  : 0=0.0%, 4=100.0%, 8=0.0%, 16=0.0%, 32=0.1%, 64=0.0%, >=64=0.0%
     issued rwts: total=0,10434765,0,0 short=0,0,0,0 dropped=0,0,0,0
     latency   : target=0, window=0, percentile=100.00%, depth=32

Run status group 0 (all jobs):
  WRITE: bw=31.7MiB/s (33.2MB/s), 31.7MiB/s-31.7MiB/s (33.2MB/s-33.2MB/s), io=39.8GiB (42.7GB), run=1286487-1286487msec

Disk stats (read/write):
  nbd0: ios=951/10434499, merge=0/234, ticks=5783/162581484, in_queue=162587268, util=100.00%
