test_io: (g=0): rw=randwrite, bs=(R) 4096B-4096B, (W) 4096B-4096B, (T) 4096B-4096B, ioengine=io_uring, iodepth=32
...
fio-3.28
Starting 4 processes

test_io: (groupid=0, jobs=4): err= 0: pid=40845: Tue Apr 22 02:23:29 2025
  write: IOPS=8323, BW=32.5MiB/s (34.1MB/s)(40.0GiB/1259813msec); 0 zone resets
    slat (nsec): min=1973, max=21598k, avg=7914.56, stdev=23167.99
    clat (usec): min=229, max=189369, avg=15153.67, stdev=8595.24
     lat (usec): min=289, max=189377, avg=15161.76, stdev=8595.56
    clat percentiles (msec):
     |  1.00th=[    5],  5.00th=[    7], 10.00th=[    8], 20.00th=[   10],
     | 30.00th=[   12], 40.00th=[   13], 50.00th=[   14], 60.00th=[   15],
     | 70.00th=[   17], 80.00th=[   19], 90.00th=[   23], 95.00th=[   29],
     | 99.00th=[   53], 99.50th=[   64], 99.90th=[   87], 99.95th=[   99],
     | 99.99th=[  131]
   bw (  KiB/s): min= 8819, max=76072, per=100.00%, avg=33793.25, stdev=2078.08, samples=9930
   iops        : min= 2204, max=19018, avg=8448.03, stdev=519.52, samples=9930
  lat (usec)   : 250=0.01%, 500=0.01%, 750=0.01%, 1000=0.01%
  lat (msec)   : 2=0.01%, 4=0.40%, 10=21.14%, 20=63.97%, 50=13.36%
  lat (msec)   : 100=1.10%, 250=0.05%
  cpu          : usr=0.83%, sys=2.05%, ctx=13966676, majf=0, minf=35
  IO depths    : 1=0.1%, 2=0.1%, 4=0.1%, 8=0.1%, 16=0.1%, 32=100.0%, >=64=0.0%
     submit    : 0=0.0%, 4=100.0%, 8=0.0%, 16=0.0%, 32=0.0%, 64=0.0%, >=64=0.0%
     complete  : 0=0.0%, 4=100.0%, 8=0.0%, 16=0.0%, 32=0.1%, 64=0.0%, >=64=0.0%
     issued rwts: total=0,10485760,0,0 short=0,0,0,0 dropped=0,0,0,0
     latency   : target=0, window=0, percentile=100.00%, depth=32

Run status group 0 (all jobs):
  WRITE: bw=32.5MiB/s (34.1MB/s), 32.5MiB/s-32.5MiB/s (34.1MB/s-34.1MB/s), io=40.0GiB (42.9GB), run=1259813-1259813msec

Disk stats (read/write):
  nbd0: ios=725/10484957, merge=0/255, ticks=4529/158649308, in_queue=158653837, util=100.00%
