test_io: (g=0): rw=randwrite, bs=(R) 4096B-4096B, (W) 4096B-4096B, (T) 4096B-4096B, ioengine=io_uring, iodepth=32
...
fio-3.28
Starting 4 processes

test_io: (groupid=0, jobs=4): err= 0: pid=38829: Mon Apr 21 18:21:42 2025
  write: IOPS=6710, BW=26.2MiB/s (27.5MB/s)(40.0GiB/1562490msec); 0 zone resets
    slat (nsec): min=1934, max=11039k, avg=8352.43, stdev=18164.68
    clat (usec): min=135, max=1733.7k, avg=18833.74, stdev=19393.29
     lat (usec): min=397, max=1733.7k, avg=18842.29, stdev=19393.66
    clat percentiles (msec):
     |  1.00th=[    5],  5.00th=[    8], 10.00th=[    9], 20.00th=[   11],
     | 30.00th=[   13], 40.00th=[   14], 50.00th=[   16], 60.00th=[   17],
     | 70.00th=[   20], 80.00th=[   23], 90.00th=[   31], 95.00th=[   40],
     | 99.00th=[   81], 99.50th=[  112], 99.90th=[  224], 99.95th=[  296],
     | 99.99th=[  510]
   bw (  KiB/s): min=  432, max=73920, per=100.00%, avg=27234.12, stdev=2820.99, samples=12322
   iops        : min=  108, max=18480, avg=6808.23, stdev=705.25, samples=12322
  lat (usec)   : 250=0.01%, 500=0.01%, 750=0.01%, 1000=0.01%
  lat (msec)   : 2=0.01%, 4=0.32%, 10=16.77%, 20=55.00%, 50=25.01%
  lat (msec)   : 100=2.27%, 250=0.55%, 500=0.06%, 750=0.01%, 1000=0.01%
  lat (msec)   : 2000=0.01%
  cpu          : usr=0.72%, sys=1.75%, ctx=12940837, majf=0, minf=50
  IO depths    : 1=0.1%, 2=0.1%, 4=0.1%, 8=0.1%, 16=0.1%, 32=100.0%, >=64=0.0%
     submit    : 0=0.0%, 4=100.0%, 8=0.0%, 16=0.0%, 32=0.0%, 64=0.0%, >=64=0.0%
     complete  : 0=0.0%, 4=100.0%, 8=0.0%, 16=0.0%, 32=0.1%, 64=0.0%, >=64=0.0%
     issued rwts: total=0,10485760,0,0 short=0,0,0,0 dropped=0,0,0,0
     latency   : target=0, window=0, percentile=100.00%, depth=32

Run status group 0 (all jobs):
  WRITE: bw=26.2MiB/s (27.5MB/s), 26.2MiB/s-26.2MiB/s (27.5MB/s-27.5MB/s), io=40.0GiB (42.9GB), run=1562490-1562490msec

Disk stats (read/write):
  nbd0: ios=665/10483628, merge=0/239, ticks=4362/197263416, in_queue=197267778, util=100.00%
