test_io: (g=0): rw=randwrite, bs=(R) 4096B-4096B, (W) 4096B-4096B, (T) 4096B-4096B, ioengine=io_uring, iodepth=32
...
fio-3.28
Starting 4 processes

test_io: (groupid=0, jobs=4): err= 0: pid=40439: Mon Apr 21 23:53:15 2025
  write: IOPS=7825, BW=30.6MiB/s (32.1MB/s)(40.0GiB/1339931msec); 0 zone resets
    slat (nsec): min=1978, max=11602k, avg=7971.25, stdev=16375.17
    clat (usec): min=268, max=261891, avg=16099.92, stdev=10265.67
     lat (usec): min=275, max=261898, avg=16108.08, stdev=10266.08
    clat percentiles (msec):
     |  1.00th=[    5],  5.00th=[    7], 10.00th=[    9], 20.00th=[   11],
     | 30.00th=[   12], 40.00th=[   13], 50.00th=[   15], 60.00th=[   16],
     | 70.00th=[   18], 80.00th=[   20], 90.00th=[   24], 95.00th=[   32],
     | 99.00th=[   63], 99.50th=[   77], 99.90th=[  109], 99.95th=[  125],
     | 99.99th=[  161]
   bw (  KiB/s): min= 5800, max=74696, per=100.00%, avg=31810.64, stdev=2249.43, samples=10548
   iops        : min= 1450, max=18674, avg=7952.47, stdev=562.37, samples=10548
  lat (usec)   : 500=0.01%, 750=0.01%, 1000=0.01%
  lat (msec)   : 2=0.01%, 4=0.32%, 10=19.41%, 20=61.95%, 50=16.55%
  lat (msec)   : 100=1.62%, 250=0.15%, 500=0.01%
  cpu          : usr=0.81%, sys=1.93%, ctx=14164728, majf=0, minf=53
  IO depths    : 1=0.1%, 2=0.1%, 4=0.1%, 8=0.1%, 16=0.1%, 32=100.0%, >=64=0.0%
     submit    : 0=0.0%, 4=100.0%, 8=0.0%, 16=0.0%, 32=0.0%, 64=0.0%, >=64=0.0%
     complete  : 0=0.0%, 4=100.0%, 8=0.0%, 16=0.0%, 32=0.1%, 64=0.0%, >=64=0.0%
     issued rwts: total=0,10485760,0,0 short=0,0,0,0 dropped=0,0,0,0
     latency   : target=0, window=0, percentile=100.00%, depth=32

Run status group 0 (all jobs):
  WRITE: bw=30.6MiB/s (32.1MB/s), 30.6MiB/s-30.6MiB/s (32.1MB/s-32.1MB/s), io=40.0GiB (42.9GB), run=1339931-1339931msec

Disk stats (read/write):
  nbd0: ios=661/10484537, merge=0/240, ticks=4416/168592508, in_queue=168596924, util=100.00%
